2025-06-13 10:55:18,921 [WARNING] Parse Model, args: nearest, keep str type
2025-06-13 10:55:18,943 [WARNING] Parse Model, args: nearest, keep str type
2025-06-13 10:55:19,015 [INFO] number of network params, total: 7.254436M, trainable: 7.235389M
2025-06-13 10:55:19,158 [INFO] Load checkpoint from [pre_models/yolov5s/yolov5s_300e_mAP376-860bcf3b.ckpt] success.
2025-06-13 10:55:30,315 [INFO] Predict result is: {'category_id': [1, 62], 'bbox': [[0.0, 168.0, 406.25, 307.0], [184.75, 178.125, 224.5, 292.375]], 'score': [0.82178, 0.2627]}
2025-06-13 10:55:30,317 [INFO] Speed: 6198.6/2.7/6201.3 ms inference/NMS/total per 640x640 image at batch-size 1;
2025-06-13 10:55:30,317 [INFO] Detect a image success.
2025-06-13 10:55:30,950 [INFO] Predict result is: {'category_id': [1, 62], 'bbox': [[0.75, 169.75, 332.25, 308.5], [183.75, 174.75, 223.0, 296.5]], 'score': [0.82471, 0.48755]}
2025-06-13 10:55:30,952 [INFO] Speed: 575.5/2.1/577.6 ms inference/NMS/total per 640x640 image at batch-size 1;
2025-06-13 10:55:30,952 [INFO] Detect a image success.
2025-06-13 10:55:31,538 [INFO] Predict result is: {'category_id': [1, 62, 1], 'bbox': [[0.0, 168.5, 329.0, 310.0], [184.0, 175.375, 223.0, 297.125], [89.375, 158.875, 108.5, 112.125]], 'score': [0.76807, 0.56641, 0.29932]}
2025-06-13 10:55:31,539 [INFO] Speed: 560.2/2.1/562.3 ms inference/NMS/total per 640x640 image at batch-size 1;
2025-06-13 10:55:31,539 [INFO] Detect a image success.
2025-06-13 10:55:32,150 [INFO] Predict result is: {'category_id': [1, 62], 'bbox': [[1.25, 170.75, 327.0, 307.5], [184.0, 175.75, 223.0, 297.5]], 'score': [0.77002, 0.52832]}
2025-06-13 10:55:32,151 [INFO] Speed: 584.8/2.0/586.8 ms inference/NMS/total per 640x640 image at batch-size 1;
2025-06-13 10:55:32,151 [INFO] Detect a image success.
2025-06-13 10:55:32,747 [INFO] Predict result is: {'category_id': [1, 62], 'bbox': [[0.875, 170.5, 330.625, 307.5], [184.625, 176.375, 222.875, 297.125]], 'score': [0.77832, 0.55078]}
2025-06-13 10:55:32,747 [INFO] Speed: 571.4/1.0/572.4 ms inference/NMS/total per 640x640 image at batch-size 1;
2025-06-13 10:55:32,747 [INFO] Detect a image success.
2025-06-13 10:55:33,148 [INFO] Predict result is: {'category_id': [1, 62, 1], 'bbox': [[0.0, 171.625, 331.75, 305.875], [184.5, 176.0, 223.5, 297.5], [89.625, 157.875, 106.75, 112.125]], 'score': [0.79541, 0.59717, 0.26221]}
2025-06-13 10:55:33,148 [INFO] Speed: 382.4/2.1/384.5 ms inference/NMS/total per 640x640 image at batch-size 1;
2025-06-13 10:55:33,148 [INFO] Detect a image success.
2025-06-13 10:55:33,551 [INFO] Predict result is: {'category_id': [1, 62], 'bbox': [[0.0, 170.25, 332.75, 307.5], [184.25, 175.625, 223.0, 298.375]], 'score': [0.77441, 0.58887]}
2025-06-13 10:55:33,552 [INFO] Speed: 380.8/2.1/382.9 ms inference/NMS/total per 640x640 image at batch-size 1;
2025-06-13 10:55:33,552 [INFO] Detect a image success.
2025-06-13 10:55:33,966 [INFO] Predict result is: {'category_id': [1, 62, 1], 'bbox': [[0.0, 172.125, 331.5, 306.375], [184.625, 175.875, 223.875, 298.625], [86.625, 159.25, 111.0, 112.0]], 'score': [0.77979, 0.60986, 0.28223]}
2025-06-13 10:55:33,967 [INFO] Speed: 393.6/2.1/395.8 ms inference/NMS/total per 640x640 image at batch-size 1;
2025-06-13 10:55:33,967 [INFO] Detect a image success.
2025-06-13 10:55:34,388 [INFO] Predict result is: {'category_id': [1, 62, 1], 'bbox': [[0.0, 171.25, 330.5, 307.0], [184.75, 175.375, 222.5, 298.125], [89.562, 158.5, 106.688, 111.75]], 'score': [0.82275, 0.58545, 0.27954]}
2025-06-13 10:55:34,388 [INFO] Speed: 396.4/2.0/398.4 ms inference/NMS/total per 640x640 image at batch-size 1;
2025-06-13 10:55:34,388 [INFO] Detect a image success.
2025-06-13 10:55:34,816 [INFO] Predict result is: {'category_id': [1, 62], 'bbox': [[0.25, 173.375, 329.75, 305.125], [183.875, 175.625, 223.625, 296.375]], 'score': [0.80469, 0.53809]}
2025-06-13 10:55:34,817 [INFO] Speed: 400.7/2.5/403.2 ms inference/NMS/total per 640x640 image at batch-size 1;
2025-06-13 10:55:34,817 [INFO] Detect a image success.
2025-06-13 10:55:35,157 [INFO] Predict result is: {'category_id': [1, 62], 'bbox': [[0.0, 173.125, 330.75, 304.875], [184.5, 175.0, 223.0, 298.0]], 'score': [0.78271, 0.51025]}
2025-06-13 10:55:35,158 [INFO] Speed: 319.6/2.0/321.6 ms inference/NMS/total per 640x640 image at batch-size 1;
2025-06-13 10:55:35,158 [INFO] Detect a image success.
2025-06-13 10:55:35,505 [INFO] Predict result is: {'category_id': [1, 62, 1], 'bbox': [[0.0, 172.625, 329.5, 305.875], [184.375, 175.625, 222.625, 298.375], [87.75, 156.0, 110.0, 116.5]], 'score': [0.80029, 0.53809, 0.40186]}
2025-06-13 10:55:35,506 [INFO] Speed: 324.4/2.6/327.0 ms inference/NMS/total per 640x640 image at batch-size 1;
2025-06-13 10:55:35,506 [INFO] Detect a image success.
2025-06-13 10:55:35,868 [INFO] Predict result is: {'category_id': [1, 62, 1], 'bbox': [[0.0, 172.875, 330.75, 305.125], [185.0, 175.125, 222.0, 298.875], [87.312, 158.0, 108.938, 113.0]], 'score': [0.78955, 0.56689, 0.26562]}
2025-06-13 10:55:35,869 [INFO] Speed: 332.1/2.0/334.1 ms inference/NMS/total per 640x640 image at batch-size 1;
2025-06-13 10:55:35,869 [INFO] Detect a image success.
2025-06-13 10:55:36,221 [INFO] Predict result is: {'category_id': [1, 62, 1], 'bbox': [[0.0, 172.875, 329.75, 305.125], [185.75, 175.25, 221.5, 300.5], [84.625, 159.125, 113.0, 112.875]], 'score': [0.80713, 0.58398, 0.25635]}
2025-06-13 10:55:36,222 [INFO] Speed: 326.7/2.7/329.4 ms inference/NMS/total per 640x640 image at batch-size 1;
2025-06-13 10:55:36,222 [INFO] Detect a image success.
2025-06-13 10:55:36,576 [INFO] Predict result is: {'category_id': [1, 62, 1], 'bbox': [[0.0, 173.375, 330.5, 304.125], [185.375, 175.125, 221.125, 299.375], [85.5, 157.875, 110.75, 113.125]], 'score': [0.81006, 0.52344, 0.34961]}
2025-06-13 10:55:36,577 [INFO] Speed: 325.9/2.0/327.9 ms inference/NMS/total per 640x640 image at batch-size 1;
2025-06-13 10:55:36,577 [INFO] Detect a image success.
2025-06-13 10:55:36,875 [INFO] Predict result is: {'category_id': [1, 62, 1], 'bbox': [[0.0, 172.875, 329.25, 305.125], [185.125, 175.375, 221.875, 298.625], [83.688, 156.75, 113.562, 116.25]], 'score': [0.8042, 0.56201, 0.47876]}
2025-06-13 10:55:36,876 [INFO] Speed: 276.9/2.7/279.7 ms inference/NMS/total per 640x640 image at batch-size 1;
2025-06-13 10:55:36,876 [INFO] Detect a image success.
2025-06-13 10:55:37,188 [INFO] Predict result is: {'category_id': [1, 62, 1], 'bbox': [[0.125, 176.0, 327.375, 302.0], [186.125, 175.875, 220.375, 299.125], [82.812, 158.25, 113.938, 113.5]], 'score': [0.83789, 0.55908, 0.30005]}
2025-06-13 10:55:37,189 [INFO] Speed: 287.4/2.0/289.5 ms inference/NMS/total per 640x640 image at batch-size 1;
2025-06-13 10:55:37,189 [INFO] Detect a image success.
2025-06-13 10:55:37,500 [INFO] Predict result is: {'category_id': [1, 62, 1], 'bbox': [[0.0, 172.125, 331.5, 305.875], [184.0, 175.375, 222.5, 298.625], [88.125, 157.625, 107.75, 113.375]], 'score': [0.78711, 0.51904, 0.34546]}
2025-06-13 10:55:37,500 [INFO] Speed: 285.8/3.0/288.8 ms inference/NMS/total per 640x640 image at batch-size 1;
2025-06-13 10:55:37,500 [INFO] Detect a image success.
2025-06-13 10:55:37,808 [INFO] Predict result is: {'category_id': [1, 62], 'bbox': [[0.75, 170.875, 332.25, 306.125], [183.625, 174.875, 223.875, 298.125]], 'score': [0.81836, 0.56396]}
2025-06-13 10:55:37,808 [INFO] Speed: 283.5/2.7/286.2 ms inference/NMS/total per 640x640 image at batch-size 1;
2025-06-13 10:55:37,809 [INFO] Detect a image success.
2025-06-13 10:55:38,120 [INFO] Predict result is: {'category_id': [1, 62], 'bbox': [[0.5, 171.875, 332.25, 305.625], [184.25, 175.75, 223.0, 297.5]], 'score': [0.80811, 0.53174]}
2025-06-13 10:55:38,120 [INFO] Speed: 282.0/1.9/283.9 ms inference/NMS/total per 640x640 image at batch-size 1;
2025-06-13 10:55:38,120 [INFO] Detect a image success.
2025-06-13 10:55:38,406 [INFO] Predict result is: {'category_id': [1, 62], 'bbox': [[0.0, 170.0, 335.5, 307.5], [187.5, 176.5, 220.0, 298.0]], 'score': [0.81055, 0.5918]}
2025-06-13 10:55:38,407 [INFO] Speed: 258.2/2.0/260.2 ms inference/NMS/total per 640x640 image at batch-size 1;
2025-06-13 10:55:38,407 [INFO] Detect a image success.
2025-06-13 10:55:38,692 [INFO] Predict result is: {'category_id': [1, 62, 1], 'bbox': [[0.0, 169.5, 333.5, 308.5], [184.0, 176.5, 224.0, 297.5], [86.625, 158.875, 111.25, 112.125]], 'score': [0.78906, 0.59473, 0.2583]}
2025-06-13 10:55:38,693 [INFO] Speed: 263.9/2.5/266.4 ms inference/NMS/total per 640x640 image at batch-size 1;
2025-06-13 10:55:38,693 [INFO] Detect a image success.
2025-06-13 10:55:38,980 [INFO] Predict result is: {'category_id': [1, 62], 'bbox': [[1.75, 165.625, 332.0, 312.375], [183.25, 176.0, 224.5, 296.5]], 'score': [0.78174, 0.53467]}
2025-06-13 10:55:38,981 [INFO] Speed: 256.2/2.0/258.2 ms inference/NMS/total per 640x640 image at batch-size 1;
2025-06-13 10:55:38,981 [INFO] Detect a image success.
2025-06-13 10:55:39,261 [INFO] Predict result is: {'category_id': [1, 62, 1], 'bbox': [[0.625, 167.625, 332.875, 310.375], [186.5, 177.625, 221.5, 297.375], [89.812, 158.0, 106.688, 112.25]], 'score': [0.78613, 0.58545, 0.28564]}
2025-06-13 10:55:39,261 [INFO] Speed: 254.5/2.0/256.5 ms inference/NMS/total per 640x640 image at batch-size 1;
2025-06-13 10:55:39,261 [INFO] Detect a image success.
2025-06-13 10:55:39,547 [INFO] Predict result is: {'category_id': [1, 62], 'bbox': [[0.375, 166.25, 334.625, 311.5], [187.5, 175.875, 221.0, 300.125]], 'score': [0.73291, 0.60205]}
2025-06-13 10:55:39,548 [INFO] Speed: 262.0/3.0/265.0 ms inference/NMS/total per 640x640 image at batch-size 1;
2025-06-13 10:55:39,548 [INFO] Detect a image success.
2025-06-13 10:55:39,850 [INFO] Predict result is: {'category_id': [1, 62], 'bbox': [[0.75, 167.875, 333.5, 310.125], [183.875, 175.25, 224.125, 296.5]], 'score': [0.77734, 0.5459]}
2025-06-13 10:55:39,850 [INFO] Speed: 271.4/2.0/273.4 ms inference/NMS/total per 640x640 image at batch-size 1;
2025-06-13 10:55:39,851 [INFO] Detect a image success.
2025-06-13 10:55:40,154 [INFO] Predict result is: {'category_id': [1, 62], 'bbox': [[0.625, 163.375, 334.875, 314.625], [184.25, 175.75, 223.0, 296.5]], 'score': [0.75732, 0.54443]}
2025-06-13 10:55:40,155 [INFO] Speed: 274.8/2.5/277.3 ms inference/NMS/total per 640x640 image at batch-size 1;
2025-06-13 10:55:40,155 [INFO] Detect a image success.
2025-06-13 10:55:40,453 [INFO] Predict result is: {'category_id': [1, 62, 1], 'bbox': [[1.5, 162.875, 334.75, 314.625], [183.375, 175.5, 224.125, 297.5], [89.5, 158.625, 107.75, 112.375]], 'score': [0.76953, 0.56787, 0.28491]}
2025-06-13 10:55:40,453 [INFO] Speed: 274.6/3.0/277.6 ms inference/NMS/total per 640x640 image at batch-size 1;
2025-06-13 10:55:40,453 [INFO] Detect a image success.
2025-06-13 10:55:40,789 [INFO] Predict result is: {'category_id': [1, 62], 'bbox': [[0.125, 167.625, 334.875, 310.375], [184.625, 175.125, 222.875, 297.375]], 'score': [0.79736, 0.54785]}
2025-06-13 10:55:40,790 [INFO] Speed: 295.1/3.0/298.1 ms inference/NMS/total per 640x640 image at batch-size 1;
2025-06-13 10:55:40,790 [INFO] Detect a image success.
2025-06-13 10:55:41,129 [INFO] Predict result is: {'category_id': [1, 62], 'bbox': [[1.0, 166.5, 333.5, 311.5], [183.75, 176.25, 224.5, 296.5]], 'score': [0.81104, 0.60986]}
2025-06-13 10:55:41,129 [INFO] Speed: 289.5/2.5/292.0 ms inference/NMS/total per 640x640 image at batch-size 1;
2025-06-13 10:55:41,130 [INFO] Detect a image success.
2025-06-13 10:55:41,458 [INFO] Predict result is: {'category_id': [1, 62], 'bbox': [[0.0, 161.75, 337.0, 316.0], [187.5, 175.625, 221.0, 298.375]], 'score': [0.76611, 0.61035]}
2025-06-13 10:55:41,459 [INFO] Speed: 291.5/2.0/293.5 ms inference/NMS/total per 640x640 image at batch-size 1;
2025-06-13 10:55:41,459 [INFO] Detect a image success.
2025-06-13 10:55:41,794 [INFO] Predict result is: {'category_id': [1, 62, 62], 'bbox': [[0.0, 166.875, 337.0, 310.625], [185.25, 174.875, 221.5, 294.625], [196.25, 176.625, 167.0, 108.875]], 'score': [0.80908, 0.54932, 0.26709]}
2025-06-13 10:55:41,795 [INFO] Speed: 286.3/2.5/288.8 ms inference/NMS/total per 640x640 image at batch-size 1;
2025-06-13 10:55:41,795 [INFO] Detect a image success.
2025-06-13 10:55:42,116 [INFO] Predict result is: {'category_id': [1, 62], 'bbox': [[0.375, 170.0, 335.625, 308.0], [185.0, 175.875, 223.5, 297.125]], 'score': [0.81738, 0.60156]}
2025-06-13 10:55:42,116 [INFO] Speed: 282.1/2.1/284.1 ms inference/NMS/total per 640x640 image at batch-size 1;
2025-06-13 10:55:42,117 [INFO] Detect a image success.
2025-06-13 10:55:42,452 [INFO] Predict result is: {'category_id': [1, 62], 'bbox': [[0.0, 171.125, 338.25, 306.375], [185.25, 175.625, 222.0, 298.375]], 'score': [0.80469, 0.60449]}
2025-06-13 10:55:42,453 [INFO] Speed: 292.8/3.0/295.8 ms inference/NMS/total per 640x640 image at batch-size 1;
2025-06-13 10:55:42,453 [INFO] Detect a image success.
2025-06-13 10:55:42,780 [INFO] Predict result is: {'category_id': [1, 62], 'bbox': [[0.0, 166.75, 339.5, 311.5], [184.625, 174.875, 222.875, 296.125]], 'score': [0.77783, 0.59668]}
2025-06-13 10:55:42,780 [INFO] Speed: 286.8/2.0/288.8 ms inference/NMS/total per 640x640 image at batch-size 1;
2025-06-13 10:55:42,781 [INFO] Detect a image success.
2025-06-13 10:55:43,120 [INFO] Predict result is: {'category_id': [1, 62], 'bbox': [[0.0, 170.75, 336.0, 307.5], [185.875, 175.625, 221.625, 298.375]], 'score': [0.81738, 0.6001]}
2025-06-13 10:55:43,121 [INFO] Speed: 296.0/2.0/298.0 ms inference/NMS/total per 640x640 image at batch-size 1;
2025-06-13 10:55:43,121 [INFO] Detect a image success.
2025-06-13 10:55:43,454 [INFO] Predict result is: {'category_id': [1, 62], 'bbox': [[0.0, 169.75, 340.0, 308.0], [187.25, 175.875, 220.0, 298.625]], 'score': [0.80713, 0.56299]}
2025-06-13 10:55:43,454 [INFO] Speed: 283.8/3.0/286.9 ms inference/NMS/total per 640x640 image at batch-size 1;
2025-06-13 10:55:43,455 [INFO] Detect a image success.
2025-06-13 10:55:43,776 [INFO] Predict result is: {'category_id': [1, 62], 'bbox': [[0.0, 168.375, 338.5, 309.125], [184.75, 175.625, 223.5, 299.375]], 'score': [0.7915, 0.57129]}
2025-06-13 10:55:43,777 [INFO] Speed: 282.5/2.0/284.5 ms inference/NMS/total per 640x640 image at batch-size 1;
2025-06-13 10:55:43,777 [INFO] Detect a image success.
2025-06-13 10:55:44,100 [INFO] Predict result is: {'category_id': [1, 62], 'bbox': [[0.0, 171.0, 337.5, 307.0], [184.625, 175.625, 222.875, 295.875]], 'score': [0.82275, 0.61084]}
2025-06-13 10:55:44,101 [INFO] Speed: 277.9/3.0/280.9 ms inference/NMS/total per 640x640 image at batch-size 1;
2025-06-13 10:55:44,101 [INFO] Detect a image success.
2025-06-13 10:55:44,436 [INFO] Predict result is: {'category_id': [1, 62], 'bbox': [[0.0, 170.0, 338.0, 307.5], [186.0, 177.75, 221.5, 296.0]], 'score': [0.79688, 0.58105]}
2025-06-13 10:55:44,437 [INFO] Speed: 291.1/2.0/293.1 ms inference/NMS/total per 640x640 image at batch-size 1;
2025-06-13 10:55:44,437 [INFO] Detect a image success.
2025-06-13 10:55:44,779 [INFO] Predict result is: {'category_id': [1, 62], 'bbox': [[0.0, 172.875, 335.5, 305.125], [184.875, 175.875, 222.625, 298.125]], 'score': [0.80078, 0.61084]}
2025-06-13 10:55:44,781 [INFO] Speed: 294.2/2.0/296.2 ms inference/NMS/total per 640x640 image at batch-size 1;
2025-06-13 10:55:44,781 [INFO] Detect a image success.
2025-06-13 10:55:45,111 [INFO] Predict result is: {'category_id': [1, 62], 'bbox': [[0.0, 177.625, 335.0, 300.375], [184.125, 175.875, 222.875, 296.125]], 'score': [0.84668, 0.5752]}
2025-06-13 10:55:45,111 [INFO] Speed: 289.2/3.0/292.3 ms inference/NMS/total per 640x640 image at batch-size 1;
2025-06-13 10:55:45,112 [INFO] Detect a image success.
2025-06-13 10:55:45,443 [INFO] Predict result is: {'category_id': [1, 62, 1], 'bbox': [[0.0, 179.625, 333.25, 298.375], [184.5, 175.125, 222.0, 295.875], [87.125, 156.75, 110.5, 114.75]], 'score': [0.83643, 0.56299, 0.31738]}
2025-06-13 10:55:45,444 [INFO] Speed: 289.0/3.0/292.0 ms inference/NMS/total per 640x640 image at batch-size 1;
2025-06-13 10:55:45,445 [INFO] Detect a image success.
2025-06-13 10:55:45,773 [INFO] Predict result is: {'category_id': [1, 62, 1], 'bbox': [[0.0, 180.25, 335.0, 298.0], [185.0, 174.625, 221.5, 296.375], [86.312, 158.5, 109.438, 113.75]], 'score': [0.83936, 0.59912, 0.4939]}
2025-06-13 10:55:45,774 [INFO] Speed: 289.2/2.0/291.2 ms inference/NMS/total per 640x640 image at batch-size 1;
2025-06-13 10:55:45,775 [INFO] Detect a image success.
2025-06-13 10:55:46,105 [INFO] Predict result is: {'category_id': [1, 62, 1], 'bbox': [[0.0, 184.375, 335.75, 293.125], [186.0, 174.0, 221.0, 297.5], [81.375, 158.125, 114.75, 114.875]], 'score': [0.82764, 0.53174, 0.35352]}
2025-06-13 10:55:46,105 [INFO] Speed: 291.9/2.0/293.9 ms inference/NMS/total per 640x640 image at batch-size 1;
2025-06-13 10:55:46,106 [INFO] Detect a image success.
2025-06-13 10:55:46,458 [INFO] Predict result is: {'category_id': [1, 62, 1], 'bbox': [[0.0, 184.0, 337.5, 293.5], [184.25, 174.125, 223.0, 298.875], [80.75, 157.25, 115.25, 116.25]], 'score': [0.80908, 0.50928, 0.37207]}
2025-06-13 10:55:46,458 [INFO] Speed: 302.5/2.5/304.9 ms inference/NMS/total per 640x640 image at batch-size 1;
2025-06-13 10:55:46,458 [INFO] Detect a image success.
2025-06-13 10:55:46,786 [INFO] Predict result is: {'category_id': [1, 1, 62], 'bbox': [[0.0, 180.0, 334.25, 297.5], [78.0, 157.5, 118.0, 115.5], [185.375, 172.5, 220.625, 297.5]], 'score': [0.83398, 0.48413, 0.42114]}
2025-06-13 10:55:46,786 [INFO] Speed: 288.4/3.1/291.5 ms inference/NMS/total per 640x640 image at batch-size 1;
2025-06-13 10:55:46,787 [INFO] Detect a image success.
2025-06-13 10:55:47,110 [INFO] Predict result is: {'category_id': [1, 62, 1], 'bbox': [[0.0, 184.0, 337.5, 294.0], [184.25, 173.875, 222.5, 297.125], [80.625, 157.75, 115.5, 116.0]], 'score': [0.81104, 0.54541, 0.49658]}
2025-06-13 10:55:47,111 [INFO] Speed: 286.9/2.0/288.9 ms inference/NMS/total per 640x640 image at batch-size 1;
2025-06-13 10:55:47,111 [INFO] Detect a image success.
2025-06-13 10:55:47,442 [INFO] Predict result is: {'category_id': [1, 62, 1], 'bbox': [[0.0, 183.375, 339.0, 294.625], [184.0, 175.5, 223.5, 296.5], [82.0, 158.0, 114.0, 115.75]], 'score': [0.81543, 0.54004, 0.47363]}
2025-06-13 10:55:47,442 [INFO] Speed: 286.7/2.0/288.7 ms inference/NMS/total per 640x640 image at batch-size 1;
2025-06-13 10:55:47,443 [INFO] Detect a image success.
2025-06-13 10:55:47,778 [INFO] Predict result is: {'category_id': [1, 62, 1], 'bbox': [[0.0, 183.5, 336.25, 294.0], [184.125, 174.75, 222.875, 295.0], [85.0, 157.75, 111.25, 115.25]], 'score': [0.83789, 0.52637, 0.38354]}
2025-06-13 10:55:47,779 [INFO] Speed: 292.3/3.0/295.3 ms inference/NMS/total per 640x640 image at batch-size 1;
2025-06-13 10:55:47,779 [INFO] Detect a image success.
2025-06-13 10:55:48,123 [INFO] Predict result is: {'category_id': [1, 62, 1], 'bbox': [[0.0, 182.375, 335.5, 294.625], [184.5, 174.25, 221.5, 296.5], [83.25, 158.0, 113.0, 114.75]], 'score': [0.82422, 0.50293, 0.34399]}
2025-06-13 10:55:48,124 [INFO] Speed: 295.2/3.0/298.2 ms inference/NMS/total per 640x640 image at batch-size 1;
2025-06-13 10:55:48,125 [INFO] Detect a image success.
2025-06-13 10:55:48,461 [INFO] Predict result is: {'category_id': [1, 62, 1], 'bbox': [[0.0, 179.75, 336.0, 297.5], [184.5, 174.625, 222.0, 294.875], [80.375, 157.5, 116.0, 115.5]], 'score': [0.82715, 0.53223, 0.36377]}
2025-06-13 10:55:48,461 [INFO] Speed: 288.8/3.5/292.3 ms inference/NMS/total per 640x640 image at batch-size 1;
2025-06-13 10:55:48,462 [INFO] Detect a image success.
2025-06-13 10:55:48,796 [INFO] Predict result is: {'category_id': [1, 62, 1], 'bbox': [[0.0, 181.25, 336.75, 296.5], [184.875, 173.75, 221.625, 298.0], [82.938, 158.0, 113.312, 115.25]], 'score': [0.81641, 0.50635, 0.45996]}
2025-06-13 10:55:48,796 [INFO] Speed: 302.9/2.5/305.4 ms inference/NMS/total per 640x640 image at batch-size 1;
2025-06-13 10:55:48,798 [INFO] Detect a image success.
2025-06-13 10:55:49,114 [INFO] Predict result is: {'category_id': [1, 62, 1], 'bbox': [[0.0, 179.875, 335.5, 298.125], [185.0, 175.125, 222.5, 295.875], [82.688, 157.5, 113.062, 115.25]], 'score': [0.82764, 0.56152, 0.36108]}
2025-06-13 10:55:49,114 [INFO] Speed: 290.5/3.0/293.5 ms inference/NMS/total per 640x640 image at batch-size 1;
2025-06-13 10:55:49,114 [INFO] Detect a image success.
2025-06-13 10:55:49,443 [INFO] Predict result is: {'category_id': [1, 62, 1], 'bbox': [[0.0, 180.625, 336.25, 297.375], [185.0, 174.5, 221.0, 294.0], [85.375, 158.125, 110.75, 114.375]], 'score': [0.83154, 0.50098, 0.33643]}
2025-06-13 10:55:49,444 [INFO] Speed: 293.6/2.6/296.2 ms inference/NMS/total per 640x640 image at batch-size 1;
2025-06-13 10:55:49,444 [INFO] Detect a image success.
2025-06-13 10:55:49,780 [INFO] Predict result is: {'category_id': [1, 62, 1], 'bbox': [[0.0, 180.375, 335.0, 298.125], [184.75, 175.125, 222.0, 297.375], [84.0, 157.625, 112.0, 114.625]], 'score': [0.84229, 0.58789, 0.40234]}
2025-06-13 10:55:49,781 [INFO] Speed: 289.0/2.0/291.0 ms inference/NMS/total per 640x640 image at batch-size 1;
2025-06-13 10:55:49,781 [INFO] Detect a image success.
2025-06-13 10:55:50,118 [INFO] Predict result is: {'category_id': [1, 62, 1], 'bbox': [[0.0, 180.0, 337.0, 298.0], [185.0, 174.375, 222.0, 297.125], [81.375, 157.125, 116.25, 116.125]], 'score': [0.8374, 0.59473, 0.43286]}
2025-06-13 10:55:50,119 [INFO] Speed: 297.1/2.5/299.6 ms inference/NMS/total per 640x640 image at batch-size 1;
2025-06-13 10:55:50,119 [INFO] Detect a image success.
2025-06-13 10:55:50,460 [INFO] Predict result is: {'category_id': [1, 62, 1], 'bbox': [[0.0, 178.875, 336.5, 299.125], [185.0, 174.75, 221.0, 295.0], [83.812, 157.5, 111.688, 114.75]], 'score': [0.83594, 0.55811, 0.43579]}
2025-06-13 10:55:50,460 [INFO] Speed: 293.5/2.0/295.5 ms inference/NMS/total per 640x640 image at batch-size 1;
2025-06-13 10:55:50,461 [INFO] Detect a image success.
2025-06-13 10:55:50,799 [INFO] Predict result is: {'category_id': [1, 62, 1], 'bbox': [[0.0, 179.625, 336.5, 298.375], [185.75, 174.875, 221.5, 297.125], [81.938, 156.875, 115.812, 116.625]], 'score': [0.83887, 0.59619, 0.47437]}
2025-06-13 10:55:50,800 [INFO] Speed: 292.4/3.5/295.9 ms inference/NMS/total per 640x640 image at batch-size 1;
2025-06-13 10:55:50,800 [INFO] Detect a image success.
2025-06-13 10:55:51,119 [INFO] Predict result is: {'category_id': [1, 62, 1], 'bbox': [[0.0, 180.25, 337.0, 297.5], [185.0, 174.75, 221.5, 297.5], [84.75, 158.25, 110.75, 114.25]], 'score': [0.8418, 0.55566, 0.37305]}
2025-06-13 10:55:51,120 [INFO] Speed: 284.0/2.7/286.7 ms inference/NMS/total per 640x640 image at batch-size 1;
2025-06-13 10:55:51,120 [INFO] Detect a image success.
2025-06-13 10:55:51,458 [INFO] Predict result is: {'category_id': [1, 62, 1], 'bbox': [[0.0, 180.0, 338.5, 298.0], [185.75, 175.5, 220.5, 295.0], [86.375, 157.5, 109.5, 114.5]], 'score': [0.85693, 0.5708, 0.37134]}
2025-06-13 10:55:51,459 [INFO] Speed: 293.0/2.0/295.0 ms inference/NMS/total per 640x640 image at batch-size 1;
2025-06-13 10:55:51,459 [INFO] Detect a image success.
2025-06-13 10:55:51,799 [INFO] Predict result is: {'category_id': [1, 62, 1], 'bbox': [[0.0, 181.25, 339.0, 297.0], [184.0, 175.5, 223.5, 296.5], [85.25, 158.125, 111.25, 113.125]], 'score': [0.85059, 0.58203, 0.29517]}
2025-06-13 10:55:51,800 [INFO] Speed: 295.1/2.0/297.1 ms inference/NMS/total per 640x640 image at batch-size 1;
2025-06-13 10:55:51,800 [INFO] Detect a image success.
2025-06-13 10:55:52,144 [INFO] Predict result is: {'category_id': [1, 62], 'bbox': [[0.0, 181.0, 339.5, 297.0], [183.5, 174.25, 223.5, 295.0]], 'score': [0.83643, 0.53467]}
2025-06-13 10:55:52,144 [INFO] Speed: 291.6/3.0/294.6 ms inference/NMS/total per 640x640 image at batch-size 1;
2025-06-13 10:55:52,144 [INFO] Detect a image success.
2025-06-13 10:55:52,485 [INFO] Predict result is: {'category_id': [1, 62, 1], 'bbox': [[0.5, 176.5, 339.75, 301.5], [184.0, 174.75, 223.0, 295.5], [87.25, 156.5, 110.5, 114.5]], 'score': [0.83398, 0.53809, 0.26855]}
2025-06-13 10:55:52,485 [INFO] Speed: 294.6/3.1/297.7 ms inference/NMS/total per 640x640 image at batch-size 1;
2025-06-13 10:55:52,486 [INFO] Detect a image success.
2025-06-13 10:55:52,832 [INFO] Predict result is: {'category_id': [1, 62], 'bbox': [[0.0, 179.75, 340.5, 298.0], [186.75, 174.75, 221.5, 297.5]], 'score': [0.83545, 0.64551]}
2025-06-13 10:55:52,832 [INFO] Speed: 296.0/2.0/298.0 ms inference/NMS/total per 640x640 image at batch-size 1;
2025-06-13 10:55:52,832 [INFO] Detect a image success.
2025-06-13 10:55:53,174 [INFO] Predict result is: {'category_id': [1, 62, 1], 'bbox': [[0.0, 175.5, 330.25, 302.0], [186.125, 175.25, 221.375, 300.0], [86.75, 158.0, 109.75, 114.0]], 'score': [0.80029, 0.54102, 0.38574]}
2025-06-13 10:55:53,174 [INFO] Speed: 298.7/2.0/300.7 ms inference/NMS/total per 640x640 image at batch-size 1;
2025-06-13 10:55:53,175 [INFO] Detect a image success.
2025-06-13 10:55:53,522 [INFO] Predict result is: {'category_id': [1, 62], 'bbox': [[3.125, 147.0, 333.875, 333.0], [188.0, 175.125, 223.0, 298.875]], 'score': [0.82715, 0.58447]}
2025-06-13 10:55:53,522 [INFO] Speed: 298.6/2.0/300.6 ms inference/NMS/total per 640x640 image at batch-size 1;
2025-06-13 10:55:53,522 [INFO] Detect a image success.
2025-06-13 10:55:53,851 [INFO] Predict result is: {'category_id': [1, 62, 1], 'bbox': [[4.625, 143.375, 373.875, 333.625], [200.375, 175.5, 222.625, 300.5], [35.0, 255.25, 326.25, 224.75]], 'score': [0.58936, 0.58887, 0.29199]}
2025-06-13 10:55:53,852 [INFO] Speed: 285.1/2.5/287.6 ms inference/NMS/total per 640x640 image at batch-size 1;
2025-06-13 10:55:53,852 [INFO] Detect a image success.
2025-06-13 10:55:54,224 [INFO] Predict result is: {'category_id': [1], 'bbox': [[14.375, 122.25, 390.625, 356.0]], 'score': [0.73291]}
2025-06-13 10:55:54,224 [INFO] Speed: 331.5/2.6/334.1 ms inference/NMS/total per 640x640 image at batch-size 1;
2025-06-13 10:55:54,225 [INFO] Detect a image success.
2025-06-13 10:55:54,570 [INFO] Predict result is: {'category_id': [1, 62, 62], 'bbox': [[115.25, 115.25, 334.0, 362.5], [328.75, 267.5, 96.0, 75.0], [427.5, 277.5, 159.5, 202.5]], 'score': [0.72656, 0.50488, 0.43848]}
2025-06-13 10:55:54,571 [INFO] Speed: 299.9/2.0/301.9 ms inference/NMS/total per 640x640 image at batch-size 1;
2025-06-13 10:55:54,571 [INFO] Detect a image success.
2025-06-13 10:55:54,912 [INFO] Predict result is: {'category_id': [1, 62, 62], 'bbox': [[133.125, 113.25, 341.875, 364.5], [385.0, 270.0, 41.5, 70.0], [427.5, 278.25, 160.0, 201.75]], 'score': [0.82275, 0.41724, 0.38232]}
2025-06-13 10:55:54,914 [INFO] Speed: 303.4/3.0/306.4 ms inference/NMS/total per 640x640 image at batch-size 1;
2025-06-13 10:55:54,914 [INFO] Detect a image success.
2025-06-13 10:55:55,263 [INFO] Predict result is: {'category_id': [1, 62], 'bbox': [[136.75, 115.75, 350.0, 362.5], [164.0, 262.0, 71.0, 129.0]], 'score': [0.84033, 0.35571]}
2025-06-13 10:55:55,263 [INFO] Speed: 311.8/3.0/314.8 ms inference/NMS/total per 640x640 image at batch-size 1;
2025-06-13 10:55:55,264 [INFO] Detect a image success.
2025-06-13 10:55:55,592 [INFO] Predict result is: {'category_id': [1, 62], 'bbox': [[144.0, 112.0, 344.0, 365.5], [163.125, 262.5, 82.75, 130.0]], 'score': [0.81055, 0.26099]}
2025-06-13 10:55:55,594 [INFO] Speed: 298.5/2.0/300.5 ms inference/NMS/total per 640x640 image at batch-size 1;
2025-06-13 10:55:55,594 [INFO] Detect a image success.
2025-06-13 10:55:56,036 [INFO] Predict result is: {'category_id': [1, 62], 'bbox': [[144.875, 110.5, 343.125, 368.0], [162.375, 263.75, 84.75, 132.0]], 'score': [0.83887, 0.38306]}
2025-06-13 10:55:56,036 [INFO] Speed: 279.4/2.5/281.9 ms inference/NMS/total per 640x640 image at batch-size 1;
2025-06-13 10:55:56,036 [INFO] Detect a image success.
2025-06-13 10:55:56,348 [INFO] Predict result is: {'category_id': [1, 62], 'bbox': [[142.5, 105.625, 345.5, 372.875], [162.125, 262.75, 84.25, 133.5]], 'score': [0.79688, 0.28638]}
2025-06-13 10:55:56,348 [INFO] Speed: 277.5/3.6/281.1 ms inference/NMS/total per 640x640 image at batch-size 1;
2025-06-13 10:55:56,349 [INFO] Detect a image success.
2025-06-13 10:55:56,654 [INFO] Predict result is: {'category_id': [1, 62], 'bbox': [[140.75, 105.375, 347.5, 372.125], [162.25, 263.0, 85.25, 129.5]], 'score': [0.79053, 0.27319]}
2025-06-13 10:55:56,655 [INFO] Speed: 279.2/2.6/281.8 ms inference/NMS/total per 640x640 image at batch-size 1;
2025-06-13 10:55:56,655 [INFO] Detect a image success.
2025-06-13 10:55:56,967 [INFO] Predict result is: {'category_id': [1, 62, 62], 'bbox': [[146.75, 89.375, 336.5, 390.625], [388.25, 270.5, 36.5, 46.5], [162.25, 263.75, 99.5, 129.5]], 'score': [0.7959, 0.48779, 0.38306]}
2025-06-13 10:55:56,967 [INFO] Speed: 280.1/2.6/282.7 ms inference/NMS/total per 640x640 image at batch-size 1;
2025-06-13 10:55:56,968 [INFO] Detect a image success.
2025-06-13 10:55:57,275 [INFO] Predict result is: {'category_id': [1, 62], 'bbox': [[143.375, 86.625, 315.125, 393.375], [154.5, 180.375, 133.0, 234.125]], 'score': [0.80664, 0.25488]}
2025-06-13 10:55:57,275 [INFO] Speed: 275.6/2.6/278.2 ms inference/NMS/total per 640x640 image at batch-size 1;
2025-06-13 10:55:57,276 [INFO] Detect a image success.
2025-06-13 10:55:57,576 [INFO] Predict result is: {'category_id': [1, 62], 'bbox': [[133.5, 82.375, 311.5, 397.625], [145.125, 178.5, 148.375, 245.5]], 'score': [0.70068, 0.26953]}
2025-06-13 10:55:57,577 [INFO] Speed: 277.4/2.6/280.0 ms inference/NMS/total per 640x640 image at batch-size 1;
2025-06-13 10:55:57,577 [INFO] Detect a image success.
2025-06-13 10:55:57,882 [INFO] Predict result is: {'category_id': [1, 62], 'bbox': [[132.5, 86.375, 328.5, 393.625], [142.25, 174.75, 150.75, 251.0]], 'score': [0.75, 0.56006]}
2025-06-13 10:55:57,882 [INFO] Speed: 274.2/3.0/277.2 ms inference/NMS/total per 640x640 image at batch-size 1;
2025-06-13 10:55:57,882 [INFO] Detect a image success.
2025-06-13 10:55:58,174 [INFO] Predict result is: {'category_id': [1, 62], 'bbox': [[138.375, 85.625, 329.625, 394.375], [147.5, 176.75, 147.0, 248.0]], 'score': [0.77295, 0.47949]}
2025-06-13 10:55:58,175 [INFO] Speed: 268.8/3.0/271.8 ms inference/NMS/total per 640x640 image at batch-size 1;
2025-06-13 10:55:58,175 [INFO] Detect a image success.
2025-06-13 10:55:58,477 [INFO] Predict result is: {'category_id': [1, 62], 'bbox': [[150.125, 86.875, 367.875, 393.125], [151.625, 174.75, 139.875, 210.0]], 'score': [0.73242, 0.30005]}
2025-06-13 10:55:58,477 [INFO] Speed: 277.2/2.1/279.3 ms inference/NMS/total per 640x640 image at batch-size 1;
2025-06-13 10:55:58,478 [INFO] Detect a image success.
2025-06-13 10:55:58,785 [INFO] Predict result is: {'category_id': [1, 77], 'bbox': [[65.75, 84.5, 515.25, 393.0], [200.375, 173.875, 49.0, 67.5]], 'score': [0.71094, 0.50195]}
2025-06-13 10:55:58,785 [INFO] Speed: 273.8/2.5/276.3 ms inference/NMS/total per 640x640 image at batch-size 1;
2025-06-13 10:55:58,786 [INFO] Detect a image success.
2025-06-13 10:55:59,120 [INFO] Predict result is: {'category_id': [1], 'bbox': [[35.5, 81.0, 546.5, 396.5]], 'score': [0.74756]}
2025-06-13 10:55:59,120 [INFO] Speed: 301.6/2.5/304.1 ms inference/NMS/total per 640x640 image at batch-size 1;
2025-06-13 10:55:59,121 [INFO] Detect a image success.
2025-06-13 10:55:59,486 [INFO] Predict result is: {'category_id': [1, 62], 'bbox': [[114.75, 88.75, 391.0, 389.5], [153.0, 180.5, 117.5, 168.5]], 'score': [0.625, 0.25098]}
2025-06-13 10:55:59,487 [INFO] Speed: 312.9/2.5/315.4 ms inference/NMS/total per 640x640 image at batch-size 1;
2025-06-13 10:55:59,487 [INFO] Detect a image success.
2025-06-13 10:55:59,846 [INFO] Predict result is: {'category_id': [1], 'bbox': [[131.0, 84.5, 368.0, 395.5]], 'score': [0.81104]}
2025-06-13 10:55:59,846 [INFO] Speed: 313.8/3.1/317.0 ms inference/NMS/total per 640x640 image at batch-size 1;
2025-06-13 10:55:59,846 [INFO] Detect a image success.
2025-06-13 10:56:00,200 [INFO] Predict result is: {'category_id': [1], 'bbox': [[130.75, 83.125, 391.25, 396.875]], 'score': [0.88037]}
2025-06-13 10:56:00,201 [INFO] Speed: 319.0/2.0/321.0 ms inference/NMS/total per 640x640 image at batch-size 1;
2025-06-13 10:56:00,201 [INFO] Detect a image success.
2025-06-13 10:56:00,563 [INFO] Predict result is: {'category_id': [1, 62], 'bbox': [[128.125, 99.25, 395.375, 377.5], [157.5, 262.75, 99.75, 107.5]], 'score': [0.78223, 0.26538]}
2025-06-13 10:56:00,564 [INFO] Speed: 305.4/2.0/307.4 ms inference/NMS/total per 640x640 image at batch-size 1;
2025-06-13 10:56:00,564 [INFO] Detect a image success.
2025-06-13 10:56:00,926 [INFO] Predict result is: {'category_id': [1, 62], 'bbox': [[136.875, 82.625, 384.625, 397.375], [157.875, 262.0, 98.875, 108.0]], 'score': [0.88477, 0.25244]}
2025-06-13 10:56:00,926 [INFO] Speed: 302.9/2.6/305.4 ms inference/NMS/total per 640x640 image at batch-size 1;
2025-06-13 10:56:00,926 [INFO] Detect a image success.
2025-06-13 10:56:01,226 [INFO] Predict result is: {'category_id': [1], 'bbox': [[136.5, 86.625, 385.5, 393.375]], 'score': [0.84375]}
2025-06-13 10:56:01,226 [INFO] Speed: 277.1/2.5/279.7 ms inference/NMS/total per 640x640 image at batch-size 1;
2025-06-13 10:56:01,226 [INFO] Detect a image success.
2025-06-13 10:56:01,523 [INFO] Predict result is: {'category_id': [1], 'bbox': [[136.125, 80.0, 390.875, 400.0]], 'score': [0.88232]}
2025-06-13 10:56:01,523 [INFO] Speed: 274.5/3.0/277.5 ms inference/NMS/total per 640x640 image at batch-size 1;
2025-06-13 10:56:01,524 [INFO] Detect a image success.
2025-06-13 10:56:01,822 [INFO] Predict result is: {'category_id': [1], 'bbox': [[146.875, 82.125, 365.625, 397.875]], 'score': [0.79785]}
2025-06-13 10:56:01,822 [INFO] Speed: 277.1/2.0/279.2 ms inference/NMS/total per 640x640 image at batch-size 1;
2025-06-13 10:56:01,822 [INFO] Detect a image success.
2025-06-13 10:56:02,122 [INFO] Predict result is: {'category_id': [1, 62], 'bbox': [[122.0, 84.875, 354.0, 395.125], [146.75, 180.25, 134.25, 213.5]], 'score': [0.8042, 0.25806]}
2025-06-13 10:56:02,123 [INFO] Speed: 280.0/3.0/283.0 ms inference/NMS/total per 640x640 image at batch-size 1;
2025-06-13 10:56:02,123 [INFO] Detect a image success.
2025-06-13 10:56:02,414 [INFO] Predict result is: {'category_id': [1, 62, 62], 'bbox': [[111.125, 89.625, 341.875, 390.375], [129.0, 178.0, 140.5, 229.0], [428.75, 277.5, 159.75, 202.5]], 'score': [0.80859, 0.30176, 0.29761]}
2025-06-13 10:56:02,416 [INFO] Speed: 271.5/2.0/273.5 ms inference/NMS/total per 640x640 image at batch-size 1;
2025-06-13 10:56:02,416 [INFO] Detect a image success.
2025-06-13 10:56:02,708 [INFO] Predict result is: {'category_id': [1], 'bbox': [[101.5, 115.75, 330.5, 362.5]], 'score': [0.66113]}
2025-06-13 10:56:02,709 [INFO] Speed: 272.2/3.0/275.2 ms inference/NMS/total per 640x640 image at batch-size 1;
2025-06-13 10:56:02,709 [INFO] Detect a image success.
2025-06-13 10:56:03,001 [INFO] Predict result is: {'category_id': [1], 'bbox': [[92.0, 100.625, 303.0, 374.375]], 'score': [0.58643]}
2025-06-13 10:56:03,002 [INFO] Speed: 269.4/3.6/273.0 ms inference/NMS/total per 640x640 image at batch-size 1;
2025-06-13 10:56:03,002 [INFO] Detect a image success.
2025-06-13 10:56:03,310 [INFO] Predict result is: {'category_id': [1, 62], 'bbox': [[79.125, 100.0, 302.875, 379.5], [218.125, 176.0, 158.375, 233.5]], 'score': [0.56445, 0.43726]}
2025-06-13 10:56:03,310 [INFO] Speed: 285.0/2.0/287.1 ms inference/NMS/total per 640x640 image at batch-size 1;
2025-06-13 10:56:03,310 [INFO] Detect a image success.
2025-06-13 10:56:03,599 [INFO] Predict result is: {'category_id': [1], 'bbox': [[56.375, 94.0, 304.125, 383.5]], 'score': [0.67627]}
2025-06-13 10:56:03,600 [INFO] Speed: 267.9/3.0/270.9 ms inference/NMS/total per 640x640 image at batch-size 1;
2025-06-13 10:56:03,600 [INFO] Detect a image success.
2025-06-13 10:56:03,907 [INFO] Predict result is: {'category_id': [1, 62], 'bbox': [[45.625, 92.625, 317.375, 387.375], [181.5, 165.375, 200.0, 313.125]], 'score': [0.77246, 0.25635]}
2025-06-13 10:56:03,908 [INFO] Speed: 287.6/3.0/290.7 ms inference/NMS/total per 640x640 image at batch-size 1;
2025-06-13 10:56:03,908 [INFO] Detect a image success.
2025-06-13 10:56:04,213 [INFO] Predict result is: {'category_id': [1, 62], 'bbox': [[59.0, 105.5, 297.75, 373.5], [190.25, 172.5, 184.5, 307.5]], 'score': [0.75293, 0.44824]}
2025-06-13 10:56:04,213 [INFO] Speed: 281.8/2.5/284.4 ms inference/NMS/total per 640x640 image at batch-size 1;
2025-06-13 10:56:04,213 [INFO] Detect a image success.
2025-06-13 10:56:04,509 [INFO] Predict result is: {'category_id': [1, 62], 'bbox': [[73.875, 111.25, 271.125, 368.0], [194.25, 165.875, 171.0, 313.625]], 'score': [0.74023, 0.34399]}
2025-06-13 10:56:04,509 [INFO] Speed: 275.5/3.0/278.5 ms inference/NMS/total per 640x640 image at batch-size 1;
2025-06-13 10:56:04,509 [INFO] Detect a image success.
2025-06-13 10:56:04,804 [INFO] Predict result is: {'category_id': [1], 'bbox': [[71.625, 114.0, 265.375, 366.0]], 'score': [0.70947]}
2025-06-13 10:56:04,804 [INFO] Speed: 273.1/2.7/275.8 ms inference/NMS/total per 640x640 image at batch-size 1;
2025-06-13 10:56:04,805 [INFO] Detect a image success.
2025-06-13 10:56:05,107 [INFO] Predict result is: {'category_id': [1, 1], 'bbox': [[78.875, 102.0, 270.125, 377.5], [626.0, 195.0, 14.0, 82.5]], 'score': [0.64453, 0.29956]}
2025-06-13 10:56:05,108 [INFO] Speed: 278.9/3.0/281.9 ms inference/NMS/total per 640x640 image at batch-size 1;
2025-06-13 10:56:05,108 [INFO] Detect a image success.
2025-06-13 10:56:05,416 [INFO] Predict result is: {'category_id': [1], 'bbox': [[90.125, 98.0, 303.875, 381.0]], 'score': [0.69971]}
2025-06-13 10:56:05,416 [INFO] Speed: 284.4/2.5/286.9 ms inference/NMS/total per 640x640 image at batch-size 1;
2025-06-13 10:56:05,416 [INFO] Detect a image success.
2025-06-13 10:56:05,717 [INFO] Predict result is: {'category_id': [1, 62], 'bbox': [[110.25, 87.375, 319.5, 392.625], [148.0, 260.25, 65.5, 39.5]], 'score': [0.83203, 0.40405]}
2025-06-13 10:56:05,717 [INFO] Speed: 278.1/2.5/280.7 ms inference/NMS/total per 640x640 image at batch-size 1;
2025-06-13 10:56:05,718 [INFO] Detect a image success.
2025-06-13 10:56:06,029 [INFO] Predict result is: {'category_id': [1, 62], 'bbox': [[109.125, 84.625, 326.875, 395.375], [140.75, 264.5, 81.0, 44.5]], 'score': [0.83496, 0.39453]}
2025-06-13 10:56:06,030 [INFO] Speed: 285.9/3.0/288.9 ms inference/NMS/total per 640x640 image at batch-size 1;
2025-06-13 10:56:06,030 [INFO] Detect a image success.
2025-06-13 10:56:06,340 [INFO] Predict result is: {'category_id': [1, 62, 62], 'bbox': [[110.125, 80.875, 337.875, 399.125], [139.375, 266.0, 96.75, 59.0], [429.75, 277.5, 157.25, 202.5]], 'score': [0.78516, 0.43286, 0.25098]}
2025-06-13 10:56:06,340 [INFO] Speed: 288.3/3.0/291.3 ms inference/NMS/total per 640x640 image at batch-size 1;
2025-06-13 10:56:06,341 [INFO] Detect a image success.
2025-06-13 10:56:06,657 [INFO] Predict result is: {'category_id': [1, 62, 62], 'bbox': [[110.75, 83.875, 347.0, 396.125], [430.25, 277.0, 155.75, 203.0], [144.5, 265.5, 96.75, 59.0]], 'score': [0.77539, 0.37427, 0.3645]}
2025-06-13 10:56:06,657 [INFO] Speed: 293.1/3.1/296.2 ms inference/NMS/total per 640x640 image at batch-size 1;
2025-06-13 10:56:06,658 [INFO] Detect a image success.
2025-06-13 10:56:06,960 [INFO] Predict result is: {'category_id': [1, 62], 'bbox': [[114.625, 92.875, 352.375, 385.625], [430.25, 276.0, 156.75, 204.0]], 'score': [0.74268, 0.34937]}
2025-06-13 10:56:06,961 [INFO] Speed: 282.6/2.0/284.7 ms inference/NMS/total per 640x640 image at batch-size 1;
2025-06-13 10:56:06,961 [INFO] Detect a image success.
2025-06-13 10:56:07,260 [INFO] Predict result is: {'category_id': [1], 'bbox': [[106.375, 97.125, 458.125, 380.375]], 'score': [0.80322]}
2025-06-13 10:56:07,260 [INFO] Speed: 277.2/1.0/278.2 ms inference/NMS/total per 640x640 image at batch-size 1;
2025-06-13 10:56:07,260 [INFO] Detect a image success.
2025-06-13 10:56:07,555 [INFO] Predict result is: {'category_id': [1, 62], 'bbox': [[121.875, 88.625, 444.625, 391.375], [152.125, 170.625, 109.125, 136.375]], 'score': [0.81445, 0.31641]}
2025-06-13 10:56:07,555 [INFO] Speed: 274.8/2.6/277.4 ms inference/NMS/total per 640x640 image at batch-size 1;
2025-06-13 10:56:07,555 [INFO] Detect a image success.
2025-06-13 10:56:07,858 [INFO] Predict result is: {'category_id': [1, 62], 'bbox': [[120.0, 87.25, 453.0, 392.75], [151.25, 172.25, 117.25, 143.5]], 'score': [0.77539, 0.3501]}
2025-06-13 10:56:07,858 [INFO] Speed: 280.3/3.3/283.6 ms inference/NMS/total per 640x640 image at batch-size 1;
2025-06-13 10:56:07,859 [INFO] Detect a image success.
2025-06-13 10:56:08,158 [INFO] Predict result is: {'category_id': [1, 62], 'bbox': [[127.125, 88.125, 458.375, 391.875], [151.0, 176.125, 126.75, 160.375]], 'score': [0.70166, 0.25464]}
2025-06-13 10:56:08,159 [INFO] Speed: 279.0/3.0/282.0 ms inference/NMS/total per 640x640 image at batch-size 1;
2025-06-13 10:56:08,159 [INFO] Detect a image success.
2025-06-13 10:56:08,458 [INFO] Predict result is: {'category_id': [1, 62], 'bbox': [[132.375, 85.75, 446.625, 394.25], [151.0, 174.5, 132.0, 172.0]], 'score': [0.69287, 0.31494]}
2025-06-13 10:56:08,459 [INFO] Speed: 276.3/2.6/278.9 ms inference/NMS/total per 640x640 image at batch-size 1;
2025-06-13 10:56:08,459 [INFO] Detect a image success.
2025-06-13 10:56:08,752 [INFO] Predict result is: {'category_id': [1], 'bbox': [[126.625, 85.625, 408.875, 394.375]], 'score': [0.48193]}
2025-06-13 10:56:08,753 [INFO] Speed: 272.7/2.0/274.7 ms inference/NMS/total per 640x640 image at batch-size 1;
2025-06-13 10:56:08,753 [INFO] Detect a image success.
2025-06-13 10:56:09,106 [INFO] Predict result is: {'category_id': [1, 62], 'bbox': [[105.875, 86.0, 458.125, 394.0], [153.5, 173.0, 141.0, 190.5]], 'score': [0.86279, 0.26709]}
2025-06-13 10:56:09,108 [INFO] Speed: 333.3/2.0/335.3 ms inference/NMS/total per 640x640 image at batch-size 1;
2025-06-13 10:56:09,108 [INFO] Detect a image success.
2025-06-13 10:56:09,435 [INFO] Predict result is: {'category_id': [1, 62], 'bbox': [[145.25, 84.125, 430.75, 395.875], [154.25, 175.0, 141.0, 201.5]], 'score': [0.85352, 0.29663]}
2025-06-13 10:56:09,435 [INFO] Speed: 305.3/2.6/307.9 ms inference/NMS/total per 640x640 image at batch-size 1;
2025-06-13 10:56:09,436 [INFO] Detect a image success.
2025-06-13 10:56:09,757 [INFO] Predict result is: {'category_id': [1, 62], 'bbox': [[140.25, 84.25, 427.75, 395.75], [153.0, 175.375, 148.0, 231.625]], 'score': [0.75928, 0.27173]}
2025-06-13 10:56:09,758 [INFO] Speed: 300.4/3.1/303.5 ms inference/NMS/total per 640x640 image at batch-size 1;
2025-06-13 10:56:09,758 [INFO] Detect a image success.
2025-06-13 10:56:10,090 [INFO] Predict result is: {'category_id': [1, 62], 'bbox': [[139.625, 86.0, 416.875, 394.0], [152.375, 174.5, 145.625, 242.0]], 'score': [0.74854, 0.29395]}
2025-06-13 10:56:10,090 [INFO] Speed: 308.8/3.1/312.0 ms inference/NMS/total per 640x640 image at batch-size 1;
2025-06-13 10:56:10,090 [INFO] Detect a image success.
2025-06-13 10:56:10,397 [INFO] Predict result is: {'category_id': [1], 'bbox': [[139.5, 82.75, 429.5, 397.25]], 'score': [0.74365]}
2025-06-13 10:56:10,397 [INFO] Speed: 281.8/2.6/284.4 ms inference/NMS/total per 640x640 image at batch-size 1;
2025-06-13 10:56:10,397 [INFO] Detect a image success.
2025-06-13 10:56:10,712 [INFO] Predict result is: {'category_id': [1], 'bbox': [[141.75, 84.125, 426.25, 395.875]], 'score': [0.73145]}
2025-06-13 10:56:10,713 [INFO] Speed: 293.6/2.7/296.3 ms inference/NMS/total per 640x640 image at batch-size 1;
2025-06-13 10:56:10,713 [INFO] Detect a image success.
2025-06-13 10:56:11,014 [INFO] Predict result is: {'category_id': [1], 'bbox': [[139.875, 82.75, 412.625, 397.25]], 'score': [0.74121]}
2025-06-13 10:56:11,014 [INFO] Speed: 280.2/2.6/282.8 ms inference/NMS/total per 640x640 image at batch-size 1;
2025-06-13 10:56:11,015 [INFO] Detect a image success.
2025-06-13 10:56:11,312 [INFO] Predict result is: {'category_id': [1], 'bbox': [[138.125, 83.375, 405.875, 396.625]], 'score': [0.79297]}
2025-06-13 10:56:11,313 [INFO] Speed: 274.6/3.0/277.6 ms inference/NMS/total per 640x640 image at batch-size 1;
2025-06-13 10:56:11,313 [INFO] Detect a image success.
2025-06-13 10:56:11,609 [INFO] Predict result is: {'category_id': [1], 'bbox': [[138.375, 84.875, 407.125, 395.125]], 'score': [0.79102]}
2025-06-13 10:56:11,609 [INFO] Speed: 274.7/2.0/276.7 ms inference/NMS/total per 640x640 image at batch-size 1;
2025-06-13 10:56:11,609 [INFO] Detect a image success.
2025-06-13 10:56:11,909 [INFO] Predict result is: {'category_id': [1], 'bbox': [[141.25, 85.625, 399.75, 394.375]], 'score': [0.75098]}
2025-06-13 10:56:11,909 [INFO] Speed: 277.9/2.0/279.9 ms inference/NMS/total per 640x640 image at batch-size 1;
2025-06-13 10:56:11,909 [INFO] Detect a image success.
2025-06-13 10:56:12,217 [INFO] Predict result is: {'category_id': [1, 62], 'bbox': [[132.0, 102.5, 421.5, 376.0], [150.75, 174.125, 134.25, 234.375]], 'score': [0.78076, 0.25073]}
2025-06-13 10:56:12,217 [INFO] Speed: 283.4/2.0/285.5 ms inference/NMS/total per 640x640 image at batch-size 1;
2025-06-13 10:56:12,217 [INFO] Detect a image success.
2025-06-13 10:56:12,524 [INFO] Predict result is: {'category_id': [1, 62], 'bbox': [[131.0, 97.625, 416.0, 381.375], [152.75, 264.0, 114.25, 102.0]], 'score': [0.81299, 0.29419]}
2025-06-13 10:56:12,524 [INFO] Speed: 285.4/2.0/287.4 ms inference/NMS/total per 640x640 image at batch-size 1;
2025-06-13 10:56:12,524 [INFO] Detect a image success.
2025-06-13 10:56:12,820 [INFO] Predict result is: {'category_id': [1, 62], 'bbox': [[126.0, 109.125, 415.5, 369.375], [152.5, 264.25, 103.25, 97.0]], 'score': [0.77832, 0.37988]}
2025-06-13 10:56:12,821 [INFO] Speed: 274.9/2.0/276.9 ms inference/NMS/total per 640x640 image at batch-size 1;
2025-06-13 10:56:12,821 [INFO] Detect a image success.
2025-06-13 10:56:13,122 [INFO] Predict result is: {'category_id': [1, 62], 'bbox': [[126.25, 102.125, 418.75, 373.875], [152.25, 264.0, 99.0, 97.0]], 'score': [0.79395, 0.33594]}
2025-06-13 10:56:13,123 [INFO] Speed: 279.1/2.0/281.1 ms inference/NMS/total per 640x640 image at batch-size 1;
2025-06-13 10:56:13,123 [INFO] Detect a image success.
2025-06-13 10:56:13,429 [INFO] Predict result is: {'category_id': [1, 62], 'bbox': [[126.75, 108.5, 416.25, 368.0], [151.625, 264.25, 96.5, 98.0]], 'score': [0.79834, 0.30591]}
2025-06-13 10:56:13,429 [INFO] Speed: 284.1/2.0/286.1 ms inference/NMS/total per 640x640 image at batch-size 1;
2025-06-13 10:56:13,430 [INFO] Detect a image success.
2025-06-13 10:56:13,727 [INFO] Predict result is: {'category_id': [1, 62], 'bbox': [[126.375, 103.5, 412.625, 373.5], [151.625, 264.5, 96.5, 98.0]], 'score': [0.77344, 0.30005]}
2025-06-13 10:56:13,728 [INFO] Speed: 276.2/2.0/278.3 ms inference/NMS/total per 640x640 image at batch-size 1;
2025-06-13 10:56:13,728 [INFO] Detect a image success.
2025-06-13 10:56:14,032 [INFO] Predict result is: {'category_id': [1, 62], 'bbox': [[125.0, 114.625, 415.0, 363.375], [151.5, 265.0, 97.5, 96.5]], 'score': [0.79102, 0.34351]}
2025-06-13 10:56:14,033 [INFO] Speed: 282.5/2.0/284.5 ms inference/NMS/total per 640x640 image at batch-size 1;
2025-06-13 10:56:14,033 [INFO] Detect a image success.
2025-06-13 10:56:14,341 [INFO] Predict result is: {'category_id': [1, 62], 'bbox': [[123.0, 115.5, 415.5, 362.5], [152.0, 264.75, 98.25, 97.0]], 'score': [0.75342, 0.25903]}
2025-06-13 10:56:14,341 [INFO] Speed: 286.8/2.0/288.8 ms inference/NMS/total per 640x640 image at batch-size 1;
2025-06-13 10:56:14,342 [INFO] Detect a image success.
2025-06-13 10:56:14,647 [INFO] Predict result is: {'category_id': [1, 62], 'bbox': [[123.25, 106.5, 416.75, 371.0], [152.125, 264.5, 99.25, 97.5]], 'score': [0.75928, 0.30981]}
2025-06-13 10:56:14,647 [INFO] Speed: 284.4/3.0/287.4 ms inference/NMS/total per 640x640 image at batch-size 1;
2025-06-13 10:56:14,647 [INFO] Detect a image success.
2025-06-13 10:56:14,958 [INFO] Predict result is: {'category_id': [1, 62], 'bbox': [[123.125, 103.25, 420.375, 374.0], [152.75, 263.75, 100.5, 97.5]], 'score': [0.75, 0.31885]}
2025-06-13 10:56:14,959 [INFO] Speed: 288.6/3.0/291.6 ms inference/NMS/total per 640x640 image at batch-size 1;
2025-06-13 10:56:14,959 [INFO] Detect a image success.
2025-06-13 10:56:15,255 [INFO] Predict result is: {'category_id': [1, 62], 'bbox': [[125.25, 108.0, 417.75, 369.5], [152.375, 264.0, 104.125, 97.5]], 'score': [0.74365, 0.3623]}
2025-06-13 10:56:15,255 [INFO] Speed: 274.8/2.6/277.4 ms inference/NMS/total per 640x640 image at batch-size 1;
2025-06-13 10:56:15,255 [INFO] Detect a image success.
2025-06-13 10:56:15,566 [INFO] Predict result is: {'category_id': [1, 62], 'bbox': [[127.125, 102.375, 416.375, 375.125], [152.75, 264.25, 108.25, 97.5]], 'score': [0.79004, 0.34521]}
2025-06-13 10:56:15,568 [INFO] Speed: 288.9/2.0/290.9 ms inference/NMS/total per 640x640 image at batch-size 1;
2025-06-13 10:56:15,568 [INFO] Detect a image success.
2025-06-13 10:56:15,877 [INFO] Predict result is: {'category_id': [1], 'bbox': [[130.875, 102.25, 407.125, 375.5]], 'score': [0.82471]}
2025-06-13 10:56:15,877 [INFO] Speed: 286.3/2.0/288.3 ms inference/NMS/total per 640x640 image at batch-size 1;
2025-06-13 10:56:15,877 [INFO] Detect a image success.
2025-06-13 10:56:16,183 [INFO] Predict result is: {'category_id': [1], 'bbox': [[132.75, 88.625, 412.25, 391.375]], 'score': [0.84717]}
2025-06-13 10:56:16,183 [INFO] Speed: 282.1/2.6/284.7 ms inference/NMS/total per 640x640 image at batch-size 1;
2025-06-13 10:56:16,184 [INFO] Detect a image success.
2025-06-13 10:56:16,491 [INFO] Predict result is: {'category_id': [1], 'bbox': [[138.75, 85.0, 406.25, 395.0]], 'score': [0.854]}
2025-06-13 10:56:16,492 [INFO] Speed: 283.0/3.0/286.0 ms inference/NMS/total per 640x640 image at batch-size 1;
2025-06-13 10:56:16,492 [INFO] Detect a image success.
2025-06-13 10:56:16,788 [INFO] Predict result is: {'category_id': [1], 'bbox': [[140.625, 87.375, 411.375, 392.625]], 'score': [0.80615]}
2025-06-13 10:56:16,788 [INFO] Speed: 276.2/2.0/278.2 ms inference/NMS/total per 640x640 image at batch-size 1;
2025-06-13 10:56:16,788 [INFO] Detect a image success.
2025-06-13 10:56:17,088 [INFO] Predict result is: {'category_id': [1, 90], 'bbox': [[146.375, 90.375, 398.125, 389.625], [354.0, 300.5, 71.0, 55.5]], 'score': [0.7168, 0.29004]}
2025-06-13 10:56:17,088 [INFO] Speed: 277.9/2.0/279.9 ms inference/NMS/total per 640x640 image at batch-size 1;
2025-06-13 10:56:17,088 [INFO] Detect a image success.
