2025-06-13 10:50:57,309 [WARNING] Parse Model, args: nearest, keep str type
2025-06-13 10:50:57,327 [WARNING] Parse Model, args: nearest, keep str type
2025-06-13 10:50:57,384 [INFO] number of network params, total: 7.254436M, trainable: 7.235389M
2025-06-13 10:50:57,527 [INFO] Load checkpoint from [pre_models/yolov5s/yolov5s_300e_mAP376-860bcf3b.ckpt] success.
2025-06-13 10:51:07,907 [INFO] Predict result is: {'category_id': [1, 62, 62], 'bbox': [[128.875, 129.0, 435.125, 348.5], [395.0, 280.0, 60.0, 45.0], [189.0, 278.5, 49.25, 61.0]], 'score': [0.79346, 0.52881, 0.31909]}
2025-06-13 10:51:07,908 [INFO] Speed: 5915.4/3.1/5918.4 ms inference/NMS/total per 640x640 image at batch-size 1;
2025-06-13 10:51:07,908 [INFO] Detect a image success.
2025-06-13 10:51:08,731 [INFO] Predict result is: {'category_id': [1], 'bbox': [[127.875, 97.875, 429.125, 382.125]], 'score': [0.76221]}
2025-06-13 10:51:08,731 [INFO] Speed: 577.2/2.0/579.2 ms inference/NMS/total per 640x640 image at batch-size 1;
2025-06-13 10:51:08,731 [INFO] Detect a image success.
2025-06-13 10:51:09,320 [INFO] Predict result is: {'category_id': [1], 'bbox': [[136.5, 89.5, 415.0, 390.5]], 'score': [0.646]}
2025-06-13 10:51:09,321 [INFO] Speed: 568.8/2.0/570.8 ms inference/NMS/total per 640x640 image at batch-size 1;
2025-06-13 10:51:09,321 [INFO] Detect a image success.
2025-06-13 10:51:09,913 [INFO] Predict result is: {'category_id': [1], 'bbox': [[141.25, 94.75, 445.75, 384.5]], 'score': [0.79053]}
2025-06-13 10:51:09,913 [INFO] Speed: 574.2/2.0/576.2 ms inference/NMS/total per 640x640 image at batch-size 1;
2025-06-13 10:51:09,913 [INFO] Detect a image success.
2025-06-13 10:51:10,525 [INFO] Predict result is: {'category_id': [1], 'bbox': [[136.375, 97.0, 416.625, 382.0]], 'score': [0.7749]}
2025-06-13 10:51:10,526 [INFO] Speed: 593.2/2.0/595.1 ms inference/NMS/total per 640x640 image at batch-size 1;
2025-06-13 10:51:10,526 [INFO] Detect a image success.
2025-06-13 10:51:10,936 [INFO] Predict result is: {'category_id': [1], 'bbox': [[166.25, 111.25, 273.5, 368.75]], 'score': [0.82812]}
2025-06-13 10:51:10,937 [INFO] Speed: 391.9/2.5/394.5 ms inference/NMS/total per 640x640 image at batch-size 1;
2025-06-13 10:51:10,937 [INFO] Detect a image success.
2025-06-13 10:51:11,333 [INFO] Predict result is: {'category_id': [1], 'bbox': [[194.5, 120.0, 248.0, 360.0]], 'score': [0.79541]}
2025-06-13 10:51:11,334 [INFO] Speed: 378.5/2.0/380.6 ms inference/NMS/total per 640x640 image at batch-size 1;
2025-06-13 10:51:11,334 [INFO] Detect a image success.
2025-06-13 10:51:11,711 [INFO] Predict result is: {'category_id': [1], 'bbox': [[213.625, 123.75, 232.875, 356.25]], 'score': [0.70996]}
2025-06-13 10:51:11,711 [INFO] Speed: 359.4/3.0/362.4 ms inference/NMS/total per 640x640 image at batch-size 1;
2025-06-13 10:51:11,712 [INFO] Detect a image success.
2025-06-13 10:51:12,103 [INFO] Predict result is: {'category_id': [1], 'bbox': [[214.5, 120.875, 257.5, 359.125]], 'score': [0.76025]}
2025-06-13 10:51:12,103 [INFO] Speed: 373.3/2.0/375.3 ms inference/NMS/total per 640x640 image at batch-size 1;
2025-06-13 10:51:12,104 [INFO] Detect a image success.
2025-06-13 10:51:12,483 [INFO] Predict result is: {'category_id': [1], 'bbox': [[228.875, 128.75, 278.625, 350.5]], 'score': [0.68799]}
2025-06-13 10:51:12,483 [INFO] Speed: 361.1/2.0/363.1 ms inference/NMS/total per 640x640 image at batch-size 1;
2025-06-13 10:51:12,483 [INFO] Detect a image success.
2025-06-13 10:51:12,819 [INFO] Predict result is: {'category_id': [1, 62], 'bbox': [[232.125, 136.125, 272.875, 342.875], [231.875, 136.5, 273.125, 342.0]], 'score': [0.65625, 0.29639]}
2025-06-13 10:51:12,819 [INFO] Speed: 304.5/15.6/320.0 ms inference/NMS/total per 640x640 image at batch-size 1;
2025-06-13 10:51:12,819 [INFO] Detect a image success.
2025-06-13 10:51:13,130 [INFO] Predict result is: {'category_id': [1], 'bbox': [[240.5, 139.25, 270.0, 340.75]], 'score': [0.73096]}
2025-06-13 10:51:13,131 [INFO] Speed: 292.4/2.0/294.4 ms inference/NMS/total per 640x640 image at batch-size 1;
2025-06-13 10:51:13,131 [INFO] Detect a image success.
2025-06-13 10:51:13,449 [INFO] Predict result is: {'category_id': [1], 'bbox': [[254.75, 142.25, 256.5, 337.5]], 'score': [0.78418]}
2025-06-13 10:51:13,450 [INFO] Speed: 300.8/2.0/302.8 ms inference/NMS/total per 640x640 image at batch-size 1;
2025-06-13 10:51:13,450 [INFO] Detect a image success.
2025-06-13 10:51:13,781 [INFO] Predict result is: {'category_id': [1], 'bbox': [[257.0, 155.375, 257.5, 324.625]], 'score': [0.74316]}
2025-06-13 10:51:13,782 [INFO] Speed: 313.7/2.0/315.7 ms inference/NMS/total per 640x640 image at batch-size 1;
2025-06-13 10:51:13,782 [INFO] Detect a image success.
2025-06-13 10:51:14,094 [INFO] Predict result is: {'category_id': [1], 'bbox': [[244.375, 153.125, 267.625, 324.875]], 'score': [0.83984]}
2025-06-13 10:51:14,094 [INFO] Speed: 293.5/2.5/296.0 ms inference/NMS/total per 640x640 image at batch-size 1;
2025-06-13 10:51:14,094 [INFO] Detect a image success.
2025-06-13 10:51:14,376 [INFO] Predict result is: {'category_id': [1], 'bbox': [[237.875, 147.0, 273.125, 331.0]], 'score': [0.86377]}
2025-06-13 10:51:14,377 [INFO] Speed: 256.2/10.5/266.8 ms inference/NMS/total per 640x640 image at batch-size 1;
2025-06-13 10:51:14,377 [INFO] Detect a image success.
2025-06-13 10:51:14,647 [INFO] Predict result is: {'category_id': [1], 'bbox': [[213.75, 167.25, 301.25, 311.5]], 'score': [0.85596]}
2025-06-13 10:51:14,647 [INFO] Speed: 252.1/1.5/253.6 ms inference/NMS/total per 640x640 image at batch-size 1;
2025-06-13 10:51:14,647 [INFO] Detect a image success.
2025-06-13 10:51:14,928 [INFO] Predict result is: {'category_id': [1], 'bbox': [[182.125, 164.125, 324.875, 313.875]], 'score': [0.80615]}
2025-06-13 10:51:14,929 [INFO] Speed: 264.1/2.0/266.1 ms inference/NMS/total per 640x640 image at batch-size 1;
2025-06-13 10:51:14,929 [INFO] Detect a image success.
2025-06-13 10:51:15,205 [INFO] Predict result is: {'category_id': [1], 'bbox': [[152.375, 162.625, 348.125, 314.875]], 'score': [0.67188]}
2025-06-13 10:51:15,205 [INFO] Speed: 256.2/3.0/259.2 ms inference/NMS/total per 640x640 image at batch-size 1;
2025-06-13 10:51:15,205 [INFO] Detect a image success.
2025-06-13 10:51:15,485 [INFO] Predict result is: {'category_id': [1, 62], 'bbox': [[138.5, 143.625, 343.0, 334.375], [165.25, 185.375, 126.75, 161.625]], 'score': [0.70361, 0.26709]}
2025-06-13 10:51:15,485 [INFO] Speed: 260.2/2.0/262.3 ms inference/NMS/total per 640x640 image at batch-size 1;
2025-06-13 10:51:15,486 [INFO] Detect a image success.
2025-06-13 10:51:15,732 [INFO] Predict result is: {'category_id': [1], 'bbox': [[124.5, 116.875, 359.0, 360.625]], 'score': [0.68994]}
2025-06-13 10:51:15,733 [INFO] Speed: 227.2/4.0/231.2 ms inference/NMS/total per 640x640 image at batch-size 1;
2025-06-13 10:51:15,733 [INFO] Detect a image success.
2025-06-13 10:51:15,980 [INFO] Predict result is: {'category_id': [1, 62], 'bbox': [[128.0, 112.625, 350.0, 366.875], [140.75, 184.25, 145.5, 167.5]], 'score': [0.7207, 0.28125]}
2025-06-13 10:51:15,980 [INFO] Speed: 228.9/2.0/230.9 ms inference/NMS/total per 640x640 image at batch-size 1;
2025-06-13 10:51:15,981 [INFO] Detect a image success.
2025-06-13 10:51:16,226 [INFO] Predict result is: {'category_id': [1, 62], 'bbox': [[120.25, 108.75, 342.5, 370.0], [144.75, 185.75, 137.0, 160.5]], 'score': [0.58691, 0.29077]}
2025-06-13 10:51:16,227 [INFO] Speed: 227.5/2.5/230.0 ms inference/NMS/total per 640x640 image at batch-size 1;
2025-06-13 10:51:16,227 [INFO] Detect a image success.
2025-06-13 10:51:16,474 [INFO] Predict result is: {'category_id': [1, 62], 'bbox': [[111.375, 103.375, 337.625, 376.125], [148.25, 183.875, 131.0, 154.625]], 'score': [0.59668, 0.41162]}
2025-06-13 10:51:16,475 [INFO] Speed: 228.7/2.6/231.2 ms inference/NMS/total per 640x640 image at batch-size 1;
2025-06-13 10:51:16,475 [INFO] Detect a image success.
2025-06-13 10:51:16,724 [INFO] Predict result is: {'category_id': [1], 'bbox': [[120.75, 107.625, 325.0, 372.375]], 'score': [0.75]}
2025-06-13 10:51:16,725 [INFO] Speed: 231.3/2.0/233.3 ms inference/NMS/total per 640x640 image at batch-size 1;
2025-06-13 10:51:16,725 [INFO] Detect a image success.
2025-06-13 10:51:16,988 [INFO] Predict result is: {'category_id': [1], 'bbox': [[119.5, 111.125, 325.5, 368.875]], 'score': [0.70996]}
2025-06-13 10:51:16,988 [INFO] Speed: 244.9/1.0/245.9 ms inference/NMS/total per 640x640 image at batch-size 1;
2025-06-13 10:51:16,988 [INFO] Detect a image success.
2025-06-13 10:51:17,248 [INFO] Predict result is: {'category_id': [1, 62], 'bbox': [[108.75, 116.625, 347.0, 363.375], [162.25, 268.0, 95.25, 50.0]], 'score': [0.67822, 0.28223]}
2025-06-13 10:51:17,248 [INFO] Speed: 242.7/2.0/244.7 ms inference/NMS/total per 640x640 image at batch-size 1;
2025-06-13 10:51:17,250 [INFO] Detect a image success.
2025-06-13 10:51:17,513 [INFO] Predict result is: {'category_id': [1], 'bbox': [[91.375, 107.5, 401.625, 371.0]], 'score': [0.53516]}
2025-06-13 10:51:17,513 [INFO] Speed: 245.0/2.0/247.1 ms inference/NMS/total per 640x640 image at batch-size 1;
2025-06-13 10:51:17,513 [INFO] Detect a image success.
2025-06-13 10:51:17,776 [INFO] Predict result is: {'category_id': [1], 'bbox': [[82.625, 96.875, 396.875, 381.625]], 'score': [0.58594]}
2025-06-13 10:51:17,777 [INFO] Speed: 243.8/2.5/246.3 ms inference/NMS/total per 640x640 image at batch-size 1;
2025-06-13 10:51:17,777 [INFO] Detect a image success.
2025-06-13 10:51:18,045 [INFO] Predict result is: {'category_id': [1], 'bbox': [[103.875, 92.625, 405.625, 387.375]], 'score': [0.75391]}
2025-06-13 10:51:18,045 [INFO] Speed: 249.5/1.0/250.5 ms inference/NMS/total per 640x640 image at batch-size 1;
2025-06-13 10:51:18,045 [INFO] Detect a image success.
2025-06-13 10:51:18,308 [INFO] Predict result is: {'category_id': [1], 'bbox': [[113.75, 93.625, 379.5, 381.875]], 'score': [0.69434]}
2025-06-13 10:51:18,308 [INFO] Speed: 239.4/2.9/242.3 ms inference/NMS/total per 640x640 image at batch-size 1;
2025-06-13 10:51:18,308 [INFO] Detect a image success.
2025-06-13 10:51:18,567 [INFO] Predict result is: {'category_id': [1], 'bbox': [[68.375, 51.25, 405.625, 428.75]], 'score': [0.67139]}
2025-06-13 10:51:18,567 [INFO] Speed: 239.7/2.1/241.9 ms inference/NMS/total per 640x640 image at batch-size 1;
2025-06-13 10:51:18,568 [INFO] Detect a image success.
2025-06-13 10:51:18,826 [INFO] Predict result is: {'category_id': [1], 'bbox': [[17.625, 4.0, 443.875, 476.0]], 'score': [0.5]}
2025-06-13 10:51:18,826 [INFO] Speed: 240.4/2.5/242.9 ms inference/NMS/total per 640x640 image at batch-size 1;
2025-06-13 10:51:18,827 [INFO] Detect a image success.
2025-06-13 10:51:19,085 [INFO] Predict result is: {'category_id': [1], 'bbox': [[5.75, 0.0, 455.0, 480.0]], 'score': [0.35229]}
2025-06-13 10:51:19,085 [INFO] Speed: 240.2/2.0/242.2 ms inference/NMS/total per 640x640 image at batch-size 1;
2025-06-13 10:51:19,085 [INFO] Detect a image success.
2025-06-13 10:51:19,349 [INFO] Predict result is: {'category_id': [1], 'bbox': [[5.5, 0.375, 534.5, 479.625]], 'score': [0.54102]}
2025-06-13 10:51:19,349 [INFO] Speed: 245.5/2.0/247.5 ms inference/NMS/total per 640x640 image at batch-size 1;
2025-06-13 10:51:19,350 [INFO] Detect a image success.
2025-06-13 10:51:19,616 [INFO] Predict result is: {'category_id': [1], 'bbox': [[0.0, 0.0, 608.0, 480.0]], 'score': [0.54883]}
2025-06-13 10:51:19,617 [INFO] Speed: 247.0/3.3/250.3 ms inference/NMS/total per 640x640 image at batch-size 1;
2025-06-13 10:51:19,617 [INFO] Detect a image success.
2025-06-13 10:51:19,883 [INFO] Predict result is: {'category_id': [1], 'bbox': [[0.0, 74.125, 601.0, 404.875]], 'score': [0.59033]}
2025-06-13 10:51:19,883 [INFO] Speed: 246.8/2.5/249.4 ms inference/NMS/total per 640x640 image at batch-size 1;
2025-06-13 10:51:19,883 [INFO] Detect a image success.
2025-06-13 10:51:20,163 [INFO] Predict result is: {'category_id': [1], 'bbox': [[8.75, 83.625, 600.25, 396.375]], 'score': [0.77588]}
2025-06-13 10:51:20,163 [INFO] Speed: 261.1/3.0/264.1 ms inference/NMS/total per 640x640 image at batch-size 1;
2025-06-13 10:51:20,164 [INFO] Detect a image success.
2025-06-13 10:51:20,426 [INFO] Predict result is: {'category_id': [1], 'bbox': [[8.75, 59.625, 601.25, 417.875]], 'score': [0.63965]}
2025-06-13 10:51:20,426 [INFO] Speed: 242.4/3.1/245.5 ms inference/NMS/total per 640x640 image at batch-size 1;
2025-06-13 10:51:20,427 [INFO] Detect a image success.
2025-06-13 10:51:20,690 [INFO] Predict result is: {'category_id': [1], 'bbox': [[7.25, 57.5, 590.75, 420.0]], 'score': [0.58936]}
2025-06-13 10:51:20,691 [INFO] Speed: 244.9/2.0/246.9 ms inference/NMS/total per 640x640 image at batch-size 1;
2025-06-13 10:51:20,691 [INFO] Detect a image success.
2025-06-13 10:51:20,946 [INFO] Predict result is: {'category_id': [1], 'bbox': [[18.5, 83.375, 611.0, 396.125]], 'score': [0.71289]}
2025-06-13 10:51:20,947 [INFO] Speed: 236.4/2.6/239.0 ms inference/NMS/total per 640x640 image at batch-size 1;
2025-06-13 10:51:20,947 [INFO] Detect a image success.
2025-06-13 10:51:21,207 [INFO] Predict result is: {'category_id': [1], 'bbox': [[20.0, 88.125, 604.0, 390.875]], 'score': [0.71387]}
2025-06-13 10:51:21,207 [INFO] Speed: 240.4/1.5/241.9 ms inference/NMS/total per 640x640 image at batch-size 1;
2025-06-13 10:51:21,207 [INFO] Detect a image success.
2025-06-13 10:51:21,467 [INFO] Predict result is: {'category_id': [1], 'bbox': [[20.0, 71.25, 607.0, 407.5]], 'score': [0.75928]}
2025-06-13 10:51:21,468 [INFO] Speed: 241.6/2.0/243.6 ms inference/NMS/total per 640x640 image at batch-size 1;
2025-06-13 10:51:21,468 [INFO] Detect a image success.
2025-06-13 10:51:21,727 [INFO] Predict result is: {'category_id': [1], 'bbox': [[24.0, 84.375, 606.0, 394.125]], 'score': [0.80566]}
2025-06-13 10:51:21,728 [INFO] Speed: 240.9/2.0/242.9 ms inference/NMS/total per 640x640 image at batch-size 1;
2025-06-13 10:51:21,728 [INFO] Detect a image success.
2025-06-13 10:51:21,993 [INFO] Predict result is: {'category_id': [1], 'bbox': [[23.25, 90.375, 607.75, 388.625]], 'score': [0.79834]}
2025-06-13 10:51:21,993 [INFO] Speed: 245.9/2.0/247.9 ms inference/NMS/total per 640x640 image at batch-size 1;
2025-06-13 10:51:21,993 [INFO] Detect a image success.
2025-06-13 10:51:22,255 [INFO] Predict result is: {'category_id': [1], 'bbox': [[19.0, 96.375, 611.0, 383.625]], 'score': [0.74756]}
2025-06-13 10:51:22,256 [INFO] Speed: 242.2/3.0/245.2 ms inference/NMS/total per 640x640 image at batch-size 1;
2025-06-13 10:51:22,256 [INFO] Detect a image success.
2025-06-13 10:51:22,524 [INFO] Predict result is: {'category_id': [1], 'bbox': [[0.0, 64.125, 637.0, 414.375]], 'score': [0.55078]}
2025-06-13 10:51:22,524 [INFO] Speed: 247.8/2.0/249.8 ms inference/NMS/total per 640x640 image at batch-size 1;
2025-06-13 10:51:22,524 [INFO] Detect a image success.
2025-06-13 10:51:22,790 [INFO] Predict result is: {'category_id': [1], 'bbox': [[146.375, 64.625, 479.125, 415.375]], 'score': [0.42944]}
2025-06-13 10:51:22,791 [INFO] Speed: 245.2/2.0/247.2 ms inference/NMS/total per 640x640 image at batch-size 1;
2025-06-13 10:51:22,791 [INFO] Detect a image success.
2025-06-13 10:51:23,071 [INFO] Predict result is: {'category_id': [1], 'bbox': [[19.25, 8.25, 610.75, 471.75]], 'score': [0.45728]}
2025-06-13 10:51:23,072 [INFO] Speed: 261.6/2.0/263.6 ms inference/NMS/total per 640x640 image at batch-size 1;
2025-06-13 10:51:23,072 [INFO] Detect a image success.
2025-06-13 10:51:23,376 [INFO] Predict result is: {'category_id': [1], 'bbox': [[10.75, 4.75, 617.25, 475.25]], 'score': [0.51758]}
2025-06-13 10:51:23,377 [INFO] Speed: 282.0/2.0/284.1 ms inference/NMS/total per 640x640 image at batch-size 1;
2025-06-13 10:51:23,377 [INFO] Detect a image success.
2025-06-13 10:51:23,813 [INFO] Predict result is: {'category_id': [1], 'bbox': [[12.0, 0.0, 611.0, 478.75]], 'score': [0.55469]}
2025-06-13 10:51:23,813 [INFO] Speed: 412.9/3.0/415.9 ms inference/NMS/total per 640x640 image at batch-size 1;
2025-06-13 10:51:23,813 [INFO] Detect a image success.
2025-06-13 10:51:24,140 [INFO] Predict result is: {'category_id': [1], 'bbox': [[23.5, 0.0, 605.0, 480.0]], 'score': [0.5918]}
2025-06-13 10:51:24,141 [INFO] Speed: 303.6/1.0/304.6 ms inference/NMS/total per 640x640 image at batch-size 1;
2025-06-13 10:51:24,142 [INFO] Detect a image success.
2025-06-13 10:51:24,434 [INFO] Predict result is: {'category_id': [1], 'bbox': [[10.0, 0.875, 623.5, 475.625]], 'score': [0.3728]}
2025-06-13 10:51:24,435 [INFO] Speed: 272.7/2.0/274.7 ms inference/NMS/total per 640x640 image at batch-size 1;
2025-06-13 10:51:24,436 [INFO] Detect a image success.
2025-06-13 10:51:24,735 [INFO] Predict result is: {'category_id': [1], 'bbox': [[2.75, 0.875, 633.25, 479.125]], 'score': [0.25781]}
2025-06-13 10:51:24,735 [INFO] Speed: 278.5/1.5/280.0 ms inference/NMS/total per 640x640 image at batch-size 1;
2025-06-13 10:51:24,735 [INFO] Detect a image success.
2025-06-13 10:51:25,035 [INFO] Predict result is: {'category_id': [], 'bbox': [], 'score': []}
2025-06-13 10:51:25,036 [INFO] Speed: 278.3/3.0/281.3 ms inference/NMS/total per 640x640 image at batch-size 1;
2025-06-13 10:51:25,036 [INFO] Detect a image success.
2025-06-13 10:51:25,327 [INFO] Predict result is: {'category_id': [], 'bbox': [], 'score': []}
2025-06-13 10:51:25,328 [INFO] Speed: 271.1/2.5/273.6 ms inference/NMS/total per 640x640 image at batch-size 1;
2025-06-13 10:51:25,328 [INFO] Detect a image success.
2025-06-13 10:51:25,612 [INFO] Predict result is: {'category_id': [], 'bbox': [], 'score': []}
2025-06-13 10:51:25,612 [INFO] Speed: 263.9/1.0/264.9 ms inference/NMS/total per 640x640 image at batch-size 1;
2025-06-13 10:51:25,612 [INFO] Detect a image success.
2025-06-13 10:51:25,891 [INFO] Predict result is: {'category_id': [], 'bbox': [], 'score': []}
2025-06-13 10:51:25,892 [INFO] Speed: 259.8/1.9/261.7 ms inference/NMS/total per 640x640 image at batch-size 1;
2025-06-13 10:51:25,892 [INFO] Detect a image success.
2025-06-13 10:51:26,178 [INFO] Predict result is: {'category_id': [1], 'bbox': [[29.25, 0.0, 610.75, 474.25]], 'score': [0.48438]}
2025-06-13 10:51:26,178 [INFO] Speed: 265.7/1.5/267.2 ms inference/NMS/total per 640x640 image at batch-size 1;
2025-06-13 10:51:26,178 [INFO] Detect a image success.
2025-06-13 10:51:26,463 [INFO] Predict result is: {'category_id': [], 'bbox': [], 'score': []}
2025-06-13 10:51:26,463 [INFO] Speed: 262.4/2.5/264.9 ms inference/NMS/total per 640x640 image at batch-size 1;
2025-06-13 10:51:26,463 [INFO] Detect a image success.
2025-06-13 10:51:26,743 [INFO] Predict result is: {'category_id': [1], 'bbox': [[9.25, 2.625, 548.75, 473.375]], 'score': [0.42578]}
2025-06-13 10:51:26,744 [INFO] Speed: 258.8/2.0/260.9 ms inference/NMS/total per 640x640 image at batch-size 1;
2025-06-13 10:51:26,744 [INFO] Detect a image success.
2025-06-13 10:51:27,035 [INFO] Predict result is: {'category_id': [1], 'bbox': [[0.0, 2.25, 596.0, 477.75]], 'score': [0.61523]}
2025-06-13 10:51:27,036 [INFO] Speed: 271.8/2.5/274.3 ms inference/NMS/total per 640x640 image at batch-size 1;
2025-06-13 10:51:27,036 [INFO] Detect a image success.
2025-06-13 10:51:27,324 [INFO] Predict result is: {'category_id': [], 'bbox': [], 'score': []}
2025-06-13 10:51:27,324 [INFO] Speed: 266.8/3.0/269.8 ms inference/NMS/total per 640x640 image at batch-size 1;
2025-06-13 10:51:27,324 [INFO] Detect a image success.
2025-06-13 10:51:27,606 [INFO] Predict result is: {'category_id': [], 'bbox': [], 'score': []}
2025-06-13 10:51:27,606 [INFO] Speed: 261.0/2.5/263.6 ms inference/NMS/total per 640x640 image at batch-size 1;
2025-06-13 10:51:27,606 [INFO] Detect a image success.
2025-06-13 10:51:27,891 [INFO] Predict result is: {'category_id': [1], 'bbox': [[163.375, 5.0, 476.625, 475.0]], 'score': [0.55615]}
2025-06-13 10:51:27,891 [INFO] Speed: 257.3/9.6/266.9 ms inference/NMS/total per 640x640 image at batch-size 1;
2025-06-13 10:51:27,892 [INFO] Detect a image success.
2025-06-13 10:51:28,200 [INFO] Predict result is: {'category_id': [1, 1], 'bbox': [[95.75, 10.75, 539.25, 466.5], [0.078, 240.75, 47.859, 237.5]], 'score': [0.7334, 0.38159]}
2025-06-13 10:51:28,201 [INFO] Speed: 287.1/3.0/290.1 ms inference/NMS/total per 640x640 image at batch-size 1;
2025-06-13 10:51:28,201 [INFO] Detect a image success.
2025-06-13 10:51:28,502 [INFO] Predict result is: {'category_id': [1], 'bbox': [[32.5, 4.125, 600.5, 475.875]], 'score': [0.3938]}
2025-06-13 10:51:28,502 [INFO] Speed: 278.9/3.0/281.9 ms inference/NMS/total per 640x640 image at batch-size 1;
2025-06-13 10:51:28,502 [INFO] Detect a image success.
2025-06-13 10:51:28,795 [INFO] Predict result is: {'category_id': [1, 1], 'bbox': [[0.0, 16.0, 591.0, 452.0], [496.25, 300.75, 143.75, 178.0]], 'score': [0.32202, 0.25586]}
2025-06-13 10:51:28,795 [INFO] Speed: 269.7/2.7/272.4 ms inference/NMS/total per 640x640 image at batch-size 1;
2025-06-13 10:51:28,796 [INFO] Detect a image success.
2025-06-13 10:51:29,082 [INFO] Predict result is: {'category_id': [], 'bbox': [], 'score': []}
2025-06-13 10:51:29,083 [INFO] Speed: 266.3/2.0/268.3 ms inference/NMS/total per 640x640 image at batch-size 1;
2025-06-13 10:51:29,083 [INFO] Detect a image success.
2025-06-13 10:51:29,389 [INFO] Predict result is: {'category_id': [1], 'bbox': [[3.25, 6.375, 308.25, 469.625]], 'score': [0.6626]}
2025-06-13 10:51:29,389 [INFO] Speed: 284.2/3.0/287.2 ms inference/NMS/total per 640x640 image at batch-size 1;
2025-06-13 10:51:29,389 [INFO] Detect a image success.
2025-06-13 10:51:29,693 [INFO] Predict result is: {'category_id': [1], 'bbox': [[1.312, 3.5, 181.188, 469.5]], 'score': [0.58057]}
2025-06-13 10:51:29,693 [INFO] Speed: 281.6/3.0/284.6 ms inference/NMS/total per 640x640 image at batch-size 1;
2025-06-13 10:51:29,693 [INFO] Detect a image success.
2025-06-13 10:51:29,982 [INFO] Predict result is: {'category_id': [1, 1], 'bbox': [[1.312, 6.0, 132.688, 471.25], [86.25, 43.875, 542.75, 435.125]], 'score': [0.47729, 0.39478]}
2025-06-13 10:51:29,982 [INFO] Speed: 268.4/3.6/271.9 ms inference/NMS/total per 640x640 image at batch-size 1;
2025-06-13 10:51:29,982 [INFO] Detect a image success.
2025-06-13 10:51:30,279 [INFO] Predict result is: {'category_id': [1, 1, 1], 'bbox': [[109.25, 29.375, 386.0, 449.625], [206.25, 0.0, 138.5, 213.75], [1.938, 1.5, 140.062, 478.5]], 'score': [0.47876, 0.29932, 0.26392]}
2025-06-13 10:51:30,279 [INFO] Speed: 268.0/8.6/276.6 ms inference/NMS/total per 640x640 image at batch-size 1;
2025-06-13 10:51:30,279 [INFO] Detect a image success.
2025-06-13 10:51:30,559 [INFO] Predict result is: {'category_id': [1], 'bbox': [[9.875, 10.5, 449.625, 469.5]], 'score': [0.43237]}
2025-06-13 10:51:30,559 [INFO] Speed: 259.4/2.0/261.4 ms inference/NMS/total per 640x640 image at batch-size 1;
2025-06-13 10:51:30,560 [INFO] Detect a image success.
2025-06-13 10:51:30,851 [INFO] Predict result is: {'category_id': [1, 1], 'bbox': [[11.125, 9.625, 387.375, 468.875], [32.75, 16.125, 599.25, 456.875]], 'score': [0.55322, 0.32275]}
2025-06-13 10:51:30,851 [INFO] Speed: 268.5/2.5/271.0 ms inference/NMS/total per 640x640 image at batch-size 1;
2025-06-13 10:51:30,852 [INFO] Detect a image success.
2025-06-13 10:51:31,134 [INFO] Predict result is: {'category_id': [1], 'bbox': [[2.5, 9.0, 611.0, 467.25]], 'score': [0.55322]}
2025-06-13 10:51:31,135 [INFO] Speed: 262.0/2.0/264.0 ms inference/NMS/total per 640x640 image at batch-size 1;
2025-06-13 10:51:31,135 [INFO] Detect a image success.
2025-06-13 10:51:31,421 [INFO] Predict result is: {'category_id': [1, 1], 'bbox': [[1.25, 1.375, 503.75, 477.125], [0.562, 0.0, 113.438, 478.0]], 'score': [0.61621, 0.30591]}
2025-06-13 10:51:31,422 [INFO] Speed: 265.8/2.0/267.8 ms inference/NMS/total per 640x640 image at batch-size 1;
2025-06-13 10:51:31,422 [INFO] Detect a image success.
2025-06-13 10:51:31,688 [INFO] Predict result is: {'category_id': [1, 1], 'bbox': [[3.75, 0.0, 486.25, 480.0], [0.0, 0.0, 108.25, 478.5]], 'score': [0.6665, 0.26416]}
2025-06-13 10:51:31,688 [INFO] Speed: 246.5/1.5/248.0 ms inference/NMS/total per 640x640 image at batch-size 1;
2025-06-13 10:51:31,688 [INFO] Detect a image success.
2025-06-13 10:51:31,960 [INFO] Predict result is: {'category_id': [1], 'bbox': [[0.0, 1.375, 508.5, 476.625]], 'score': [0.625]}
2025-06-13 10:51:31,960 [INFO] Speed: 251.2/3.0/254.2 ms inference/NMS/total per 640x640 image at batch-size 1;
2025-06-13 10:51:31,961 [INFO] Detect a image success.
2025-06-13 10:51:32,229 [INFO] Predict result is: {'category_id': [1, 76], 'bbox': [[5.25, 8.375, 603.75, 466.625], [569.5, 411.5, 70.0, 33.5]], 'score': [0.58838, 0.25488]}
2025-06-13 10:51:32,230 [INFO] Speed: 250.1/2.0/252.1 ms inference/NMS/total per 640x640 image at batch-size 1;
2025-06-13 10:51:32,230 [INFO] Detect a image success.
2025-06-13 10:51:32,503 [INFO] Predict result is: {'category_id': [1], 'bbox': [[4.75, 12.0, 611.25, 461.25]], 'score': [0.54932]}
2025-06-13 10:51:32,503 [INFO] Speed: 252.7/2.0/254.7 ms inference/NMS/total per 640x640 image at batch-size 1;
2025-06-13 10:51:32,504 [INFO] Detect a image success.
2025-06-13 10:51:32,790 [INFO] Predict result is: {'category_id': [1], 'bbox': [[0.25, 7.5, 609.75, 469.5]], 'score': [0.57324]}
2025-06-13 10:51:32,792 [INFO] Speed: 265.9/2.0/267.9 ms inference/NMS/total per 640x640 image at batch-size 1;
2025-06-13 10:51:32,792 [INFO] Detect a image success.
2025-06-13 10:51:33,065 [INFO] Predict result is: {'category_id': [1, 73, 44, 76], 'bbox': [[0.0, 6.875, 609.0, 472.625], [482.5, 281.5, 157.5, 198.0], [601.0, 88.625, 39.0, 98.0], [530.5, 407.5, 109.5, 63.5]], 'score': [0.6543, 0.40649, 0.30884, 0.271]}
2025-06-13 10:51:33,066 [INFO] Speed: 253.8/2.0/255.8 ms inference/NMS/total per 640x640 image at batch-size 1;
2025-06-13 10:51:33,066 [INFO] Detect a image success.
2025-06-13 10:51:33,344 [INFO] Predict result is: {'category_id': [1, 73, 73], 'bbox': [[0.125, 51.75, 461.375, 428.25], [452.25, 278.0, 187.75, 197.5], [418.0, 188.125, 221.0, 291.875]], 'score': [0.53711, 0.44409, 0.32959]}
2025-06-13 10:51:33,345 [INFO] Speed: 252.2/9.0/261.2 ms inference/NMS/total per 640x640 image at batch-size 1;
2025-06-13 10:51:33,345 [INFO] Detect a image success.
2025-06-13 10:51:33,620 [INFO] Predict result is: {'category_id': [1], 'bbox': [[3.25, 44.625, 413.5, 435.375]], 'score': [0.61475]}
2025-06-13 10:51:33,621 [INFO] Speed: 255.4/2.0/257.4 ms inference/NMS/total per 640x640 image at batch-size 1;
2025-06-13 10:51:33,621 [INFO] Detect a image success.
2025-06-13 10:51:33,894 [INFO] Predict result is: {'category_id': [1, 44, 73, 73, 44], 'bbox': [[3.75, 110.125, 403.0, 369.875], [593.0, 113.25, 47.0, 129.0], [356.5, 263.25, 283.5, 215.5], [413.25, 311.75, 225.75, 168.25], [535.0, 127.062, 44.0, 116.188]], 'score': [0.67822, 0.39966, 0.32397, 0.32275, 0.28394]}
2025-06-13 10:51:33,895 [INFO] Speed: 253.1/2.5/255.6 ms inference/NMS/total per 640x640 image at batch-size 1;
2025-06-13 10:51:33,895 [INFO] Detect a image success.
2025-06-13 10:51:34,168 [INFO] Predict result is: {'category_id': [1, 44], 'bbox': [[0.25, 125.0, 384.75, 355.0], [564.5, 145.125, 52.0, 112.375]], 'score': [0.43457, 0.39355]}
2025-06-13 10:51:34,168 [INFO] Speed: 250.7/4.6/255.3 ms inference/NMS/total per 640x640 image at batch-size 1;
2025-06-13 10:51:34,169 [INFO] Detect a image success.
2025-06-13 10:51:34,445 [INFO] Predict result is: {'category_id': [1, 73, 44, 82], 'bbox': [[0.0, 144.25, 376.0, 333.0], [387.0, 323.5, 251.0, 156.5], [550.0, 150.625, 52.0, 108.875], [216.125, 48.5, 416.875, 431.5]], 'score': [0.6084, 0.53174, 0.5083, 0.25415]}
2025-06-13 10:51:34,446 [INFO] Speed: 255.0/2.6/257.6 ms inference/NMS/total per 640x640 image at batch-size 1;
2025-06-13 10:51:34,446 [INFO] Detect a image success.
