2025-06-13 10:53:20,740 [WARNING] Parse Model, args: nearest, keep str type
2025-06-13 10:53:20,758 [WARNING] Parse Model, args: nearest, keep str type
2025-06-13 10:53:20,819 [INFO] number of network params, total: 7.254436M, trainable: 7.235389M
2025-06-13 10:53:20,950 [INFO] Load checkpoint from [pre_models/yolov5s/yolov5s_300e_mAP376-860bcf3b.ckpt] success.
2025-06-13 10:53:31,104 [INFO] Predict result is: {'category_id': [1, 62], 'bbox': [[1.125, 170.875, 375.875, 305.125], [171.0, 167.0, 256.0, 307.5]], 'score': [0.76709, 0.44946]}
2025-06-13 10:53:31,105 [INFO] Speed: 5681.1/2.0/5683.0 ms inference/NMS/total per 640x640 image at batch-size 1;
2025-06-13 10:53:31,105 [INFO] Detect a image success.
2025-06-13 10:53:31,823 [INFO] Predict result is: {'category_id': [1, 62], 'bbox': [[0.0, 178.25, 374.0, 298.5], [166.125, 167.25, 259.375, 306.5]], 'score': [0.80225, 0.59375]}
2025-06-13 10:53:31,825 [INFO] Speed: 513.6/1.1/514.7 ms inference/NMS/total per 640x640 image at batch-size 1;
2025-06-13 10:53:31,825 [INFO] Detect a image success.
2025-06-13 10:53:32,350 [INFO] Predict result is: {'category_id': [1, 62], 'bbox': [[0.875, 176.75, 371.625, 300.0], [165.875, 168.0, 259.125, 306.5]], 'score': [0.83838, 0.58301]}
2025-06-13 10:53:32,350 [INFO] Speed: 502.5/2.0/504.5 ms inference/NMS/total per 640x640 image at batch-size 1;
2025-06-13 10:53:32,350 [INFO] Detect a image success.
2025-06-13 10:53:32,920 [INFO] Predict result is: {'category_id': [1, 62], 'bbox': [[0.0, 181.0, 370.5, 296.5], [163.25, 166.75, 262.0, 306.0]], 'score': [0.81104, 0.53809]}
2025-06-13 10:53:32,921 [INFO] Speed: 553.0/2.5/555.5 ms inference/NMS/total per 640x640 image at batch-size 1;
2025-06-13 10:53:32,921 [INFO] Detect a image success.
2025-06-13 10:53:33,534 [INFO] Predict result is: {'category_id': [1, 62], 'bbox': [[0.0, 187.625, 361.5, 289.875], [163.75, 168.375, 262.0, 305.125]], 'score': [0.8125, 0.62012]}
2025-06-13 10:53:33,535 [INFO] Speed: 594.4/2.0/596.4 ms inference/NMS/total per 640x640 image at batch-size 1;
2025-06-13 10:53:33,535 [INFO] Detect a image success.
2025-06-13 10:53:33,915 [INFO] Predict result is: {'category_id': [1, 62, 1], 'bbox': [[0.0, 188.375, 356.25, 288.125], [163.0, 168.25, 262.0, 304.0], [70.062, 157.375, 129.938, 137.125]], 'score': [0.83984, 0.61035, 0.35498]}
2025-06-13 10:53:33,916 [INFO] Speed: 362.1/2.5/364.7 ms inference/NMS/total per 640x640 image at batch-size 1;
2025-06-13 10:53:33,916 [INFO] Detect a image success.
2025-06-13 10:53:34,297 [INFO] Predict result is: {'category_id': [1, 62, 1], 'bbox': [[0.0, 186.875, 355.0, 289.125], [165.125, 168.5, 260.375, 304.0], [74.125, 158.5, 125.25, 137.0]], 'score': [0.83691, 0.64502, 0.37012]}
2025-06-13 10:53:34,297 [INFO] Speed: 363.9/2.6/366.5 ms inference/NMS/total per 640x640 image at batch-size 1;
2025-06-13 10:53:34,298 [INFO] Detect a image success.
2025-06-13 10:53:34,671 [INFO] Predict result is: {'category_id': [1, 62, 1], 'bbox': [[0.0, 187.875, 352.5, 288.125], [165.375, 169.0, 259.125, 304.0], [75.375, 156.875, 124.5, 137.125]], 'score': [0.85254, 0.65234, 0.36426]}
2025-06-13 10:53:34,671 [INFO] Speed: 355.7/2.0/357.7 ms inference/NMS/total per 640x640 image at batch-size 1;
2025-06-13 10:53:34,671 [INFO] Detect a image success.
2025-06-13 10:53:35,043 [INFO] Predict result is: {'category_id': [1, 62, 1], 'bbox': [[0.0, 186.625, 352.0, 289.875], [164.375, 169.0, 260.125, 304.0], [69.188, 157.875, 130.562, 136.625]], 'score': [0.84326, 0.64941, 0.35522]}
2025-06-13 10:53:35,043 [INFO] Speed: 354.1/1.0/355.1 ms inference/NMS/total per 640x640 image at batch-size 1;
2025-06-13 10:53:35,043 [INFO] Detect a image success.
2025-06-13 10:53:35,427 [INFO] Predict result is: {'category_id': [1, 62, 1], 'bbox': [[0.0, 179.375, 352.25, 297.125], [162.875, 167.5, 262.625, 304.0], [79.5, 157.875, 119.25, 136.625]], 'score': [0.82715, 0.56104, 0.32373]}
2025-06-13 10:53:35,428 [INFO] Speed: 366.1/2.1/368.2 ms inference/NMS/total per 640x640 image at batch-size 1;
2025-06-13 10:53:35,428 [INFO] Detect a image success.
2025-06-13 10:53:35,737 [INFO] Predict result is: {'category_id': [1, 62, 1], 'bbox': [[0.0, 180.75, 358.5, 296.0], [162.125, 168.375, 263.875, 305.125], [68.375, 157.5, 130.75, 133.0]], 'score': [0.80029, 0.62109, 0.33936]}
2025-06-13 10:53:35,737 [INFO] Speed: 289.0/2.0/291.0 ms inference/NMS/total per 640x640 image at batch-size 1;
2025-06-13 10:53:35,737 [INFO] Detect a image success.
2025-06-13 10:53:36,048 [INFO] Predict result is: {'category_id': [1, 62, 1], 'bbox': [[0.0, 179.125, 355.25, 297.375], [164.875, 168.875, 260.125, 305.125], [68.938, 156.5, 130.312, 132.5]], 'score': [0.81885, 0.6543, 0.42749]}
2025-06-13 10:53:36,048 [INFO] Speed: 294.6/2.0/296.6 ms inference/NMS/total per 640x640 image at batch-size 1;
2025-06-13 10:53:36,049 [INFO] Detect a image success.
2025-06-13 10:53:36,361 [INFO] Predict result is: {'category_id': [1, 62, 1], 'bbox': [[0.0, 174.25, 356.5, 302.0], [164.0, 168.75, 261.0, 306.0], [78.5, 157.25, 121.75, 133.0]], 'score': [0.79541, 0.646, 0.31592]}
2025-06-13 10:53:36,361 [INFO] Speed: 295.3/1.5/296.9 ms inference/NMS/total per 640x640 image at batch-size 1;
2025-06-13 10:53:36,361 [INFO] Detect a image success.
2025-06-13 10:53:36,673 [INFO] Predict result is: {'category_id': [1, 62, 1], 'bbox': [[0.0, 182.25, 353.5, 294.0], [164.375, 168.875, 260.625, 304.625], [71.875, 156.5, 127.0, 131.25]], 'score': [0.84473, 0.60254, 0.42041]}
2025-06-13 10:53:36,673 [INFO] Speed: 294.1/2.0/296.1 ms inference/NMS/total per 640x640 image at batch-size 1;
2025-06-13 10:53:36,674 [INFO] Detect a image success.
2025-06-13 10:53:36,981 [INFO] Predict result is: {'category_id': [1, 62, 1], 'bbox': [[0.0, 181.125, 352.75, 295.375], [164.75, 168.25, 261.0, 306.5], [81.625, 156.5, 116.75, 130.5]], 'score': [0.82568, 0.64014, 0.25342]}
2025-06-13 10:53:36,982 [INFO] Speed: 290.2/2.0/292.2 ms inference/NMS/total per 640x640 image at batch-size 1;
2025-06-13 10:53:36,982 [INFO] Detect a image success.
2025-06-13 10:53:37,256 [INFO] Predict result is: {'category_id': [1, 62, 1], 'bbox': [[0.0, 181.625, 353.0, 294.875], [166.75, 167.25, 258.0, 305.5], [77.938, 157.0, 121.312, 131.0]], 'score': [0.84863, 0.60498, 0.35962]}
2025-06-13 10:53:37,257 [INFO] Speed: 255.5/2.5/258.0 ms inference/NMS/total per 640x640 image at batch-size 1;
2025-06-13 10:53:37,257 [INFO] Detect a image success.
2025-06-13 10:53:37,530 [INFO] Predict result is: {'category_id': [1, 62, 1], 'bbox': [[0.0, 180.875, 353.75, 295.125], [165.375, 168.5, 259.625, 306.0], [76.375, 156.625, 123.5, 130.875]], 'score': [0.84277, 0.65576, 0.31226]}
2025-06-13 10:53:37,530 [INFO] Speed: 255.1/1.5/256.6 ms inference/NMS/total per 640x640 image at batch-size 1;
2025-06-13 10:53:37,530 [INFO] Detect a image success.
2025-06-13 10:53:37,813 [INFO] Predict result is: {'category_id': [1, 62, 1], 'bbox': [[0.0, 182.375, 356.0, 293.625], [167.75, 169.5, 256.5, 304.0], [76.625, 157.25, 123.5, 131.5]], 'score': [0.83301, 0.6582, 0.36523]}
2025-06-13 10:53:37,813 [INFO] Speed: 264.7/2.7/267.4 ms inference/NMS/total per 640x640 image at batch-size 1;
2025-06-13 10:53:37,813 [INFO] Detect a image success.
2025-06-13 10:53:38,091 [INFO] Predict result is: {'category_id': [1, 62, 1], 'bbox': [[0.0, 182.5, 353.0, 294.0], [166.375, 168.125, 258.125, 304.875], [74.375, 156.5, 125.5, 130.5]], 'score': [0.84521, 0.62549, 0.25146]}
2025-06-13 10:53:38,091 [INFO] Speed: 260.3/2.0/262.3 ms inference/NMS/total per 640x640 image at batch-size 1;
2025-06-13 10:53:38,091 [INFO] Detect a image success.
2025-06-13 10:53:38,372 [INFO] Predict result is: {'category_id': [1, 62], 'bbox': [[0.0, 184.0, 353.75, 292.0], [163.0, 169.625, 261.0, 304.875]], 'score': [0.8374, 0.66357]}
2025-06-13 10:53:38,372 [INFO] Speed: 264.4/1.6/266.1 ms inference/NMS/total per 640x640 image at batch-size 1;
2025-06-13 10:53:38,372 [INFO] Detect a image success.
2025-06-13 10:53:38,621 [INFO] Predict result is: {'category_id': [1, 62, 1], 'bbox': [[0.0, 184.0, 355.0, 292.0], [164.125, 169.5, 260.875, 304.0], [75.062, 156.875, 125.438, 133.125]], 'score': [0.84521, 0.65918, 0.32983]}
2025-06-13 10:53:38,621 [INFO] Speed: 230.7/2.0/232.7 ms inference/NMS/total per 640x640 image at batch-size 1;
2025-06-13 10:53:38,622 [INFO] Detect a image success.
2025-06-13 10:53:38,871 [INFO] Predict result is: {'category_id': [1, 62, 1], 'bbox': [[0.0, 182.25, 355.0, 294.0], [163.5, 168.375, 261.5, 305.125], [76.0, 157.75, 122.5, 130.25]], 'score': [0.83154, 0.60645, 0.33081]}
2025-06-13 10:53:38,871 [INFO] Speed: 231.1/3.0/234.1 ms inference/NMS/total per 640x640 image at batch-size 1;
2025-06-13 10:53:38,872 [INFO] Detect a image success.
2025-06-13 10:53:39,123 [INFO] Predict result is: {'category_id': [1, 62, 1], 'bbox': [[0.0, 184.375, 351.5, 291.125], [170.25, 169.875, 254.0, 305.625], [76.25, 157.25, 123.25, 131.25]], 'score': [0.8457, 0.68262, 0.38257]}
2025-06-13 10:53:39,123 [INFO] Speed: 232.6/3.0/235.6 ms inference/NMS/total per 640x640 image at batch-size 1;
2025-06-13 10:53:39,123 [INFO] Detect a image success.
2025-06-13 10:53:39,382 [INFO] Predict result is: {'category_id': [1, 62, 1], 'bbox': [[0.0, 183.25, 351.5, 293.0], [163.5, 168.625, 261.0, 305.375], [77.375, 156.75, 122.5, 132.5]], 'score': [0.8501, 0.65186, 0.39502]}
2025-06-13 10:53:39,382 [INFO] Speed: 240.6/2.0/242.6 ms inference/NMS/total per 640x640 image at batch-size 1;
2025-06-13 10:53:39,382 [INFO] Detect a image success.
2025-06-13 10:53:39,643 [INFO] Predict result is: {'category_id': [1, 62, 1], 'bbox': [[0.0, 182.375, 351.0, 293.625], [167.0, 168.625, 257.5, 304.875], [78.125, 157.75, 121.0, 129.25]], 'score': [0.82617, 0.63135, 0.30029]}
2025-06-13 10:53:39,645 [INFO] Speed: 242.9/2.6/245.4 ms inference/NMS/total per 640x640 image at batch-size 1;
2025-06-13 10:53:39,645 [INFO] Detect a image success.
2025-06-13 10:53:39,906 [INFO] Predict result is: {'category_id': [1, 62, 1], 'bbox': [[0.0, 181.5, 352.5, 294.0], [168.0, 169.125, 255.5, 305.375], [80.875, 156.875, 120.0, 131.625]], 'score': [0.83887, 0.67285, 0.33447]}
2025-06-13 10:53:39,907 [INFO] Speed: 243.3/1.6/244.9 ms inference/NMS/total per 640x640 image at batch-size 1;
2025-06-13 10:53:39,907 [INFO] Detect a image success.
2025-06-13 10:53:40,163 [INFO] Predict result is: {'category_id': [1, 62, 1], 'bbox': [[0.0, 183.25, 356.0, 293.0], [167.75, 169.75, 256.0, 302.5], [77.25, 157.5, 122.0, 129.75]], 'score': [0.82959, 0.68066, 0.38062]}
2025-06-13 10:53:40,163 [INFO] Speed: 238.5/2.0/240.5 ms inference/NMS/total per 640x640 image at batch-size 1;
2025-06-13 10:53:40,164 [INFO] Detect a image success.
2025-06-13 10:53:40,437 [INFO] Predict result is: {'category_id': [1, 62, 1], 'bbox': [[0.0, 180.375, 357.0, 295.125], [166.625, 168.75, 258.875, 306.0], [79.875, 157.0, 119.0, 128.25]], 'score': [0.83984, 0.64795, 0.25098]}
2025-06-13 10:53:40,437 [INFO] Speed: 253.0/2.6/255.6 ms inference/NMS/total per 640x640 image at batch-size 1;
2025-06-13 10:53:40,437 [INFO] Detect a image success.
2025-06-13 10:53:40,699 [INFO] Predict result is: {'category_id': [1, 62], 'bbox': [[0.0, 182.5, 353.5, 294.0], [166.0, 168.25, 258.5, 306.5]], 'score': [0.82373, 0.64893]}
2025-06-13 10:53:40,699 [INFO] Speed: 242.2/3.0/245.2 ms inference/NMS/total per 640x640 image at batch-size 1;
2025-06-13 10:53:40,699 [INFO] Detect a image success.
2025-06-13 10:53:40,963 [INFO] Predict result is: {'category_id': [1, 62, 1], 'bbox': [[0.0, 178.875, 349.0, 297.125], [167.0, 169.0, 257.5, 302.5], [78.875, 157.75, 120.5, 127.25]], 'score': [0.84863, 0.64258, 0.32178]}
2025-06-13 10:53:40,963 [INFO] Speed: 244.8/2.0/246.8 ms inference/NMS/total per 640x640 image at batch-size 1;
2025-06-13 10:53:40,963 [INFO] Detect a image success.
2025-06-13 10:53:41,228 [INFO] Predict result is: {'category_id': [1, 62, 1], 'bbox': [[0.0, 182.25, 350.25, 294.0], [165.75, 168.125, 258.5, 304.875], [82.375, 157.125, 116.5, 129.375]], 'score': [0.81494, 0.55859, 0.27173]}
2025-06-13 10:53:41,229 [INFO] Speed: 246.3/1.6/247.9 ms inference/NMS/total per 640x640 image at batch-size 1;
2025-06-13 10:53:41,229 [INFO] Detect a image success.
2025-06-13 10:53:41,513 [INFO] Predict result is: {'category_id': [1, 62, 1], 'bbox': [[0.0, 180.25, 349.0, 296.0], [163.5, 167.75, 261.0, 304.0], [83.375, 156.75, 117.0, 131.25]], 'score': [0.83203, 0.5791, 0.30396]}
2025-06-13 10:53:41,513 [INFO] Speed: 258.4/2.0/260.5 ms inference/NMS/total per 640x640 image at batch-size 1;
2025-06-13 10:53:41,513 [INFO] Detect a image success.
2025-06-13 10:53:41,780 [INFO] Predict result is: {'category_id': [1, 62, 1], 'bbox': [[0.0, 182.0, 352.0, 294.0], [166.0, 169.25, 258.5, 304.0], [79.188, 156.875, 119.812, 128.625]], 'score': [0.82617, 0.67578, 0.27539]}
2025-06-13 10:53:41,781 [INFO] Speed: 247.2/3.0/250.2 ms inference/NMS/total per 640x640 image at batch-size 1;
2025-06-13 10:53:41,781 [INFO] Detect a image success.
2025-06-13 10:53:42,047 [INFO] Predict result is: {'category_id': [1, 62], 'bbox': [[0.0, 179.75, 349.0, 296.5], [166.5, 168.375, 257.5, 303.125]], 'score': [0.83398, 0.63916]}
2025-06-13 10:53:42,047 [INFO] Speed: 246.6/2.5/249.1 ms inference/NMS/total per 640x640 image at batch-size 1;
2025-06-13 10:53:42,047 [INFO] Detect a image success.
2025-06-13 10:53:42,308 [INFO] Predict result is: {'category_id': [1, 62], 'bbox': [[0.0, 180.75, 350.75, 296.0], [167.0, 169.75, 257.5, 302.5]], 'score': [0.84473, 0.63818]}
2025-06-13 10:53:42,308 [INFO] Speed: 242.1/2.7/244.8 ms inference/NMS/total per 640x640 image at batch-size 1;
2025-06-13 10:53:42,308 [INFO] Detect a image success.
2025-06-13 10:53:42,570 [INFO] Predict result is: {'category_id': [1, 62], 'bbox': [[0.0, 181.375, 349.5, 294.625], [167.5, 168.0, 256.5, 306.0]], 'score': [0.81006, 0.62305]}
2025-06-13 10:53:42,571 [INFO] Speed: 243.3/2.0/245.4 ms inference/NMS/total per 640x640 image at batch-size 1;
2025-06-13 10:53:42,571 [INFO] Detect a image success.
2025-06-13 10:53:42,840 [INFO] Predict result is: {'category_id': [1, 62], 'bbox': [[0.0, 182.5, 353.5, 294.0], [168.5, 169.125, 255.0, 303.375]], 'score': [0.83936, 0.64648]}
2025-06-13 10:53:42,840 [INFO] Speed: 248.7/3.0/251.7 ms inference/NMS/total per 640x640 image at batch-size 1;
2025-06-13 10:53:42,840 [INFO] Detect a image success.
2025-06-13 10:53:43,102 [INFO] Predict result is: {'category_id': [1, 62, 1], 'bbox': [[0.0, 182.0, 351.5, 294.0], [168.0, 169.0, 256.0, 304.0], [79.5, 157.25, 119.75, 129.0]], 'score': [0.82324, 0.61768, 0.29321]}
2025-06-13 10:53:43,103 [INFO] Speed: 243.1/2.0/245.1 ms inference/NMS/total per 640x640 image at batch-size 1;
2025-06-13 10:53:43,103 [INFO] Detect a image success.
2025-06-13 10:53:43,379 [INFO] Predict result is: {'category_id': [1, 62], 'bbox': [[0.0, 181.625, 351.0, 294.875], [165.375, 169.0, 258.625, 304.0]], 'score': [0.82812, 0.6377]}
2025-06-13 10:53:43,380 [INFO] Speed: 257.2/2.0/259.2 ms inference/NMS/total per 640x640 image at batch-size 1;
2025-06-13 10:53:43,380 [INFO] Detect a image success.
2025-06-13 10:53:43,659 [INFO] Predict result is: {'category_id': [1, 62, 1], 'bbox': [[0.0, 181.375, 351.75, 295.125], [168.75, 168.875, 255.0, 303.125], [84.0, 156.875, 116.5, 130.625]], 'score': [0.8252, 0.62158, 0.31299]}
2025-06-13 10:53:43,659 [INFO] Speed: 257.4/2.0/259.4 ms inference/NMS/total per 640x640 image at batch-size 1;
2025-06-13 10:53:43,660 [INFO] Detect a image success.
2025-06-13 10:53:43,929 [INFO] Predict result is: {'category_id': [1, 62, 1], 'bbox': [[0.0, 183.25, 351.0, 293.0], [166.75, 168.875, 258.5, 305.125], [78.688, 156.875, 119.812, 129.125]], 'score': [0.83447, 0.6499, 0.26318]}
2025-06-13 10:53:43,930 [INFO] Speed: 250.2/2.0/252.2 ms inference/NMS/total per 640x640 image at batch-size 1;
2025-06-13 10:53:43,930 [INFO] Detect a image success.
2025-06-13 10:53:44,198 [INFO] Predict result is: {'category_id': [1, 62, 1], 'bbox': [[0.0, 183.5, 352.0, 293.0], [165.875, 169.125, 259.125, 305.375], [74.125, 157.5, 125.25, 128.5]], 'score': [0.82324, 0.67529, 0.26538]}
2025-06-13 10:53:44,198 [INFO] Speed: 248.3/2.0/250.3 ms inference/NMS/total per 640x640 image at batch-size 1;
2025-06-13 10:53:44,198 [INFO] Detect a image success.
2025-06-13 10:53:44,467 [INFO] Predict result is: {'category_id': [1, 62, 1], 'bbox': [[0.0, 179.875, 353.0, 296.625], [169.25, 169.0, 255.0, 304.0], [73.125, 157.125, 126.5, 127.875]], 'score': [0.82227, 0.60205, 0.29688]}
2025-06-13 10:53:44,468 [INFO] Speed: 249.9/2.0/252.0 ms inference/NMS/total per 640x640 image at batch-size 1;
2025-06-13 10:53:44,468 [INFO] Detect a image success.
2025-06-13 10:53:44,733 [INFO] Predict result is: {'category_id': [1, 62], 'bbox': [[0.0, 171.625, 346.5, 305.875], [164.5, 168.375, 261.0, 303.125]], 'score': [0.82812, 0.59961]}
2025-06-13 10:53:44,733 [INFO] Speed: 248.5/2.0/250.5 ms inference/NMS/total per 640x640 image at batch-size 1;
2025-06-13 10:53:44,734 [INFO] Detect a image success.
2025-06-13 10:53:45,006 [INFO] Predict result is: {'category_id': [1, 62], 'bbox': [[0.5, 172.875, 346.75, 305.125], [166.75, 168.375, 258.5, 305.125]], 'score': [0.81543, 0.62354]}
2025-06-13 10:53:45,006 [INFO] Speed: 253.3/2.5/255.8 ms inference/NMS/total per 640x640 image at batch-size 1;
2025-06-13 10:53:45,006 [INFO] Detect a image success.
2025-06-13 10:53:45,277 [INFO] Predict result is: {'category_id': [1, 62], 'bbox': [[0.875, 175.75, 349.125, 301.5], [165.875, 168.875, 258.625, 304.625]], 'score': [0.85254, 0.62451]}
2025-06-13 10:53:45,277 [INFO] Speed: 251.4/3.6/254.9 ms inference/NMS/total per 640x640 image at batch-size 1;
2025-06-13 10:53:45,278 [INFO] Detect a image success.
2025-06-13 10:53:45,544 [INFO] Predict result is: {'category_id': [1, 62], 'bbox': [[1.5, 173.625, 348.25, 304.375], [166.0, 169.0, 258.5, 304.0]], 'score': [0.84619, 0.64404]}
2025-06-13 10:53:45,545 [INFO] Speed: 248.1/3.0/251.1 ms inference/NMS/total per 640x640 image at batch-size 1;
2025-06-13 10:53:45,545 [INFO] Detect a image success.
2025-06-13 10:53:45,812 [INFO] Predict result is: {'category_id': [1, 62], 'bbox': [[0.5, 174.5, 350.5, 303.0], [168.25, 169.5, 256.5, 304.0]], 'score': [0.82471, 0.65527]}
2025-06-13 10:53:45,813 [INFO] Speed: 248.4/2.0/250.4 ms inference/NMS/total per 640x640 image at batch-size 1;
2025-06-13 10:53:45,813 [INFO] Detect a image success.
2025-06-13 10:53:46,082 [INFO] Predict result is: {'category_id': [1, 62], 'bbox': [[0.0, 176.0, 346.0, 301.5], [167.75, 168.625, 256.5, 305.375]], 'score': [0.83447, 0.59424]}
2025-06-13 10:53:46,082 [INFO] Speed: 249.0/3.5/252.5 ms inference/NMS/total per 640x640 image at batch-size 1;
2025-06-13 10:53:46,083 [INFO] Detect a image success.
2025-06-13 10:53:46,353 [INFO] Predict result is: {'category_id': [1, 62], 'bbox': [[0.25, 174.5, 344.5, 303.0], [169.0, 168.875, 255.0, 303.125]], 'score': [0.84521, 0.64551]}
2025-06-13 10:53:46,353 [INFO] Speed: 252.8/2.0/254.8 ms inference/NMS/total per 640x640 image at batch-size 1;
2025-06-13 10:53:46,353 [INFO] Detect a image success.
2025-06-13 10:53:46,622 [INFO] Predict result is: {'category_id': [1, 62], 'bbox': [[0.0, 177.625, 346.25, 299.875], [169.25, 169.625, 255.0, 303.875]], 'score': [0.83984, 0.646]}
2025-06-13 10:53:46,623 [INFO] Speed: 249.8/2.0/251.8 ms inference/NMS/total per 640x640 image at batch-size 1;
2025-06-13 10:53:46,623 [INFO] Detect a image success.
2025-06-13 10:53:46,902 [INFO] Predict result is: {'category_id': [1, 62], 'bbox': [[0.0, 178.5, 348.25, 298.5], [165.125, 169.125, 259.875, 305.375]], 'score': [0.82959, 0.64404]}
2025-06-13 10:53:46,902 [INFO] Speed: 258.9/2.0/260.9 ms inference/NMS/total per 640x640 image at batch-size 1;
2025-06-13 10:53:46,902 [INFO] Detect a image success.
2025-06-13 10:53:47,181 [INFO] Predict result is: {'category_id': [1, 62], 'bbox': [[0.0, 175.125, 350.5, 302.375], [166.0, 169.25, 258.5, 304.0]], 'score': [0.81982, 0.67236]}
2025-06-13 10:53:47,181 [INFO] Speed: 259.6/2.6/262.2 ms inference/NMS/total per 640x640 image at batch-size 1;
2025-06-13 10:53:47,182 [INFO] Detect a image success.
2025-06-13 10:53:47,459 [INFO] Predict result is: {'category_id': [1, 62], 'bbox': [[0.0, 176.625, 348.25, 299.875], [168.0, 168.625, 257.5, 305.875]], 'score': [0.83887, 0.71631]}
2025-06-13 10:53:47,459 [INFO] Speed: 257.2/2.1/259.3 ms inference/NMS/total per 640x640 image at batch-size 1;
2025-06-13 10:53:47,459 [INFO] Detect a image success.
2025-06-13 10:53:47,740 [INFO] Predict result is: {'category_id': [1, 62], 'bbox': [[0.0, 180.125, 349.0, 296.875], [164.875, 168.375, 259.625, 305.125]], 'score': [0.83301, 0.63525]}
2025-06-13 10:53:47,741 [INFO] Speed: 259.5/2.6/262.1 ms inference/NMS/total per 640x640 image at batch-size 1;
2025-06-13 10:53:47,741 [INFO] Detect a image success.
2025-06-13 10:53:48,010 [INFO] Predict result is: {'category_id': [1, 62], 'bbox': [[0.0, 180.5, 347.5, 296.0], [169.5, 169.125, 255.0, 305.375]], 'score': [0.81152, 0.6665]}
2025-06-13 10:53:48,011 [INFO] Speed: 251.6/2.2/253.9 ms inference/NMS/total per 640x640 image at batch-size 1;
2025-06-13 10:53:48,011 [INFO] Detect a image success.
2025-06-13 10:53:48,291 [INFO] Predict result is: {'category_id': [1, 62], 'bbox': [[0.0, 176.75, 346.5, 300.5], [165.875, 168.625, 259.125, 305.375]], 'score': [0.84766, 0.65039]}
2025-06-13 10:53:48,291 [INFO] Speed: 259.4/2.0/261.4 ms inference/NMS/total per 640x640 image at batch-size 1;
2025-06-13 10:53:48,291 [INFO] Detect a image success.
2025-06-13 10:53:48,565 [INFO] Predict result is: {'category_id': [1, 62], 'bbox': [[0.0, 177.25, 350.0, 300.0], [163.25, 168.75, 262.0, 304.0]], 'score': [0.84033, 0.58691]}
2025-06-13 10:53:48,566 [INFO] Speed: 253.8/2.5/256.3 ms inference/NMS/total per 640x640 image at batch-size 1;
2025-06-13 10:53:48,566 [INFO] Detect a image success.
2025-06-13 10:53:48,845 [INFO] Predict result is: {'category_id': [1, 62], 'bbox': [[0.5, 174.375, 351.5, 304.125], [165.375, 168.75, 259.125, 302.0]], 'score': [0.83594, 0.60938]}
2025-06-13 10:53:48,846 [INFO] Speed: 259.3/2.6/261.9 ms inference/NMS/total per 640x640 image at batch-size 1;
2025-06-13 10:53:48,846 [INFO] Detect a image success.
2025-06-13 10:53:49,133 [INFO] Predict result is: {'category_id': [1, 62], 'bbox': [[2.0, 177.125, 351.5, 300.875], [167.75, 168.875, 256.5, 305.125]], 'score': [0.83447, 0.66211]}
2025-06-13 10:53:49,133 [INFO] Speed: 267.3/2.7/269.9 ms inference/NMS/total per 640x640 image at batch-size 1;
2025-06-13 10:53:49,135 [INFO] Detect a image success.
2025-06-13 10:53:49,415 [INFO] Predict result is: {'category_id': [1, 62, 1], 'bbox': [[1.25, 179.75, 350.75, 298.5], [170.125, 169.125, 253.875, 305.375], [84.125, 156.75, 114.5, 124.75]], 'score': [0.82861, 0.5918, 0.2771]}
2025-06-13 10:53:49,416 [INFO] Speed: 261.5/2.7/264.2 ms inference/NMS/total per 640x640 image at batch-size 1;
2025-06-13 10:53:49,416 [INFO] Detect a image success.
2025-06-13 10:53:49,699 [INFO] Predict result is: {'category_id': [1, 62, 1], 'bbox': [[1.5, 177.875, 350.0, 299.625], [165.75, 168.875, 258.5, 303.125], [83.625, 156.875, 115.0, 124.125]], 'score': [0.84082, 0.64697, 0.30884]}
2025-06-13 10:53:49,699 [INFO] Speed: 263.9/2.5/266.4 ms inference/NMS/total per 640x640 image at batch-size 1;
2025-06-13 10:53:49,700 [INFO] Detect a image success.
2025-06-13 10:53:49,973 [INFO] Predict result is: {'category_id': [1, 62, 1], 'bbox': [[1.125, 178.75, 350.875, 298.5], [167.75, 169.0, 256.5, 304.0], [83.5, 157.25, 115.5, 124.75]], 'score': [0.85156, 0.66553, 0.30176]}
2025-06-13 10:53:49,975 [INFO] Speed: 253.8/2.0/255.9 ms inference/NMS/total per 640x640 image at batch-size 1;
2025-06-13 10:53:49,975 [INFO] Detect a image success.
2025-06-13 10:53:50,257 [INFO] Predict result is: {'category_id': [1, 62], 'bbox': [[0.25, 178.125, 350.0, 299.875], [166.0, 168.25, 258.5, 304.0]], 'score': [0.84473, 0.64307]}
2025-06-13 10:53:50,258 [INFO] Speed: 262.0/3.0/265.0 ms inference/NMS/total per 640x640 image at batch-size 1;
2025-06-13 10:53:50,259 [INFO] Detect a image success.
2025-06-13 10:53:50,542 [INFO] Predict result is: {'category_id': [1, 62], 'bbox': [[0.5, 179.0, 354.5, 298.5], [170.125, 169.625, 253.875, 305.375]], 'score': [0.81982, 0.66211]}
2025-06-13 10:53:50,543 [INFO] Speed: 263.5/2.0/265.5 ms inference/NMS/total per 640x640 image at batch-size 1;
2025-06-13 10:53:50,543 [INFO] Detect a image success.
2025-06-13 10:53:50,831 [INFO] Predict result is: {'category_id': [1, 62], 'bbox': [[0.625, 177.625, 353.375, 299.875], [167.5, 169.625, 257.5, 305.375]], 'score': [0.81885, 0.66455]}
2025-06-13 10:53:50,831 [INFO] Speed: 267.1/2.6/269.7 ms inference/NMS/total per 640x640 image at batch-size 1;
2025-06-13 10:53:50,832 [INFO] Detect a image success.
2025-06-13 10:53:51,114 [INFO] Predict result is: {'category_id': [1, 62, 1], 'bbox': [[0.0, 176.625, 354.0, 300.875], [168.25, 168.75, 256.5, 306.0], [83.25, 157.25, 114.5, 122.75]], 'score': [0.80957, 0.64111, 0.25342]}
2025-06-13 10:53:51,114 [INFO] Speed: 260.9/2.0/262.9 ms inference/NMS/total per 640x640 image at batch-size 1;
2025-06-13 10:53:51,114 [INFO] Detect a image success.
2025-06-13 10:53:51,406 [INFO] Predict result is: {'category_id': [1, 62], 'bbox': [[1.125, 178.125, 352.375, 299.375], [168.0, 168.625, 256.5, 303.875]], 'score': [0.83057, 0.61865]}
2025-06-13 10:53:51,407 [INFO] Speed: 270.9/2.6/273.5 ms inference/NMS/total per 640x640 image at batch-size 1;
2025-06-13 10:53:51,407 [INFO] Detect a image success.
2025-06-13 10:53:51,699 [INFO] Predict result is: {'category_id': [1, 62], 'bbox': [[0.5, 180.125, 356.0, 297.375], [167.25, 169.375, 257.5, 303.125]], 'score': [0.82812, 0.63428]}
2025-06-13 10:53:51,700 [INFO] Speed: 269.2/2.5/271.7 ms inference/NMS/total per 640x640 image at batch-size 1;
2025-06-13 10:53:51,700 [INFO] Detect a image success.
2025-06-13 10:53:51,978 [INFO] Predict result is: {'category_id': [1, 62], 'bbox': [[0.0, 177.875, 354.75, 299.125], [169.25, 168.75, 255.0, 304.0]], 'score': [0.83398, 0.66064]}
2025-06-13 10:53:51,979 [INFO] Speed: 258.3/2.0/260.3 ms inference/NMS/total per 640x640 image at batch-size 1;
2025-06-13 10:53:51,979 [INFO] Detect a image success.
2025-06-13 10:53:52,262 [INFO] Predict result is: {'category_id': [1, 62], 'bbox': [[0.0, 176.375, 357.5, 301.125], [168.25, 168.125, 256.0, 307.375]], 'score': [0.80518, 0.55615]}
2025-06-13 10:53:52,263 [INFO] Speed: 263.4/2.2/265.5 ms inference/NMS/total per 640x640 image at batch-size 1;
2025-06-13 10:53:52,263 [INFO] Detect a image success.
2025-06-13 10:53:52,550 [INFO] Predict result is: {'category_id': [1, 62], 'bbox': [[1.75, 173.375, 355.25, 304.125], [169.25, 167.375, 255.0, 307.625]], 'score': [0.81641, 0.55029]}
2025-06-13 10:53:52,551 [INFO] Speed: 267.8/2.0/269.8 ms inference/NMS/total per 640x640 image at batch-size 1;
2025-06-13 10:53:52,551 [INFO] Detect a image success.
2025-06-13 10:53:52,834 [INFO] Predict result is: {'category_id': [1, 62], 'bbox': [[3.25, 172.125, 361.5, 305.375], [171.875, 168.375, 252.625, 305.125]], 'score': [0.77295, 0.53223]}
2025-06-13 10:53:52,835 [INFO] Speed: 262.0/2.0/264.1 ms inference/NMS/total per 640x640 image at batch-size 1;
2025-06-13 10:53:52,835 [INFO] Detect a image success.
2025-06-13 10:53:53,118 [INFO] Predict result is: {'category_id': [1, 62], 'bbox': [[0.0, 180.625, 371.5, 297.375], [167.25, 168.75, 257.5, 306.5]], 'score': [0.75098, 0.64893]}
2025-06-13 10:53:53,119 [INFO] Speed: 263.5/2.1/265.6 ms inference/NMS/total per 640x640 image at batch-size 1;
2025-06-13 10:53:53,119 [INFO] Detect a image success.
2025-06-13 10:53:53,412 [INFO] Predict result is: {'category_id': [1, 62], 'bbox': [[1.25, 177.0, 362.0, 300.0], [169.5, 168.125, 255.0, 307.375]], 'score': [0.82031, 0.59814]}
2025-06-13 10:53:53,412 [INFO] Speed: 272.7/3.0/275.7 ms inference/NMS/total per 640x640 image at batch-size 1;
2025-06-13 10:53:53,412 [INFO] Detect a image success.
2025-06-13 10:53:53,696 [INFO] Predict result is: {'category_id': [1, 62], 'bbox': [[0.25, 184.125, 367.25, 293.875], [165.125, 168.25, 259.875, 306.0]], 'score': [0.81689, 0.61377]}
2025-06-13 10:53:53,696 [INFO] Speed: 262.5/2.6/265.0 ms inference/NMS/total per 640x640 image at batch-size 1;
2025-06-13 10:53:53,696 [INFO] Detect a image success.
2025-06-13 10:53:53,981 [INFO] Predict result is: {'category_id': [1, 62, 1], 'bbox': [[0.0, 182.375, 368.75, 295.125], [166.875, 168.625, 257.125, 305.375], [81.375, 156.75, 118.75, 124.0]], 'score': [0.83057, 0.65967, 0.28174]}
2025-06-13 10:53:53,981 [INFO] Speed: 263.8/3.0/266.8 ms inference/NMS/total per 640x640 image at batch-size 1;
2025-06-13 10:53:53,982 [INFO] Detect a image success.
2025-06-13 10:53:54,264 [INFO] Predict result is: {'category_id': [1, 62], 'bbox': [[0.0, 181.5, 367.25, 296.5], [167.75, 168.375, 256.0, 305.125]], 'score': [0.79688, 0.63232]}
2025-06-13 10:53:54,265 [INFO] Speed: 262.2/2.0/264.2 ms inference/NMS/total per 640x640 image at batch-size 1;
2025-06-13 10:53:54,265 [INFO] Detect a image success.
2025-06-13 10:53:54,550 [INFO] Predict result is: {'category_id': [1, 62], 'bbox': [[0.0, 183.75, 369.5, 294.0], [165.125, 169.375, 259.375, 305.125]], 'score': [0.79932, 0.61133]}
2025-06-13 10:53:54,551 [INFO] Speed: 265.3/2.0/267.3 ms inference/NMS/total per 640x640 image at batch-size 1;
2025-06-13 10:53:54,551 [INFO] Detect a image success.
2025-06-13 10:53:54,840 [INFO] Predict result is: {'category_id': [1, 62, 1], 'bbox': [[0.0, 182.125, 366.5, 295.375], [168.25, 169.375, 256.0, 305.125], [81.875, 157.5, 116.5, 125.25]], 'score': [0.80029, 0.69727, 0.32837]}
2025-06-13 10:53:54,841 [INFO] Speed: 267.4/2.5/269.9 ms inference/NMS/total per 640x640 image at batch-size 1;
2025-06-13 10:53:54,841 [INFO] Detect a image success.
2025-06-13 10:53:55,119 [INFO] Predict result is: {'category_id': [1, 62, 1], 'bbox': [[0.0, 180.75, 366.5, 296.5], [167.75, 168.75, 256.0, 304.0], [83.688, 157.5, 114.562, 123.5]], 'score': [0.83252, 0.56055, 0.26221]}
2025-06-13 10:53:55,119 [INFO] Speed: 258.6/3.0/261.6 ms inference/NMS/total per 640x640 image at batch-size 1;
2025-06-13 10:53:55,120 [INFO] Detect a image success.
2025-06-13 10:53:55,415 [INFO] Predict result is: {'category_id': [1, 62], 'bbox': [[0.0, 180.75, 367.0, 296.5], [167.5, 168.75, 256.5, 306.5]], 'score': [0.8208, 0.59473]}
2025-06-13 10:53:55,415 [INFO] Speed: 274.5/2.5/277.0 ms inference/NMS/total per 640x640 image at batch-size 1;
2025-06-13 10:53:55,416 [INFO] Detect a image success.
2025-06-13 10:53:55,703 [INFO] Predict result is: {'category_id': [1, 62], 'bbox': [[0.0, 184.5, 366.5, 294.0], [165.125, 169.125, 260.375, 304.875]], 'score': [0.82031, 0.62305]}
2025-06-13 10:53:55,705 [INFO] Speed: 266.5/2.0/268.5 ms inference/NMS/total per 640x640 image at batch-size 1;
2025-06-13 10:53:55,705 [INFO] Detect a image success.
2025-06-13 10:53:55,997 [INFO] Predict result is: {'category_id': [1, 62], 'bbox': [[0.0, 183.125, 368.0, 294.875], [164.875, 169.5, 260.125, 304.0]], 'score': [0.8125, 0.65186]}
2025-06-13 10:53:55,998 [INFO] Speed: 270.8/3.4/274.2 ms inference/NMS/total per 640x640 image at batch-size 1;
2025-06-13 10:53:55,998 [INFO] Detect a image success.
2025-06-13 10:53:56,289 [INFO] Predict result is: {'category_id': [1, 62, 1], 'bbox': [[0.0, 183.5, 367.0, 294.0], [166.25, 167.75, 258.5, 306.5], [84.375, 157.75, 114.0, 124.75]], 'score': [0.80664, 0.58691, 0.27637]}
2025-06-13 10:53:56,289 [INFO] Speed: 271.5/2.0/273.5 ms inference/NMS/total per 640x640 image at batch-size 1;
2025-06-13 10:53:56,290 [INFO] Detect a image success.
2025-06-13 10:53:56,576 [INFO] Predict result is: {'category_id': [1, 62, 1], 'bbox': [[0.125, 180.625, 370.875, 297.375], [166.0, 168.5, 258.5, 304.0], [83.5, 156.75, 117.0, 127.5]], 'score': [0.80469, 0.58984, 0.25195]}
2025-06-13 10:53:56,577 [INFO] Speed: 266.3/2.7/269.0 ms inference/NMS/total per 640x640 image at batch-size 1;
2025-06-13 10:53:56,577 [INFO] Detect a image success.
2025-06-13 10:53:56,872 [INFO] Predict result is: {'category_id': [1, 62, 1], 'bbox': [[0.0, 181.625, 367.0, 296.875], [166.75, 168.0, 258.5, 306.0], [81.625, 156.25, 117.0, 128.0]], 'score': [0.77979, 0.5542, 0.33691]}
2025-06-13 10:53:56,873 [INFO] Speed: 272.8/3.0/275.8 ms inference/NMS/total per 640x640 image at batch-size 1;
2025-06-13 10:53:56,873 [INFO] Detect a image success.
2025-06-13 10:53:57,166 [INFO] Predict result is: {'category_id': [1, 62, 1], 'bbox': [[0.625, 185.75, 368.875, 292.5], [166.0, 170.0, 257.5, 304.0], [81.25, 157.0, 117.0, 126.5]], 'score': [0.78467, 0.66162, 0.26855]}
2025-06-13 10:53:57,166 [INFO] Speed: 273.7/2.5/276.2 ms inference/NMS/total per 640x640 image at batch-size 1;
2025-06-13 10:53:57,167 [INFO] Detect a image success.
2025-06-13 10:53:57,458 [INFO] Predict result is: {'category_id': [1, 62], 'bbox': [[0.125, 185.0, 369.875, 293.0], [166.0, 169.5, 257.5, 304.0]], 'score': [0.78613, 0.65625]}
2025-06-13 10:53:57,459 [INFO] Speed: 271.0/3.0/274.0 ms inference/NMS/total per 640x640 image at batch-size 1;
2025-06-13 10:53:57,459 [INFO] Detect a image success.
2025-06-13 10:53:57,753 [INFO] Predict result is: {'category_id': [1, 62], 'bbox': [[0.125, 184.375, 365.875, 293.625], [163.375, 168.625, 260.125, 305.375]], 'score': [0.80859, 0.60645]}
2025-06-13 10:53:57,754 [INFO] Speed: 274.5/2.0/276.5 ms inference/NMS/total per 640x640 image at batch-size 1;
2025-06-13 10:53:57,754 [INFO] Detect a image success.
2025-06-13 10:53:58,045 [INFO] Predict result is: {'category_id': [1, 62], 'bbox': [[0.5, 185.25, 367.25, 293.0], [164.75, 169.0, 258.5, 304.0]], 'score': [0.80957, 0.5957]}
2025-06-13 10:53:58,045 [INFO] Speed: 269.2/2.6/271.7 ms inference/NMS/total per 640x640 image at batch-size 1;
2025-06-13 10:53:58,046 [INFO] Detect a image success.
2025-06-13 10:53:58,338 [INFO] Predict result is: {'category_id': [1, 62], 'bbox': [[0.0, 184.0, 371.0, 294.0], [169.5, 167.75, 255.0, 306.5]], 'score': [0.79395, 0.53564]}
2025-06-13 10:53:58,338 [INFO] Speed: 271.6/2.6/274.2 ms inference/NMS/total per 640x640 image at batch-size 1;
2025-06-13 10:53:58,338 [INFO] Detect a image success.
2025-06-13 10:53:58,629 [INFO] Predict result is: {'category_id': [1, 62], 'bbox': [[0.0, 178.875, 371.5, 299.625], [165.375, 167.75, 259.125, 306.5]], 'score': [0.80762, 0.48877]}
2025-06-13 10:53:58,630 [INFO] Speed: 270.3/2.0/272.3 ms inference/NMS/total per 640x640 image at batch-size 1;
2025-06-13 10:53:58,630 [INFO] Detect a image success.
2025-06-13 10:53:58,923 [INFO] Predict result is: {'category_id': [1, 62], 'bbox': [[0.0, 180.625, 369.0, 297.375], [167.25, 167.75, 257.5, 306.5]], 'score': [0.81299, 0.52881]}
2025-06-13 10:53:58,923 [INFO] Speed: 273.7/2.0/275.8 ms inference/NMS/total per 640x640 image at batch-size 1;
2025-06-13 10:53:58,923 [INFO] Detect a image success.
2025-06-13 10:53:59,212 [INFO] Predict result is: {'category_id': [1, 62], 'bbox': [[0.0, 181.75, 367.0, 296.5], [166.75, 167.875, 257.5, 307.125]], 'score': [0.79395, 0.53369]}
2025-06-13 10:53:59,213 [INFO] Speed: 267.4/2.6/270.0 ms inference/NMS/total per 640x640 image at batch-size 1;
2025-06-13 10:53:59,213 [INFO] Detect a image success.
2025-06-13 10:53:59,503 [INFO] Predict result is: {'category_id': [1, 62], 'bbox': [[0.0, 180.0, 373.0, 298.0], [167.25, 168.125, 256.5, 305.375]], 'score': [0.75781, 0.56836]}
2025-06-13 10:53:59,505 [INFO] Speed: 269.2/2.0/271.2 ms inference/NMS/total per 640x640 image at batch-size 1;
2025-06-13 10:53:59,505 [INFO] Detect a image success.
2025-06-13 10:53:59,792 [INFO] Predict result is: {'category_id': [1, 62], 'bbox': [[2.5, 178.125, 368.5, 298.875], [167.75, 168.875, 257.5, 304.625]], 'score': [0.79736, 0.5874]}
2025-06-13 10:53:59,792 [INFO] Speed: 266.5/2.0/268.5 ms inference/NMS/total per 640x640 image at batch-size 1;
2025-06-13 10:53:59,793 [INFO] Detect a image success.
2025-06-13 10:54:00,085 [INFO] Predict result is: {'category_id': [1, 62], 'bbox': [[0.0, 180.0, 371.5, 296.5], [169.5, 168.75, 255.0, 306.5]], 'score': [0.8291, 0.63184]}
2025-06-13 10:54:00,086 [INFO] Speed: 272.6/2.0/274.6 ms inference/NMS/total per 640x640 image at batch-size 1;
2025-06-13 10:54:00,086 [INFO] Detect a image success.
2025-06-13 10:54:00,378 [INFO] Predict result is: {'category_id': [1, 62, 1], 'bbox': [[0.0, 177.875, 374.75, 299.125], [171.625, 168.75, 252.875, 304.0], [88.688, 156.5, 110.812, 115.5]], 'score': [0.78467, 0.57959, 0.25903]}
2025-06-13 10:54:00,379 [INFO] Speed: 272.0/3.0/275.0 ms inference/NMS/total per 640x640 image at batch-size 1;
2025-06-13 10:54:00,379 [INFO] Detect a image success.
2025-06-13 10:54:00,665 [INFO] Predict result is: {'category_id': [1, 62], 'bbox': [[1.5, 179.875, 373.0, 297.125], [171.125, 168.625, 253.875, 305.375]], 'score': [0.80225, 0.5791]}
2025-06-13 10:54:00,666 [INFO] Speed: 264.3/2.5/266.8 ms inference/NMS/total per 640x640 image at batch-size 1;
2025-06-13 10:54:00,666 [INFO] Detect a image success.
2025-06-13 10:54:00,964 [INFO] Predict result is: {'category_id': [1, 62], 'bbox': [[0.0, 180.75, 376.5, 296.5], [174.5, 168.0, 250.0, 306.5]], 'score': [0.78076, 0.46851]}
2025-06-13 10:54:00,965 [INFO] Speed: 278.6/2.0/280.6 ms inference/NMS/total per 640x640 image at batch-size 1;
2025-06-13 10:54:00,965 [INFO] Detect a image success.
2025-06-13 10:54:01,257 [INFO] Predict result is: {'category_id': [1, 62], 'bbox': [[0.0, 176.625, 373.5, 300.875], [168.0, 167.75, 256.5, 306.5]], 'score': [0.8042, 0.50439]}
2025-06-13 10:54:01,258 [INFO] Speed: 269.9/2.4/272.4 ms inference/NMS/total per 640x640 image at batch-size 1;
2025-06-13 10:54:01,258 [INFO] Detect a image success.
2025-06-13 10:54:01,548 [INFO] Predict result is: {'category_id': [1, 62], 'bbox': [[1.0, 180.5, 372.25, 296.5], [172.125, 169.625, 252.875, 303.875]], 'score': [0.83398, 0.61279]}
2025-06-13 10:54:01,549 [INFO] Speed: 268.1/3.0/271.2 ms inference/NMS/total per 640x640 image at batch-size 1;
2025-06-13 10:54:01,549 [INFO] Detect a image success.
2025-06-13 10:54:01,841 [INFO] Predict result is: {'category_id': [1, 62], 'bbox': [[3.75, 181.625, 368.0, 294.875], [179.75, 168.25, 244.5, 306.0]], 'score': [0.84326, 0.61768]}
2025-06-13 10:54:01,842 [INFO] Speed: 272.6/3.0/275.6 ms inference/NMS/total per 640x640 image at batch-size 1;
2025-06-13 10:54:01,842 [INFO] Detect a image success.
2025-06-13 10:54:02,132 [INFO] Predict result is: {'category_id': [1, 62], 'bbox': [[3.5, 182.75, 366.25, 294.0], [175.25, 167.0, 250.0, 308.0]], 'score': [0.83447, 0.57031]}
2025-06-13 10:54:02,132 [INFO] Speed: 268.1/3.0/271.1 ms inference/NMS/total per 640x640 image at batch-size 1;
2025-06-13 10:54:02,133 [INFO] Detect a image success.
2025-06-13 10:54:02,450 [INFO] Predict result is: {'category_id': [1, 62], 'bbox': [[2.875, 179.25, 369.125, 296.5], [171.375, 168.0, 253.625, 306.5]], 'score': [0.84424, 0.54541]}
2025-06-13 10:54:02,450 [INFO] Speed: 295.2/2.0/297.2 ms inference/NMS/total per 640x640 image at batch-size 1;
2025-06-13 10:54:02,450 [INFO] Detect a image success.
2025-06-13 10:54:02,739 [INFO] Predict result is: {'category_id': [1, 62], 'bbox': [[4.0, 176.5, 365.25, 300.0], [172.75, 168.25, 251.5, 306.5]], 'score': [0.83057, 0.521]}
2025-06-13 10:54:02,739 [INFO] Speed: 268.1/2.5/270.6 ms inference/NMS/total per 640x640 image at batch-size 1;
2025-06-13 10:54:02,740 [INFO] Detect a image success.
2025-06-13 10:54:03,035 [INFO] Predict result is: {'category_id': [1, 62], 'bbox': [[1.5, 178.25, 370.75, 298.5], [175.25, 167.75, 249.5, 306.5]], 'score': [0.84033, 0.62842]}
2025-06-13 10:54:03,035 [INFO] Speed: 274.7/1.6/276.3 ms inference/NMS/total per 640x640 image at batch-size 1;
2025-06-13 10:54:03,035 [INFO] Detect a image success.
2025-06-13 10:54:03,338 [INFO] Predict result is: {'category_id': [1, 62], 'bbox': [[5.625, 171.875, 367.375, 305.625], [178.875, 169.625, 244.125, 301.375]], 'score': [0.75732, 0.51025]}
2025-06-13 10:54:03,338 [INFO] Speed: 281.2/2.2/283.4 ms inference/NMS/total per 640x640 image at batch-size 1;
2025-06-13 10:54:03,339 [INFO] Detect a image success.
2025-06-13 10:54:03,631 [INFO] Predict result is: {'category_id': [1], 'bbox': [[0.0, 111.5, 411.75, 364.5]], 'score': [0.6748]}
2025-06-13 10:54:03,631 [INFO] Speed: 271.4/3.0/274.4 ms inference/NMS/total per 640x640 image at batch-size 1;
2025-06-13 10:54:03,631 [INFO] Detect a image success.
2025-06-13 10:54:03,926 [INFO] Predict result is: {'category_id': [1, 62, 62], 'bbox': [[121.75, 137.875, 345.5, 338.625], [359.5, 269.25, 69.5, 89.0], [426.75, 276.25, 159.75, 203.75]], 'score': [0.65186, 0.43262, 0.36206]}
2025-06-13 10:54:03,926 [INFO] Speed: 272.9/3.1/276.0 ms inference/NMS/total per 640x640 image at batch-size 1;
2025-06-13 10:54:03,926 [INFO] Detect a image success.
2025-06-13 10:54:04,229 [INFO] Predict result is: {'category_id': [1, 62, 47], 'bbox': [[137.625, 111.75, 353.375, 367.5], [167.625, 261.25, 88.0, 96.5], [41.969, 420.25, 66.281, 59.5]], 'score': [0.72656, 0.30933, 0.27881]}
2025-06-13 10:54:04,230 [INFO] Speed: 283.3/3.0/286.3 ms inference/NMS/total per 640x640 image at batch-size 1;
2025-06-13 10:54:04,230 [INFO] Detect a image success.
2025-06-13 10:54:04,536 [INFO] Predict result is: {'category_id': [1, 62], 'bbox': [[141.75, 82.875, 342.5, 397.125], [392.25, 272.75, 36.5, 59.5]], 'score': [0.68506, 0.36377]}
2025-06-13 10:54:04,537 [INFO] Speed: 286.4/2.6/289.0 ms inference/NMS/total per 640x640 image at batch-size 1;
2025-06-13 10:54:04,537 [INFO] Detect a image success.
2025-06-13 10:54:04,832 [INFO] Predict result is: {'category_id': [1, 62, 62, 62], 'bbox': [[149.25, 81.625, 313.5, 398.375], [366.25, 268.75, 62.0, 47.5], [424.75, 277.5, 158.25, 202.5], [163.25, 262.0, 109.75, 78.0]], 'score': [0.72461, 0.4668, 0.30566, 0.29565]}
2025-06-13 10:54:04,834 [INFO] Speed: 274.9/2.0/276.9 ms inference/NMS/total per 640x640 image at batch-size 1;
2025-06-13 10:54:04,834 [INFO] Detect a image success.
2025-06-13 10:54:05,136 [INFO] Predict result is: {'category_id': [1, 62], 'bbox': [[147.0, 82.125, 322.0, 397.875], [369.5, 269.5, 59.0, 40.0]], 'score': [0.68848, 0.38574]}
2025-06-13 10:54:05,136 [INFO] Speed: 280.7/2.1/282.9 ms inference/NMS/total per 640x640 image at batch-size 1;
2025-06-13 10:54:05,136 [INFO] Detect a image success.
2025-06-13 10:54:05,430 [INFO] Predict result is: {'category_id': [1], 'bbox': [[146.125, 80.75, 344.375, 399.25]], 'score': [0.76465]}
2025-06-13 10:54:05,430 [INFO] Speed: 272.3/2.6/274.9 ms inference/NMS/total per 640x640 image at batch-size 1;
2025-06-13 10:54:05,430 [INFO] Detect a image success.
2025-06-13 10:54:05,726 [INFO] Predict result is: {'category_id': [1, 62], 'bbox': [[156.5, 85.0, 348.0, 395.0], [163.0, 256.0, 130.0, 170.0]], 'score': [0.72119, 0.32959]}
2025-06-13 10:54:05,726 [INFO] Speed: 274.5/2.6/277.1 ms inference/NMS/total per 640x640 image at batch-size 1;
2025-06-13 10:54:05,726 [INFO] Detect a image success.
2025-06-13 10:54:06,027 [INFO] Predict result is: {'category_id': [1], 'bbox': [[155.25, 79.75, 358.75, 400.25]], 'score': [0.80713]}
2025-06-13 10:54:06,027 [INFO] Speed: 279.0/3.1/282.1 ms inference/NMS/total per 640x640 image at batch-size 1;
2025-06-13 10:54:06,028 [INFO] Detect a image success.
2025-06-13 10:54:06,320 [INFO] Predict result is: {'category_id': [1], 'bbox': [[158.25, 79.25, 356.75, 400.75]], 'score': [0.81836]}
2025-06-13 10:54:06,321 [INFO] Speed: 271.3/2.0/273.3 ms inference/NMS/total per 640x640 image at batch-size 1;
2025-06-13 10:54:06,321 [INFO] Detect a image success.
2025-06-13 10:54:06,635 [INFO] Predict result is: {'category_id': [1], 'bbox': [[157.875, 78.875, 360.125, 401.125]], 'score': [0.79053]}
2025-06-13 10:54:06,635 [INFO] Speed: 293.2/2.8/295.9 ms inference/NMS/total per 640x640 image at batch-size 1;
2025-06-13 10:54:06,636 [INFO] Detect a image success.
2025-06-13 10:54:06,930 [INFO] Predict result is: {'category_id': [1, 62], 'bbox': [[154.125, 78.75, 367.875, 401.25], [161.75, 262.5, 130.25, 132.0]], 'score': [0.80713, 0.26758]}
2025-06-13 10:54:06,930 [INFO] Speed: 274.1/2.5/276.6 ms inference/NMS/total per 640x640 image at batch-size 1;
2025-06-13 10:54:06,931 [INFO] Detect a image success.
2025-06-13 10:54:07,228 [INFO] Predict result is: {'category_id': [1], 'bbox': [[153.25, 78.75, 369.75, 401.25]], 'score': [0.81836]}
2025-06-13 10:54:07,228 [INFO] Speed: 275.6/2.6/278.2 ms inference/NMS/total per 640x640 image at batch-size 1;
2025-06-13 10:54:07,229 [INFO] Detect a image success.
2025-06-13 10:54:07,523 [INFO] Predict result is: {'category_id': [1], 'bbox': [[150.25, 78.875, 378.75, 401.125]], 'score': [0.81445]}
2025-06-13 10:54:07,525 [INFO] Speed: 272.8/1.6/274.3 ms inference/NMS/total per 640x640 image at batch-size 1;
2025-06-13 10:54:07,525 [INFO] Detect a image success.
2025-06-13 10:54:07,822 [INFO] Predict result is: {'category_id': [1, 62], 'bbox': [[151.0, 81.0, 382.5, 399.0], [164.25, 263.25, 139.25, 94.0]], 'score': [0.84814, 0.30518]}
2025-06-13 10:54:07,823 [INFO] Speed: 274.1/3.6/277.6 ms inference/NMS/total per 640x640 image at batch-size 1;
2025-06-13 10:54:07,823 [INFO] Detect a image success.
2025-06-13 10:54:08,132 [INFO] Predict result is: {'category_id': [1], 'bbox': [[156.625, 80.625, 377.375, 399.375]], 'score': [0.83105]}
2025-06-13 10:54:08,132 [INFO] Speed: 286.7/3.0/289.7 ms inference/NMS/total per 640x640 image at batch-size 1;
2025-06-13 10:54:08,132 [INFO] Detect a image success.
2025-06-13 10:54:08,439 [INFO] Predict result is: {'category_id': [1], 'bbox': [[153.5, 79.875, 378.0, 400.125]], 'score': [0.84668]}
2025-06-13 10:54:08,440 [INFO] Speed: 285.9/2.5/288.4 ms inference/NMS/total per 640x640 image at batch-size 1;
2025-06-13 10:54:08,440 [INFO] Detect a image success.
2025-06-13 10:54:08,752 [INFO] Predict result is: {'category_id': [1], 'bbox': [[147.0, 81.25, 356.0, 398.75]], 'score': [0.77246]}
2025-06-13 10:54:08,753 [INFO] Speed: 291.7/2.0/293.7 ms inference/NMS/total per 640x640 image at batch-size 1;
2025-06-13 10:54:08,753 [INFO] Detect a image success.
2025-06-13 10:54:09,055 [INFO] Predict result is: {'category_id': [1, 62], 'bbox': [[135.0, 79.25, 333.0, 400.75], [152.375, 174.25, 137.125, 203.5]], 'score': [0.66895, 0.51123]}
2025-06-13 10:54:09,056 [INFO] Speed: 281.4/2.5/283.9 ms inference/NMS/total per 640x640 image at batch-size 1;
2025-06-13 10:54:09,056 [INFO] Detect a image success.
2025-06-13 10:54:09,378 [INFO] Predict result is: {'category_id': [1], 'bbox': [[156.625, 84.5, 302.375, 395.5]], 'score': [0.79785]}
2025-06-13 10:54:09,379 [INFO] Speed: 299.2/3.0/302.3 ms inference/NMS/total per 640x640 image at batch-size 1;
2025-06-13 10:54:09,379 [INFO] Detect a image success.
2025-06-13 10:54:09,677 [INFO] Predict result is: {'category_id': [1], 'bbox': [[165.5, 83.5, 280.0, 396.5]], 'score': [0.79785]}
2025-06-13 10:54:09,678 [INFO] Speed: 276.9/2.1/279.0 ms inference/NMS/total per 640x640 image at batch-size 1;
2025-06-13 10:54:09,678 [INFO] Detect a image success.
2025-06-13 10:54:09,977 [INFO] Predict result is: {'category_id': [1, 62, 62], 'bbox': [[169.875, 88.75, 279.125, 391.25], [429.0, 277.5, 158.5, 202.5], [376.25, 253.875, 54.0, 43.875]], 'score': [0.81152, 0.49756, 0.33105]}
2025-06-13 10:54:09,978 [INFO] Speed: 278.2/2.1/280.4 ms inference/NMS/total per 640x640 image at batch-size 1;
2025-06-13 10:54:09,978 [INFO] Detect a image success.
2025-06-13 10:54:10,280 [INFO] Predict result is: {'category_id': [1], 'bbox': [[169.25, 87.875, 281.0, 392.125]], 'score': [0.82275]}
2025-06-13 10:54:10,280 [INFO] Speed: 281.2/2.0/283.2 ms inference/NMS/total per 640x640 image at batch-size 1;
2025-06-13 10:54:10,280 [INFO] Detect a image success.
2025-06-13 10:54:10,582 [INFO] Predict result is: {'category_id': [1], 'bbox': [[170.5, 86.375, 287.5, 393.625]], 'score': [0.81445]}
2025-06-13 10:54:10,582 [INFO] Speed: 280.5/2.0/282.5 ms inference/NMS/total per 640x640 image at batch-size 1;
2025-06-13 10:54:10,583 [INFO] Detect a image success.
2025-06-13 10:54:10,881 [INFO] Predict result is: {'category_id': [1], 'bbox': [[154.5, 85.125, 304.0, 394.875]], 'score': [0.77832]}
2025-06-13 10:54:10,881 [INFO] Speed: 276.6/2.0/278.7 ms inference/NMS/total per 640x640 image at batch-size 1;
2025-06-13 10:54:10,882 [INFO] Detect a image success.
2025-06-13 10:54:11,181 [INFO] Predict result is: {'category_id': [1], 'bbox': [[139.0, 91.625, 321.5, 386.375]], 'score': [0.72803]}
2025-06-13 10:54:11,182 [INFO] Speed: 279.2/2.0/281.2 ms inference/NMS/total per 640x640 image at batch-size 1;
2025-06-13 10:54:11,182 [INFO] Detect a image success.
2025-06-13 10:54:11,482 [INFO] Predict result is: {'category_id': [1], 'bbox': [[139.5, 87.5, 338.0, 390.0]], 'score': [0.72607]}
2025-06-13 10:54:11,483 [INFO] Speed: 280.3/3.0/283.3 ms inference/NMS/total per 640x640 image at batch-size 1;
2025-06-13 10:54:11,483 [INFO] Detect a image success.
2025-06-13 10:54:11,793 [INFO] Predict result is: {'category_id': [1], 'bbox': [[148.125, 86.5, 337.875, 393.5]], 'score': [0.77979]}
2025-06-13 10:54:11,795 [INFO] Speed: 288.3/2.0/290.3 ms inference/NMS/total per 640x640 image at batch-size 1;
2025-06-13 10:54:11,795 [INFO] Detect a image success.
2025-06-13 10:54:12,092 [INFO] Predict result is: {'category_id': [1, 62], 'bbox': [[151.375, 82.875, 365.625, 397.125], [177.125, 258.0, 101.375, 90.5]], 'score': [0.84277, 0.26392]}
2025-06-13 10:54:12,093 [INFO] Speed: 277.3/2.0/279.3 ms inference/NMS/total per 640x640 image at batch-size 1;
2025-06-13 10:54:12,093 [INFO] Detect a image success.
2025-06-13 10:54:12,399 [INFO] Predict result is: {'category_id': [1], 'bbox': [[150.0, 83.375, 370.0, 396.625]], 'score': [0.85059]}
2025-06-13 10:54:12,400 [INFO] Speed: 285.9/2.6/288.5 ms inference/NMS/total per 640x640 image at batch-size 1;
2025-06-13 10:54:12,400 [INFO] Detect a image success.
2025-06-13 10:54:12,687 [INFO] Predict result is: {'category_id': [1, 62], 'bbox': [[141.0, 81.625, 359.0, 397.875], [179.875, 258.5, 107.625, 72.0]], 'score': [0.74561, 0.47607]}
2025-06-13 10:54:12,687 [INFO] Speed: 264.7/2.6/267.3 ms inference/NMS/total per 640x640 image at batch-size 1;
2025-06-13 10:54:12,687 [INFO] Detect a image success.
2025-06-13 10:54:12,986 [INFO] Predict result is: {'category_id': [1, 62], 'bbox': [[156.875, 77.375, 324.125, 402.625], [170.5, 256.75, 116.5, 70.5]], 'score': [0.7915, 0.31714]}
2025-06-13 10:54:12,987 [INFO] Speed: 278.3/3.0/281.3 ms inference/NMS/total per 640x640 image at batch-size 1;
2025-06-13 10:54:12,987 [INFO] Detect a image success.
2025-06-13 10:54:13,292 [INFO] Predict result is: {'category_id': [1], 'bbox': [[155.5, 83.625, 314.0, 396.375]], 'score': [0.8208]}
2025-06-13 10:54:13,293 [INFO] Speed: 281.2/3.0/284.2 ms inference/NMS/total per 640x640 image at batch-size 1;
2025-06-13 10:54:13,293 [INFO] Detect a image success.
2025-06-13 10:54:13,594 [INFO] Predict result is: {'category_id': [1], 'bbox': [[117.375, 83.625, 384.625, 396.375]], 'score': [0.83057]}
2025-06-13 10:54:13,595 [INFO] Speed: 279.7/2.5/282.2 ms inference/NMS/total per 640x640 image at batch-size 1;
2025-06-13 10:54:13,595 [INFO] Detect a image success.
2025-06-13 10:54:13,900 [INFO] Predict result is: {'category_id': [1, 1], 'bbox': [[58.875, 83.25, 496.625, 393.0], [627.0, 193.75, 13.0, 71.0]], 'score': [0.63574, 0.25317]}
2025-06-13 10:54:13,901 [INFO] Speed: 281.8/3.0/284.8 ms inference/NMS/total per 640x640 image at batch-size 1;
2025-06-13 10:54:13,901 [INFO] Detect a image success.
2025-06-13 10:54:14,210 [INFO] Predict result is: {'category_id': [1], 'bbox': [[46.5, 89.0, 556.0, 385.5]], 'score': [0.6665]}
2025-06-13 10:54:14,211 [INFO] Speed: 286.8/2.0/288.8 ms inference/NMS/total per 640x640 image at batch-size 1;
2025-06-13 10:54:14,211 [INFO] Detect a image success.
2025-06-13 10:54:14,517 [INFO] Predict result is: {'category_id': [1, 62, 62], 'bbox': [[66.75, 85.125, 542.25, 392.875], [412.0, 421.75, 52.0, 58.25], [426.5, 334.0, 161.5, 146.0]], 'score': [0.77197, 0.31567, 0.27979]}
2025-06-13 10:54:14,518 [INFO] Speed: 285.1/2.0/287.1 ms inference/NMS/total per 640x640 image at batch-size 1;
2025-06-13 10:54:14,518 [INFO] Detect a image success.
2025-06-13 10:54:14,835 [INFO] Predict result is: {'category_id': [1, 62, 62], 'bbox': [[54.5, 80.625, 559.0, 397.375], [415.5, 410.5, 47.0, 69.5], [433.0, 345.0, 158.0, 135.0]], 'score': [0.75879, 0.39038, 0.27441]}
2025-06-13 10:54:14,836 [INFO] Speed: 295.7/2.5/298.2 ms inference/NMS/total per 640x640 image at batch-size 1;
2025-06-13 10:54:14,836 [INFO] Detect a image success.
2025-06-13 10:54:15,142 [INFO] Predict result is: {'category_id': [1, 62, 62], 'bbox': [[54.0, 82.5, 570.0, 397.0], [424.0, 360.5, 160.5, 119.5], [418.25, 421.5, 45.0, 58.5]], 'score': [0.70703, 0.28931, 0.27002]}
2025-06-13 10:54:15,143 [INFO] Speed: 286.9/2.0/288.9 ms inference/NMS/total per 640x640 image at batch-size 1;
2025-06-13 10:54:15,143 [INFO] Detect a image success.
2025-06-13 10:54:15,434 [INFO] Predict result is: {'category_id': [1, 62], 'bbox': [[29.75, 81.375, 604.25, 398.625], [430.5, 372.0, 157.0, 108.0]], 'score': [0.60107, 0.34424]}
2025-06-13 10:54:15,435 [INFO] Speed: 270.5/2.6/273.0 ms inference/NMS/total per 640x640 image at batch-size 1;
2025-06-13 10:54:15,435 [INFO] Detect a image success.
2025-06-13 10:54:15,737 [INFO] Predict result is: {'category_id': [1, 62, 1], 'bbox': [[15.5, 80.5, 614.0, 399.5], [449.25, 383.5, 126.25, 96.5], [628.0, 194.625, 12.0, 69.375]], 'score': [0.4939, 0.29761, 0.28394]}
2025-06-13 10:54:15,738 [INFO] Speed: 280.3/3.5/283.9 ms inference/NMS/total per 640x640 image at batch-size 1;
2025-06-13 10:54:15,738 [INFO] Detect a image success.
2025-06-13 10:54:16,033 [INFO] Predict result is: {'category_id': [1, 62], 'bbox': [[11.25, 82.125, 618.75, 397.875], [451.0, 390.5, 123.0, 89.5]], 'score': [0.43457, 0.33862]}
2025-06-13 10:54:16,035 [INFO] Speed: 275.8/2.0/277.9 ms inference/NMS/total per 640x640 image at batch-size 1;
2025-06-13 10:54:16,035 [INFO] Detect a image success.
2025-06-13 10:54:16,335 [INFO] Predict result is: {'category_id': [1, 1], 'bbox': [[0.0, 78.875, 519.0, 401.125], [127.125, 83.625, 508.875, 396.375]], 'score': [0.41187, 0.27319]}
2025-06-13 10:54:16,336 [INFO] Speed: 280.1/2.5/282.6 ms inference/NMS/total per 640x640 image at batch-size 1;
2025-06-13 10:54:16,336 [INFO] Detect a image success.
2025-06-13 10:54:16,642 [INFO] Predict result is: {'category_id': [1, 77, 1], 'bbox': [[125.875, 79.0, 508.625, 401.0], [537.5, 129.875, 51.0, 104.75], [0.0, 79.125, 531.0, 400.875]], 'score': [0.48682, 0.45337, 0.31885]}
2025-06-13 10:54:16,642 [INFO] Speed: 286.0/2.0/288.0 ms inference/NMS/total per 640x640 image at batch-size 1;
2025-06-13 10:54:16,643 [INFO] Detect a image success.
2025-06-13 10:54:16,958 [INFO] Predict result is: {'category_id': [1, 77, 1], 'bbox': [[126.5, 82.125, 509.5, 397.875], [538.5, 130.25, 49.0, 105.5], [0.0, 73.375, 537.0, 406.625]], 'score': [0.46289, 0.37573, 0.28882]}
2025-06-13 10:54:16,959 [INFO] Speed: 294.6/2.0/296.6 ms inference/NMS/total per 640x640 image at batch-size 1;
2025-06-13 10:54:16,959 [INFO] Detect a image success.
2025-06-13 10:54:17,289 [INFO] Predict result is: {'category_id': [1, 77, 62, 62], 'bbox': [[14.5, 79.25, 614.0, 400.75], [532.0, 130.875, 52.0, 86.25], [451.25, 392.0, 125.25, 88.0], [186.125, 250.625, 117.375, 60.875]], 'score': [0.43652, 0.36279, 0.30151, 0.27808]}
2025-06-13 10:54:17,290 [INFO] Speed: 309.8/2.0/311.9 ms inference/NMS/total per 640x640 image at batch-size 1;
2025-06-13 10:54:17,290 [INFO] Detect a image success.
2025-06-13 10:54:17,619 [INFO] Predict result is: {'category_id': [1, 62, 1], 'bbox': [[5.75, 82.625, 599.25, 397.375], [420.0, 374.75, 160.0, 105.25], [206.5, 75.875, 422.5, 404.125]], 'score': [0.56201, 0.33813, 0.32495]}
2025-06-13 10:54:17,619 [INFO] Speed: 308.3/1.0/309.3 ms inference/NMS/total per 640x640 image at batch-size 1;
2025-06-13 10:54:17,620 [INFO] Detect a image success.
2025-06-13 10:54:17,926 [INFO] Predict result is: {'category_id': [1], 'bbox': [[19.0, 81.125, 578.5, 397.875]], 'score': [0.7251]}
2025-06-13 10:54:17,927 [INFO] Speed: 284.8/2.5/287.3 ms inference/NMS/total per 640x640 image at batch-size 1;
2025-06-13 10:54:17,927 [INFO] Detect a image success.
2025-06-13 10:54:18,234 [INFO] Predict result is: {'category_id': [1], 'bbox': [[35.0, 80.875, 561.5, 398.125]], 'score': [0.72314]}
2025-06-13 10:54:18,234 [INFO] Speed: 286.0/2.0/288.0 ms inference/NMS/total per 640x640 image at batch-size 1;
2025-06-13 10:54:18,234 [INFO] Detect a image success.
2025-06-13 10:54:18,535 [INFO] Predict result is: {'category_id': [1, 62], 'bbox': [[59.75, 81.0, 522.25, 398.0], [407.25, 418.75, 58.0, 61.25]], 'score': [0.63916, 0.28052]}
2025-06-13 10:54:18,535 [INFO] Speed: 279.4/2.7/282.1 ms inference/NMS/total per 640x640 image at batch-size 1;
2025-06-13 10:54:18,535 [INFO] Detect a image success.
2025-06-13 10:54:18,833 [INFO] Predict result is: {'category_id': [1], 'bbox': [[96.375, 83.625, 407.125, 395.875]], 'score': [0.69824]}
2025-06-13 10:54:18,833 [INFO] Speed: 277.4/2.0/279.5 ms inference/NMS/total per 640x640 image at batch-size 1;
2025-06-13 10:54:18,834 [INFO] Detect a image success.
2025-06-13 10:54:19,123 [INFO] Predict result is: {'category_id': [1], 'bbox': [[157.25, 86.875, 305.5, 392.625]], 'score': [0.81152]}
2025-06-13 10:54:19,125 [INFO] Speed: 269.1/1.5/270.6 ms inference/NMS/total per 640x640 image at batch-size 1;
2025-06-13 10:54:19,125 [INFO] Detect a image success.
2025-06-13 10:54:19,434 [INFO] Predict result is: {'category_id': [1, 62], 'bbox': [[149.5, 96.25, 323.5, 383.75], [197.5, 175.125, 103.5, 134.875]], 'score': [0.63232, 0.41431]}
2025-06-13 10:54:19,434 [INFO] Speed: 287.4/3.0/290.4 ms inference/NMS/total per 640x640 image at batch-size 1;
2025-06-13 10:54:19,435 [INFO] Detect a image success.
2025-06-13 10:54:19,729 [INFO] Predict result is: {'category_id': [1], 'bbox': [[144.875, 105.375, 324.125, 373.625]], 'score': [0.83447]}
2025-06-13 10:54:19,729 [INFO] Speed: 272.7/2.0/274.7 ms inference/NMS/total per 640x640 image at batch-size 1;
2025-06-13 10:54:19,729 [INFO] Detect a image success.
2025-06-13 10:54:20,032 [INFO] Predict result is: {'category_id': [1], 'bbox': [[170.75, 114.375, 312.0, 365.625]], 'score': [0.88086]}
2025-06-13 10:54:20,033 [INFO] Speed: 281.4/3.0/284.5 ms inference/NMS/total per 640x640 image at batch-size 1;
2025-06-13 10:54:20,033 [INFO] Detect a image success.
2025-06-13 10:54:20,325 [INFO] Predict result is: {'category_id': [1], 'bbox': [[177.0, 129.5, 303.0, 350.0]], 'score': [0.90869]}
2025-06-13 10:54:20,325 [INFO] Speed: 271.9/2.6/274.4 ms inference/NMS/total per 640x640 image at batch-size 1;
2025-06-13 10:54:20,326 [INFO] Detect a image success.
2025-06-13 10:54:20,645 [INFO] Predict result is: {'category_id': [1], 'bbox': [[200.25, 157.0, 283.0, 323.0]], 'score': [0.88721]}
2025-06-13 10:54:20,646 [INFO] Speed: 297.8/2.6/300.4 ms inference/NMS/total per 640x640 image at batch-size 1;
2025-06-13 10:54:20,646 [INFO] Detect a image success.
2025-06-13 10:54:20,948 [INFO] Predict result is: {'category_id': [1], 'bbox': [[208.125, 144.375, 278.875, 333.625]], 'score': [0.87988]}
2025-06-13 10:54:20,949 [INFO] Speed: 278.7/3.3/281.9 ms inference/NMS/total per 640x640 image at batch-size 1;
2025-06-13 10:54:20,949 [INFO] Detect a image success.
2025-06-13 10:54:21,244 [INFO] Predict result is: {'category_id': [1], 'bbox': [[214.0, 123.5, 277.0, 356.0]], 'score': [0.87158]}
2025-06-13 10:54:21,244 [INFO] Speed: 275.1/2.6/277.7 ms inference/NMS/total per 640x640 image at batch-size 1;
2025-06-13 10:54:21,245 [INFO] Detect a image success.
2025-06-13 10:54:21,542 [INFO] Predict result is: {'category_id': [1], 'bbox': [[207.0, 128.375, 274.0, 351.625]], 'score': [0.86572]}
2025-06-13 10:54:21,543 [INFO] Speed: 274.6/2.6/277.2 ms inference/NMS/total per 640x640 image at batch-size 1;
2025-06-13 10:54:21,543 [INFO] Detect a image success.
2025-06-13 10:54:21,837 [INFO] Predict result is: {'category_id': [1], 'bbox': [[189.375, 139.75, 298.625, 340.0]], 'score': [0.88037]}
2025-06-13 10:54:21,838 [INFO] Speed: 273.9/2.6/276.5 ms inference/NMS/total per 640x640 image at batch-size 1;
2025-06-13 10:54:21,838 [INFO] Detect a image success.
2025-06-13 10:54:22,137 [INFO] Predict result is: {'category_id': [1], 'bbox': [[173.375, 142.625, 318.625, 336.375]], 'score': [0.88574]}
2025-06-13 10:54:22,137 [INFO] Speed: 278.7/3.0/281.8 ms inference/NMS/total per 640x640 image at batch-size 1;
2025-06-13 10:54:22,139 [INFO] Detect a image success.
2025-06-13 10:54:22,434 [INFO] Predict result is: {'category_id': [1], 'bbox': [[161.625, 145.875, 337.875, 333.625]], 'score': [0.85791]}
2025-06-13 10:54:22,435 [INFO] Speed: 273.9/2.2/276.1 ms inference/NMS/total per 640x640 image at batch-size 1;
2025-06-13 10:54:22,435 [INFO] Detect a image success.
2025-06-13 10:54:22,727 [INFO] Predict result is: {'category_id': [1], 'bbox': [[148.5, 141.5, 351.5, 337.5]], 'score': [0.83105]}
2025-06-13 10:54:22,728 [INFO] Speed: 270.4/2.0/272.4 ms inference/NMS/total per 640x640 image at batch-size 1;
2025-06-13 10:54:22,728 [INFO] Detect a image success.
2025-06-13 10:54:23,025 [INFO] Predict result is: {'category_id': [1], 'bbox': [[125.5, 141.375, 373.0, 333.625]], 'score': [0.73877]}
2025-06-13 10:54:23,025 [INFO] Speed: 276.4/3.2/279.6 ms inference/NMS/total per 640x640 image at batch-size 1;
2025-06-13 10:54:23,026 [INFO] Detect a image success.
2025-06-13 10:54:23,326 [INFO] Predict result is: {'category_id': [1], 'bbox': [[48.0, 112.75, 454.5, 359.0]], 'score': [0.42139]}
2025-06-13 10:54:23,326 [INFO] Speed: 279.8/2.5/282.3 ms inference/NMS/total per 640x640 image at batch-size 1;
2025-06-13 10:54:23,326 [INFO] Detect a image success.
2025-06-13 10:54:23,629 [INFO] Predict result is: {'category_id': [1, 62], 'bbox': [[107.25, 94.0, 387.5, 383.0], [169.625, 175.5, 131.875, 151.5]], 'score': [0.71729, 0.30713]}
2025-06-13 10:54:23,630 [INFO] Speed: 282.5/2.0/284.6 ms inference/NMS/total per 640x640 image at batch-size 1;
2025-06-13 10:54:23,630 [INFO] Detect a image success.
2025-06-13 10:54:23,925 [INFO] Predict result is: {'category_id': [1, 62], 'bbox': [[130.375, 87.625, 416.125, 392.375], [166.5, 173.625, 144.75, 155.375]], 'score': [0.67627, 0.47876]}
2025-06-13 10:54:23,926 [INFO] Speed: 274.5/2.5/277.0 ms inference/NMS/total per 640x640 image at batch-size 1;
2025-06-13 10:54:23,926 [INFO] Detect a image success.
2025-06-13 10:54:24,223 [INFO] Predict result is: {'category_id': [1, 62], 'bbox': [[136.875, 90.625, 414.125, 388.875], [164.0, 173.75, 146.5, 158.5]], 'score': [0.62354, 0.53613]}
2025-06-13 10:54:24,223 [INFO] Speed: 275.7/3.0/278.7 ms inference/NMS/total per 640x640 image at batch-size 1;
2025-06-13 10:54:24,224 [INFO] Detect a image success.
2025-06-13 10:54:24,525 [INFO] Predict result is: {'category_id': [1, 62], 'bbox': [[143.75, 94.75, 424.25, 385.25], [166.125, 172.75, 137.875, 157.25]], 'score': [0.59863, 0.55518]}
2025-06-13 10:54:24,525 [INFO] Speed: 279.6/3.5/283.1 ms inference/NMS/total per 640x640 image at batch-size 1;
2025-06-13 10:54:24,525 [INFO] Detect a image success.
2025-06-13 10:54:24,819 [INFO] Predict result is: {'category_id': [1, 62], 'bbox': [[135.25, 94.0, 451.75, 382.0], [167.0, 171.5, 117.25, 158.0]], 'score': [0.75977, 0.26538]}
2025-06-13 10:54:24,820 [INFO] Speed: 274.1/2.0/276.1 ms inference/NMS/total per 640x640 image at batch-size 1;
2025-06-13 10:54:24,820 [INFO] Detect a image success.
2025-06-13 10:54:25,123 [INFO] Predict result is: {'category_id': [1], 'bbox': [[123.125, 93.875, 477.875, 382.125]], 'score': [0.7876]}
2025-06-13 10:54:25,123 [INFO] Speed: 279.2/3.0/282.2 ms inference/NMS/total per 640x640 image at batch-size 1;
2025-06-13 10:54:25,124 [INFO] Detect a image success.
2025-06-13 10:54:25,414 [INFO] Predict result is: {'category_id': [1, 62], 'bbox': [[119.375, 91.5, 492.625, 388.5], [151.25, 171.75, 147.75, 164.5]], 'score': [0.7666, 0.4248]}
2025-06-13 10:54:25,415 [INFO] Speed: 270.4/3.0/273.4 ms inference/NMS/total per 640x640 image at batch-size 1;
2025-06-13 10:54:25,415 [INFO] Detect a image success.
2025-06-13 10:54:25,708 [INFO] Predict result is: {'category_id': [1, 62], 'bbox': [[116.5, 96.125, 508.5, 382.375], [145.5, 170.75, 169.75, 176.5]], 'score': [0.68408, 0.46899]}
2025-06-13 10:54:25,708 [INFO] Speed: 271.7/3.0/274.7 ms inference/NMS/total per 640x640 image at batch-size 1;
2025-06-13 10:54:25,709 [INFO] Detect a image success.
2025-06-13 10:54:26,008 [INFO] Predict result is: {'category_id': [1, 62], 'bbox': [[128.5, 86.625, 425.0, 392.875], [141.75, 170.5, 190.0, 178.0]], 'score': [0.65625, 0.36377]}
2025-06-13 10:54:26,009 [INFO] Speed: 278.8/2.0/280.8 ms inference/NMS/total per 640x640 image at batch-size 1;
2025-06-13 10:54:26,009 [INFO] Detect a image success.
2025-06-13 10:54:26,325 [INFO] Predict result is: {'category_id': [1, 62, 62], 'bbox': [[130.0, 81.375, 408.0, 398.625], [139.125, 170.0, 192.875, 169.5], [133.5, 165.5, 201.0, 304.0]], 'score': [0.57324, 0.33105, 0.25098]}
2025-06-13 10:54:26,325 [INFO] Speed: 295.9/3.2/299.1 ms inference/NMS/total per 640x640 image at batch-size 1;
2025-06-13 10:54:26,325 [INFO] Detect a image success.
2025-06-13 10:54:26,619 [INFO] Predict result is: {'category_id': [1, 62], 'bbox': [[117.375, 120.5, 381.625, 356.5], [139.5, 173.25, 170.5, 154.0]], 'score': [0.80859, 0.30566]}
2025-06-13 10:54:26,620 [INFO] Speed: 273.4/3.0/276.4 ms inference/NMS/total per 640x640 image at batch-size 1;
2025-06-13 10:54:26,620 [INFO] Detect a image success.
2025-06-13 10:54:26,919 [INFO] Predict result is: {'category_id': [1], 'bbox': [[108.375, 114.75, 376.625, 364.0]], 'score': [0.72754]}
2025-06-13 10:54:26,920 [INFO] Speed: 278.7/2.0/280.7 ms inference/NMS/total per 640x640 image at batch-size 1;
2025-06-13 10:54:26,920 [INFO] Detect a image success.
2025-06-13 10:54:27,245 [INFO] Predict result is: {'category_id': [1], 'bbox': [[89.875, 108.5, 384.625, 369.5]], 'score': [0.72998]}
2025-06-13 10:54:27,246 [INFO] Speed: 304.4/2.0/306.4 ms inference/NMS/total per 640x640 image at batch-size 1;
2025-06-13 10:54:27,246 [INFO] Detect a image success.
2025-06-13 10:54:27,549 [INFO] Predict result is: {'category_id': [1, 62], 'bbox': [[78.375, 97.75, 395.125, 377.0], [134.125, 171.5, 122.875, 155.0]], 'score': [0.62842, 0.28735]}
2025-06-13 10:54:27,549 [INFO] Speed: 280.0/3.5/283.6 ms inference/NMS/total per 640x640 image at batch-size 1;
2025-06-13 10:54:27,550 [INFO] Detect a image success.
2025-06-13 10:54:27,843 [INFO] Predict result is: {'category_id': [1, 62], 'bbox': [[69.125, 88.875, 404.375, 388.625], [130.875, 264.0, 116.5, 60.0]], 'score': [0.73145, 0.34375]}
2025-06-13 10:54:27,843 [INFO] Speed: 273.1/2.5/275.7 ms inference/NMS/total per 640x640 image at batch-size 1;
2025-06-13 10:54:27,844 [INFO] Detect a image success.
2025-06-13 10:54:28,142 [INFO] Predict result is: {'category_id': [1, 62], 'bbox': [[53.125, 81.5, 436.875, 398.5], [128.5, 259.75, 97.5, 58.0]], 'score': [0.69727, 0.27661]}
2025-06-13 10:54:28,143 [INFO] Speed: 278.0/3.0/281.0 ms inference/NMS/total per 640x640 image at batch-size 1;
2025-06-13 10:54:28,143 [INFO] Detect a image success.
2025-06-13 10:54:28,441 [INFO] Predict result is: {'category_id': [1], 'bbox': [[58.25, 130.0, 413.5, 346.0]], 'score': [0.61523]}
2025-06-13 10:54:28,442 [INFO] Speed: 278.0/2.6/280.5 ms inference/NMS/total per 640x640 image at batch-size 1;
2025-06-13 10:54:28,442 [INFO] Detect a image success.
2025-06-13 10:54:28,740 [INFO] Predict result is: {'category_id': [1], 'bbox': [[79.125, 122.375, 398.875, 355.125]], 'score': [0.70508]}
2025-06-13 10:54:28,741 [INFO] Speed: 275.9/3.0/278.9 ms inference/NMS/total per 640x640 image at batch-size 1;
2025-06-13 10:54:28,741 [INFO] Detect a image success.
2025-06-13 10:54:29,031 [INFO] Predict result is: {'category_id': [1], 'bbox': [[112.375, 132.25, 344.625, 345.5]], 'score': [0.85791]}
2025-06-13 10:54:29,032 [INFO] Speed: 269.0/3.0/272.0 ms inference/NMS/total per 640x640 image at batch-size 1;
2025-06-13 10:54:29,033 [INFO] Detect a image success.
2025-06-13 10:54:29,333 [INFO] Predict result is: {'category_id': [1, 62, 62], 'bbox': [[114.5, 142.125, 348.5, 334.375], [158.75, 255.5, 60.75, 61.5], [429.5, 277.0, 158.0, 203.0]], 'score': [0.83398, 0.29541, 0.25586]}
2025-06-13 10:54:29,334 [INFO] Speed: 280.1/2.0/282.1 ms inference/NMS/total per 640x640 image at batch-size 1;
2025-06-13 10:54:29,334 [INFO] Detect a image success.
2025-06-13 10:54:29,635 [INFO] Predict result is: {'category_id': [1, 62, 62], 'bbox': [[101.5, 144.0, 356.0, 331.0], [156.5, 261.75, 38.75, 67.0], [431.0, 274.0, 164.0, 206.0]], 'score': [0.85889, 0.29541, 0.28125]}
2025-06-13 10:54:29,636 [INFO] Speed: 280.8/2.6/283.4 ms inference/NMS/total per 640x640 image at batch-size 1;
2025-06-13 10:54:29,636 [INFO] Detect a image success.
2025-06-13 10:54:29,931 [INFO] Predict result is: {'category_id': [1], 'bbox': [[99.0, 149.625, 368.0, 324.875]], 'score': [0.80078]}
2025-06-13 10:54:29,932 [INFO] Speed: 273.4/3.0/276.4 ms inference/NMS/total per 640x640 image at batch-size 1;
2025-06-13 10:54:29,932 [INFO] Detect a image success.
2025-06-13 10:54:30,226 [INFO] Predict result is: {'category_id': [1], 'bbox': [[101.375, 145.0, 365.625, 331.0]], 'score': [0.8291]}
2025-06-13 10:54:30,226 [INFO] Speed: 273.8/3.3/277.1 ms inference/NMS/total per 640x640 image at batch-size 1;
2025-06-13 10:54:30,227 [INFO] Detect a image success.
2025-06-13 10:54:30,521 [INFO] Predict result is: {'category_id': [1, 62, 77], 'bbox': [[100.5, 128.875, 376.0, 349.125], [429.5, 278.5, 157.0, 201.5], [363.0, 262.75, 44.5, 64.0]], 'score': [0.76074, 0.3833, 0.25659]}
2025-06-13 10:54:30,522 [INFO] Speed: 273.6/3.0/276.6 ms inference/NMS/total per 640x640 image at batch-size 1;
2025-06-13 10:54:30,522 [INFO] Detect a image success.
2025-06-13 10:54:30,818 [INFO] Predict result is: {'category_id': [1, 62], 'bbox': [[117.875, 117.625, 350.625, 360.875], [429.0, 278.0, 157.0, 202.0]], 'score': [0.86084, 0.39185]}
2025-06-13 10:54:30,818 [INFO] Speed: 273.7/3.0/276.8 ms inference/NMS/total per 640x640 image at batch-size 1;
2025-06-13 10:54:30,819 [INFO] Detect a image success.
2025-06-13 10:54:31,117 [INFO] Predict result is: {'category_id': [1], 'bbox': [[122.875, 114.0, 349.125, 364.5]], 'score': [0.89014]}
2025-06-13 10:54:31,118 [INFO] Speed: 276.6/2.5/279.1 ms inference/NMS/total per 640x640 image at batch-size 1;
2025-06-13 10:54:31,118 [INFO] Detect a image success.
2025-06-13 10:54:31,414 [INFO] Predict result is: {'category_id': [1, 1], 'bbox': [[119.625, 124.0, 353.375, 356.0], [627.0, 194.375, 13.0, 71.875]], 'score': [0.88916, 0.2666]}
2025-06-13 10:54:31,415 [INFO] Speed: 275.2/3.0/278.2 ms inference/NMS/total per 640x640 image at batch-size 1;
2025-06-13 10:54:31,415 [INFO] Detect a image success.
2025-06-13 10:54:31,714 [INFO] Predict result is: {'category_id': [1, 62, 1], 'bbox': [[125.625, 143.625, 349.375, 333.875], [161.625, 259.75, 89.0, 63.5], [626.0, 193.25, 14.0, 73.75]], 'score': [0.875, 0.32544, 0.25732]}
2025-06-13 10:54:31,715 [INFO] Speed: 273.8/3.0/276.8 ms inference/NMS/total per 640x640 image at batch-size 1;
2025-06-13 10:54:31,715 [INFO] Detect a image success.
2025-06-13 10:54:32,011 [INFO] Predict result is: {'category_id': [1], 'bbox': [[132.75, 144.25, 350.0, 333.0]], 'score': [0.85107]}
2025-06-13 10:54:32,011 [INFO] Speed: 273.3/2.0/275.3 ms inference/NMS/total per 640x640 image at batch-size 1;
2025-06-13 10:54:32,012 [INFO] Detect a image success.
2025-06-13 10:54:32,311 [INFO] Predict result is: {'category_id': [1], 'bbox': [[126.875, 144.75, 362.625, 333.0]], 'score': [0.85645]}
2025-06-13 10:54:32,311 [INFO] Speed: 278.2/3.0/281.3 ms inference/NMS/total per 640x640 image at batch-size 1;
2025-06-13 10:54:32,311 [INFO] Detect a image success.
2025-06-13 10:54:32,609 [INFO] Predict result is: {'category_id': [1, 62], 'bbox': [[133.25, 146.0, 362.0, 330.5], [161.5, 172.5, 132.25, 172.0]], 'score': [0.81494, 0.43091]}
2025-06-13 10:54:32,610 [INFO] Speed: 277.1/3.0/280.1 ms inference/NMS/total per 640x640 image at batch-size 1;
2025-06-13 10:54:32,610 [INFO] Detect a image success.
2025-06-13 10:54:32,899 [INFO] Predict result is: {'category_id': [1, 62], 'bbox': [[133.875, 145.375, 365.625, 332.125], [165.0, 172.5, 130.5, 173.5]], 'score': [0.6748, 0.32666]}
2025-06-13 10:54:32,899 [INFO] Speed: 268.1/2.0/270.1 ms inference/NMS/total per 640x640 image at batch-size 1;
2025-06-13 10:54:32,899 [INFO] Detect a image success.
2025-06-13 10:54:33,201 [INFO] Predict result is: {'category_id': [1], 'bbox': [[134.25, 140.75, 380.75, 338.0]], 'score': [0.73193]}
2025-06-13 10:54:33,201 [INFO] Speed: 280.1/2.5/282.7 ms inference/NMS/total per 640x640 image at batch-size 1;
2025-06-13 10:54:33,202 [INFO] Detect a image success.
2025-06-13 10:54:33,497 [INFO] Predict result is: {'category_id': [1, 1], 'bbox': [[136.75, 135.625, 376.25, 342.875], [627.0, 192.625, 13.0, 73.625]], 'score': [0.84082, 0.29883]}
2025-06-13 10:54:33,498 [INFO] Speed: 273.9/3.6/277.5 ms inference/NMS/total per 640x640 image at batch-size 1;
2025-06-13 10:54:33,498 [INFO] Detect a image success.
2025-06-13 10:54:33,791 [INFO] Predict result is: {'category_id': [1, 1], 'bbox': [[133.875, 123.5, 376.625, 354.0], [627.5, 192.125, 12.0, 73.875]], 'score': [0.8374, 0.28247]}
2025-06-13 10:54:33,792 [INFO] Speed: 270.8/2.5/273.3 ms inference/NMS/total per 640x640 image at batch-size 1;
2025-06-13 10:54:33,792 [INFO] Detect a image success.
2025-06-13 10:54:34,088 [INFO] Predict result is: {'category_id': [1, 62, 1], 'bbox': [[134.125, 111.75, 381.875, 364.5], [173.25, 262.5, 90.25, 68.5], [627.0, 191.5, 13.0, 74.25]], 'score': [0.82178, 0.3396, 0.2959]}
2025-06-13 10:54:34,088 [INFO] Speed: 276.0/3.4/279.4 ms inference/NMS/total per 640x640 image at batch-size 1;
2025-06-13 10:54:34,089 [INFO] Detect a image success.
2025-06-13 10:54:34,394 [INFO] Predict result is: {'category_id': [1], 'bbox': [[145.0, 108.5, 370.0, 368.0]], 'score': [0.86182]}
2025-06-13 10:54:34,394 [INFO] Speed: 284.5/2.0/286.5 ms inference/NMS/total per 640x640 image at batch-size 1;
2025-06-13 10:54:34,394 [INFO] Detect a image success.
2025-06-13 10:54:34,692 [INFO] Predict result is: {'category_id': [1, 62, 1], 'bbox': [[157.125, 86.0, 358.375, 394.0], [168.25, 265.0, 109.0, 85.0], [627.0, 191.75, 13.0, 74.5]], 'score': [0.87354, 0.31055, 0.25684]}
2025-06-13 10:54:34,692 [INFO] Speed: 277.3/2.0/279.3 ms inference/NMS/total per 640x640 image at batch-size 1;
2025-06-13 10:54:34,692 [INFO] Detect a image success.
2025-06-13 10:54:34,988 [INFO] Predict result is: {'category_id': [1, 1], 'bbox': [[154.25, 82.625, 356.0, 397.375], [627.0, 192.0, 13.0, 74.25]], 'score': [0.86719, 0.26929]}
2025-06-13 10:54:34,988 [INFO] Speed: 273.9/3.0/276.9 ms inference/NMS/total per 640x640 image at batch-size 1;
2025-06-13 10:54:34,989 [INFO] Detect a image success.
2025-06-13 10:54:35,278 [INFO] Predict result is: {'category_id': [1, 1], 'bbox': [[148.875, 82.25, 350.625, 397.75], [627.0, 190.25, 13.0, 75.5]], 'score': [0.77344, 0.31836]}
2025-06-13 10:54:35,278 [INFO] Speed: 267.8/3.1/270.9 ms inference/NMS/total per 640x640 image at batch-size 1;
2025-06-13 10:54:35,279 [INFO] Detect a image success.
2025-06-13 10:54:35,580 [INFO] Predict result is: {'category_id': [1], 'bbox': [[146.5, 82.25, 334.0, 397.75]], 'score': [0.82031]}
2025-06-13 10:54:35,581 [INFO] Speed: 279.4/3.0/282.4 ms inference/NMS/total per 640x640 image at batch-size 1;
2025-06-13 10:54:35,581 [INFO] Detect a image success.
2025-06-13 10:54:35,879 [INFO] Predict result is: {'category_id': [1, 62], 'bbox': [[139.875, 96.625, 316.125, 381.375], [167.5, 175.625, 129.0, 188.875]], 'score': [0.76123, 0.31738]}
2025-06-13 10:54:35,879 [INFO] Speed: 276.4/2.0/278.4 ms inference/NMS/total per 640x640 image at batch-size 1;
2025-06-13 10:54:35,879 [INFO] Detect a image success.
2025-06-13 10:54:36,176 [INFO] Predict result is: {'category_id': [1, 62], 'bbox': [[150.0, 118.125, 309.5, 360.875], [176.0, 177.875, 116.0, 165.625]], 'score': [0.86426, 0.35303]}
2025-06-13 10:54:36,177 [INFO] Speed: 276.1/2.6/278.7 ms inference/NMS/total per 640x640 image at batch-size 1;
2025-06-13 10:54:36,177 [INFO] Detect a image success.
2025-06-13 10:54:36,473 [INFO] Predict result is: {'category_id': [1, 62], 'bbox': [[161.125, 121.5, 273.375, 356.5], [180.625, 178.125, 110.125, 159.375]], 'score': [0.85059, 0.3606]}
2025-06-13 10:54:36,473 [INFO] Speed: 274.0/3.0/277.0 ms inference/NMS/total per 640x640 image at batch-size 1;
2025-06-13 10:54:36,473 [INFO] Detect a image success.
2025-06-13 10:54:36,769 [INFO] Predict result is: {'category_id': [1, 62], 'bbox': [[170.5, 131.125, 250.0, 346.875], [177.25, 176.625, 104.5, 159.875]], 'score': [0.8584, 0.3645]}
2025-06-13 10:54:36,769 [INFO] Speed: 274.0/2.0/276.0 ms inference/NMS/total per 640x640 image at batch-size 1;
2025-06-13 10:54:36,770 [INFO] Detect a image success.
2025-06-13 10:54:37,063 [INFO] Predict result is: {'category_id': [1, 62], 'bbox': [[171.5, 131.125, 243.5, 347.375], [172.0, 176.25, 105.0, 166.5]], 'score': [0.8291, 0.35376]}
2025-06-13 10:54:37,064 [INFO] Speed: 272.1/2.0/274.1 ms inference/NMS/total per 640x640 image at batch-size 1;
2025-06-13 10:54:37,064 [INFO] Detect a image success.
2025-06-13 10:54:37,369 [INFO] Predict result is: {'category_id': [1], 'bbox': [[170.875, 129.5, 245.625, 348.0]], 'score': [0.77393]}
2025-06-13 10:54:37,370 [INFO] Speed: 283.2/2.0/285.2 ms inference/NMS/total per 640x640 image at batch-size 1;
2025-06-13 10:54:37,370 [INFO] Detect a image success.
2025-06-13 10:54:37,665 [INFO] Predict result is: {'category_id': [1], 'bbox': [[167.375, 134.875, 277.125, 341.625]], 'score': [0.76025]}
2025-06-13 10:54:37,665 [INFO] Speed: 274.3/2.5/276.8 ms inference/NMS/total per 640x640 image at batch-size 1;
2025-06-13 10:54:37,665 [INFO] Detect a image success.
2025-06-13 10:54:37,963 [INFO] Predict result is: {'category_id': [1, 1], 'bbox': [[145.875, 132.25, 380.125, 346.0], [626.5, 193.5, 13.5, 73.5]], 'score': [0.89014, 0.28369]}
2025-06-13 10:54:37,963 [INFO] Speed: 276.0/3.0/279.0 ms inference/NMS/total per 640x640 image at batch-size 1;
2025-06-13 10:54:37,964 [INFO] Detect a image success.
2025-06-13 10:54:38,262 [INFO] Predict result is: {'category_id': [1], 'bbox': [[47.125, 119.5, 464.875, 358.5]], 'score': [0.83887]}
2025-06-13 10:54:38,262 [INFO] Speed: 275.3/3.0/278.4 ms inference/NMS/total per 640x640 image at batch-size 1;
2025-06-13 10:54:38,263 [INFO] Detect a image success.
2025-06-13 10:54:38,568 [INFO] Predict result is: {'category_id': [1, 1, 62], 'bbox': [[92.125, 112.375, 466.375, 365.625], [626.0, 193.25, 14.0, 73.25], [168.75, 177.25, 118.75, 155.0]], 'score': [0.76514, 0.25513, 0.25415]}
2025-06-13 10:54:38,568 [INFO] Speed: 283.3/2.0/285.3 ms inference/NMS/total per 640x640 image at batch-size 1;
2025-06-13 10:54:38,569 [INFO] Detect a image success.
2025-06-13 10:54:38,877 [INFO] Predict result is: {'category_id': [1], 'bbox': [[30.0, 103.25, 463.5, 376.0]], 'score': [0.48999]}
2025-06-13 10:54:38,877 [INFO] Speed: 286.9/2.0/289.0 ms inference/NMS/total per 640x640 image at batch-size 1;
2025-06-13 10:54:38,877 [INFO] Detect a image success.
2025-06-13 10:54:39,204 [INFO] Predict result is: {'category_id': [1, 62], 'bbox': [[88.25, 107.75, 403.5, 371.5], [169.125, 262.75, 101.125, 74.0]], 'score': [0.78223, 0.26807]}
2025-06-13 10:54:39,204 [INFO] Speed: 304.0/2.2/306.2 ms inference/NMS/total per 640x640 image at batch-size 1;
2025-06-13 10:54:39,205 [INFO] Detect a image success.
2025-06-13 10:54:39,517 [INFO] Predict result is: {'category_id': [1], 'bbox': [[78.625, 106.875, 420.875, 372.125]], 'score': [0.75732]}
2025-06-13 10:54:39,517 [INFO] Speed: 285.1/3.5/288.7 ms inference/NMS/total per 640x640 image at batch-size 1;
2025-06-13 10:54:39,517 [INFO] Detect a image success.
2025-06-13 10:54:39,814 [INFO] Predict result is: {'category_id': [1], 'bbox': [[87.125, 111.5, 416.875, 368.5]], 'score': [0.84619]}
2025-06-13 10:54:39,815 [INFO] Speed: 275.5/3.1/278.6 ms inference/NMS/total per 640x640 image at batch-size 1;
2025-06-13 10:54:39,815 [INFO] Detect a image success.
2025-06-13 10:54:40,111 [INFO] Predict result is: {'category_id': [1], 'bbox': [[88.5, 115.5, 419.0, 364.5]], 'score': [0.84033]}
2025-06-13 10:54:40,112 [INFO] Speed: 273.2/2.0/275.2 ms inference/NMS/total per 640x640 image at batch-size 1;
2025-06-13 10:54:40,112 [INFO] Detect a image success.
2025-06-13 10:54:40,413 [INFO] Predict result is: {'category_id': [1], 'bbox': [[93.875, 127.625, 411.125, 352.375]], 'score': [0.82471]}
2025-06-13 10:54:40,413 [INFO] Speed: 279.4/3.0/282.4 ms inference/NMS/total per 640x640 image at batch-size 1;
2025-06-13 10:54:40,413 [INFO] Detect a image success.
2025-06-13 10:54:40,810 [INFO] Predict result is: {'category_id': [1], 'bbox': [[100.875, 119.875, 410.125, 360.125]], 'score': [0.81934]}
2025-06-13 10:54:40,811 [INFO] Speed: 338.1/3.5/341.6 ms inference/NMS/total per 640x640 image at batch-size 1;
2025-06-13 10:54:40,811 [INFO] Detect a image success.
2025-06-13 10:54:41,269 [INFO] Predict result is: {'category_id': [1], 'bbox': [[105.625, 118.0, 408.875, 362.0]], 'score': [0.79053]}
2025-06-13 10:54:41,269 [INFO] Speed: 297.2/3.0/300.2 ms inference/NMS/total per 640x640 image at batch-size 1;
2025-06-13 10:54:41,270 [INFO] Detect a image success.
2025-06-13 10:54:41,587 [INFO] Predict result is: {'category_id': [1, 1], 'bbox': [[107.625, 118.0, 404.375, 362.0], [627.0, 193.0, 13.0, 73.0]], 'score': [0.79248, 0.28809]}
2025-06-13 10:54:41,588 [INFO] Speed: 293.2/2.0/295.3 ms inference/NMS/total per 640x640 image at batch-size 1;
2025-06-13 10:54:41,588 [INFO] Detect a image success.
2025-06-13 10:54:41,910 [INFO] Predict result is: {'category_id': [1], 'bbox': [[116.375, 116.75, 395.125, 362.5]], 'score': [0.78662]}
2025-06-13 10:54:41,910 [INFO] Speed: 298.2/3.1/301.3 ms inference/NMS/total per 640x640 image at batch-size 1;
2025-06-13 10:54:41,910 [INFO] Detect a image success.
2025-06-13 10:54:42,240 [INFO] Predict result is: {'category_id': [1], 'bbox': [[123.0, 113.75, 396.0, 364.0]], 'score': [0.73975]}
2025-06-13 10:54:42,241 [INFO] Speed: 307.0/2.5/309.5 ms inference/NMS/total per 640x640 image at batch-size 1;
2025-06-13 10:54:42,241 [INFO] Detect a image success.
2025-06-13 10:54:42,581 [INFO] Predict result is: {'category_id': [1], 'bbox': [[127.125, 110.25, 398.875, 365.5]], 'score': [0.79736]}
2025-06-13 10:54:42,581 [INFO] Speed: 314.6/2.0/316.6 ms inference/NMS/total per 640x640 image at batch-size 1;
2025-06-13 10:54:42,581 [INFO] Detect a image success.
2025-06-13 10:54:42,946 [INFO] Predict result is: {'category_id': [1, 62], 'bbox': [[127.375, 89.375, 398.125, 390.625], [156.75, 265.25, 125.75, 94.5]], 'score': [0.68945, 0.28271]}
2025-06-13 10:54:42,946 [INFO] Speed: 304.5/3.0/307.5 ms inference/NMS/total per 640x640 image at batch-size 1;
2025-06-13 10:54:42,947 [INFO] Detect a image success.
2025-06-13 10:54:43,403 [INFO] Predict result is: {'category_id': [1], 'bbox': [[128.5, 82.75, 394.5, 397.25]], 'score': [0.79688]}
2025-06-13 10:54:43,403 [INFO] Speed: 308.1/3.2/311.2 ms inference/NMS/total per 640x640 image at batch-size 1;
2025-06-13 10:54:43,403 [INFO] Detect a image success.
2025-06-13 10:54:43,723 [INFO] Predict result is: {'category_id': [1, 62], 'bbox': [[133.75, 78.875, 387.25, 401.125], [158.25, 173.875, 127.75, 193.125]], 'score': [0.81494, 0.26587]}
2025-06-13 10:54:43,724 [INFO] Speed: 295.4/3.0/298.5 ms inference/NMS/total per 640x640 image at batch-size 1;
2025-06-13 10:54:43,724 [INFO] Detect a image success.
2025-06-13 10:54:44,050 [INFO] Predict result is: {'category_id': [1, 62, 1], 'bbox': [[115.375, 87.75, 395.125, 392.25], [156.75, 173.25, 131.0, 180.5], [627.0, 194.125, 13.0, 72.375]], 'score': [0.69873, 0.3623, 0.2915]}
2025-06-13 10:54:44,051 [INFO] Speed: 302.7/3.0/305.7 ms inference/NMS/total per 640x640 image at batch-size 1;
2025-06-13 10:54:44,051 [INFO] Detect a image success.
2025-06-13 10:54:44,344 [INFO] Predict result is: {'category_id': [1, 62], 'bbox': [[113.625, 89.875, 484.875, 390.125], [154.875, 172.625, 138.625, 184.875]], 'score': [0.72754, 0.42334]}
2025-06-13 10:54:44,344 [INFO] Speed: 269.9/2.0/271.9 ms inference/NMS/total per 640x640 image at batch-size 1;
2025-06-13 10:54:44,344 [INFO] Detect a image success.
2025-06-13 10:54:44,670 [INFO] Predict result is: {'category_id': [1, 62], 'bbox': [[119.375, 87.875, 477.125, 392.125], [155.5, 171.625, 138.0, 196.875]], 'score': [0.80078, 0.44604]}
2025-06-13 10:54:44,671 [INFO] Speed: 293.7/2.0/295.7 ms inference/NMS/total per 640x640 image at batch-size 1;
2025-06-13 10:54:44,671 [INFO] Detect a image success.
2025-06-13 10:54:44,998 [INFO] Predict result is: {'category_id': [1, 62], 'bbox': [[131.0, 87.125, 450.0, 392.375], [155.375, 171.75, 134.625, 196.0]], 'score': [0.84277, 0.42505]}
2025-06-13 10:54:44,999 [INFO] Speed: 282.0/3.1/285.1 ms inference/NMS/total per 640x640 image at batch-size 1;
2025-06-13 10:54:44,999 [INFO] Detect a image success.
2025-06-13 10:54:45,307 [INFO] Predict result is: {'category_id': [1, 62], 'bbox': [[128.5, 86.375, 453.0, 393.625], [155.0, 174.0, 130.5, 187.5]], 'score': [0.83789, 0.44849]}
2025-06-13 10:54:45,308 [INFO] Speed: 285.6/2.0/287.7 ms inference/NMS/total per 640x640 image at batch-size 1;
2025-06-13 10:54:45,309 [INFO] Detect a image success.
2025-06-13 10:54:45,617 [INFO] Predict result is: {'category_id': [1, 62], 'bbox': [[132.0, 86.625, 450.0, 392.875], [154.875, 173.25, 128.125, 188.5]], 'score': [0.85107, 0.36572]}
2025-06-13 10:54:45,618 [INFO] Speed: 282.8/2.0/284.8 ms inference/NMS/total per 640x640 image at batch-size 1;
2025-06-13 10:54:45,618 [INFO] Detect a image success.
2025-06-13 10:54:45,957 [INFO] 
